==> Evaluate BEFORE training (zero epoch baseline)...
====================================================================================================
[Входной текст]: Категория: Электронный документооборот
Тема: Удаленный доступ к системе документооборота
Пользователь: Т.к. работаю удаленно и нет возможности приходить в корпуса Тусур Прошу предоставить возможность доступа к системе документооборота из внешней сети с домашнего компьютера
Оператор: 
[Промт]: Категория: Электронный документооборот
Тема: Удаленный доступ к системе документооборота
Пользователь: Т.к. работаю удаленно и нет возможности приходить в корпуса Тусур Прошу предоставить возможность доступа к системе документооборота из внешней сети с домашнего компьютера
Оператор: 
[Эталонный ответ]: Добрый день. Для доступа к сайту документооборота необходимо скачать и установить преднастроенный VPN клиент для своей ОС, по ссылке [URL] После установки, запустить, используя ярлык на раб столе. Затем, в трее, в правом нижнем углу - на значке программы нажать правой кнопкой мыши, выбрать "Подключиться". В появившемся окне - ввести учетные данные (логин и пароль) Логин: [LOGIN] Пароль: [PASSWORD] Скриншоты во вложении.
[Beam 1]: Прошу предоставить возможность доступа к системе документооборота из внешней сети с домашнего компьютера Оператор предоставить возможность доступа к системе документооборота Пользователь: Т.к. работаю удаленно и нет возможности приходить в корпуса
[Beam 2]: Прошу предоставить возможность доступа к системе документооборота из внешней сети с домашнего компьютера Оператор предоставить возможность доступа к системе документооборота из внешней сети с домашнего компьютера Оператор предоставить возможность доступа к
[Beam 3]: Прошу предоставить возможность доступа к системе документооборота из внешней сети с домашнего компьютера Оператор предоставить возможность доступа к системе документооборота Пользователь, Т.к. работаю удаленно и нет возможности приходить в корпуса
[Beam 4]: Прошу предоставить возможность доступа к системе документооборота из внешней сети с домашнего компьютера Оператор предоставить возможность доступа к системе документооборота Пользователь: Т.к. работаю удаленно и нет возможности приходить в корпус Ту
[Beam 5]: Прошу предоставить возможность доступа к системе документооборота из внешней сети с домашнего компьютера Оператор предоставить возможность доступа к системе документооборота Пользователь, Т.к. работаю удаленно и нет возможности приходить в корпус Ту
====================================================================================================
====================================================================================================
[Входной текст]: Категория: Веб-ресурсы ТУСУР
Тема: Генератор РП - Невозможность добавить эксперта обеспечивающей кафедры
Пользователь: Добрый день! При работе в генераторе РП и заполнении РП по аспирантуре по всем направлениям подготовки, отсутствует возможность добавления эксперта обеспечивающей кафедры, в частности, по дисциплине "История и философия науки"
Оператор: 
[Промт]: Категория: Веб-ресурсы ТУСУР
Тема: Генератор РП - Невозможность добавить эксперта обеспечивающей кафедры
Пользователь: Добрый день! При работе в генераторе РП и заполнении РП по аспирантуре по всем направлениям подготовки, отсутствует возможность добавления эксперта обеспечивающей кафедры, в частности, по дисциплине "История и философия науки"
Оператор: 
[Эталонный ответ]: Здравствуйте, Маргарита Юрьевна! Экспертов в справочник добавляет учебное управление. Надо обратиться к представителям УУ.
[Beam 1]: Веб-ресурсы ТУСУР Тема: Генератор РП - Невозможность добавить эксперта обеспечивающей кафедры, в частности, по дисциплине "История и философия науки" и заполнении РП по аспирантуре по всем направлениям подготовк
[Beam 2]: Веб-ресурсы ТУСУР Тема: Генератор РП - Невозможность добавить эксперта обеспечивающей кафедры, в частности, по дисциплине "История и философия науки" - Невозможность добавить эксперта обеспечивающей кафедры, в частности,
[Beam 3]: Веб-ресурсы ТУСУР Тема: Генератор РП - Невозможность добавить эксперта обеспечивающей кафедры, в частности, по дисциплине "История и философия науки" и заполнении РП по аспирантуре по дисциплине "История и
[Beam 4]: Веб-ресурсы ТУСУР Тема: Генератор РП - Невозможность добавить эксперта обеспечивающей кафедры, в частности, по дисциплине "История и философия науки" и заполнении РП по всем направлениям подготовки, отсутств
[Beam 5]: Веб-ресурсы ТУСУР Тема: Генератор РП - Невозможность добавить эксперта обеспечивающей кафедры, в частности, по дисциплине "История и философия науки" - Невозможность добавить эксперта обеспечивающей кафедры по аспирантуре по
====================================================================================================
====================================================================================================
[Входной текст]: Категория: Веб-ресурсы ТУСУР
Тема: журнал посещаемости
Пользователь: Добрый день! Разблокируйте, пожалуйста, журнал посещаемости для группы 114 (РТФ) за 19.02.25, так как посещения отмечены неверно.
Оператор: 
[Промт]: Категория: Веб-ресурсы ТУСУР
Тема: журнал посещаемости
Пользователь: Добрый день! Разблокируйте, пожалуйста, журнал посещаемости для группы 114 (РТФ) за 19.02.25, так как посещения отмечены неверно.
Оператор: 
[Эталонный ответ]: Добрый день! Для решения вашего вопроса обратитесь, пожалуйста, в учебное управление.
[Beam 1]: Веб-ресурсы ТУСУР Тема: журнал посещаемости Пользователь: Добрый день, разблокируйте, пожалуйста, журнал посещаемости для группы 114 (РТФ) за 19.02.25, так как посещения отмечены неверно, Оператор, пожалуйста
[Beam 2]: Веб-ресурсы ТУСУР Тема: журнал посещаемости Пользователь: Добрый день, разблокируйте, пожалуйста, журнал посещаемости для группы 114 (РТФ) за 19.02.25, так как посещения отмечены неверно, оператор,
[Beam 3]: Веб-ресурсы ТУСУР Тема: журнал посещаемости Пользователь, Добрый день, разблокируйте, пожалуйста, журнал посещаемости для группы 114 (РТФ) за 19.02.25, так как посещения отмечены неверно, оператор,
[Beam 4]: Веб-ресурсы ТУСУР Тема: журнал посещаемости Пользователь: Добрый день, разблокируйте, пожалуйста, журнал посещаемости для группы 114 (РТФ) за 19.02.25, так как посещения отмечены неверно, оператор и
[Beam 5]: Веб-ресурсы ТУСУР Тема: журнал посещаемости Пользователь: Добрый день, разблокируйте, пожалуйста, журнал посещаемости для группы 114 (РТФ) за 19.02.25, так как посещения отмечены неверно, Оператор и
====================================================================================================
====================================================================================================
[Входной текст]: Категория: Веб-ресурсы ТУСУР
Тема: Не приходит СМС с кодом подтверждения
Пользователь: Не приходит СМС код подтверждения номера телефона
Оператор: 
[Промт]: Категория: Веб-ресурсы ТУСУР
Тема: Не приходит СМС с кодом подтверждения
Пользователь: Не приходит СМС код подтверждения номера телефона
Оператор: 
[Эталонный ответ]: Здравствуйте! Подтверждение номера телефона не является обязательным.
[Beam 1]: Веб-ресурсы ТУСУР Тема: Не приходит СМС с кодом подтверждения Пользователь не приходит СМС код подтверждения номера телефона Оператор
[Beam 2]: Не приходит СМС с кодом подтверждения Пользователь не приходит СМС код подтверждения номера телефона Оператор
[Beam 3]: Веб-ресурсы ТУСУР Тема: Не приходит СМС с кодом подтверждения Пользователь, не приходит СМС код подтверждения номера телефона Оператор
[Beam 4]: Веб-ресурсы ТУСУР Тема: Не приходит СМС с кодом подтверждения Пользователь не приходит СМС код подтверждения номера телефона Оператор?
[Beam 5]: Веб-ресурсы ТУСУР Тема не приходит СМС с кодом подтверждения Пользователь не приходит СМС код подтверждения номера телефона Оператор
====================================================================================================
====================================================================================================
[Входной текст]: Категория: Веб-ресурсы ТУСУР
Тема: Доступ к журналу посещаемости этого семеста
Пользователь: Здравствуйте! Пропал журнал посещаемости по всем дисциплинам проводимым мной дисциплинам в этом семестре по адресу [URL]. Мне нужен доступ к посещаемости студентов по СИТ, так как это информация должна использоваться для расчёта итоговых баллов. Можно вернуть доступ, ведь семестр ещё не закончился?
Оператор: 
[Промт]: Категория: Веб-ресурсы ТУСУР
Тема: Доступ к журналу посещаемости этого семеста
Пользователь: Здравствуйте! Пропал журнал посещаемости по всем дисциплинам проводимым мной дисциплинам в этом семестре по адресу [URL]. Мне нужен доступ к посещаемости студентов по СИТ, так как это информация должна использоваться для расчёта итоговых баллов. Можно вернуть доступ, ведь семестр ещё не закончился?
Оператор: 
[Эталонный ответ]: Здравствуйте! Журнал посещаемости переключается на новый семестр 31 декабря. Статистика посещаемости по дисциплинам доступна либо в журнале посещаемости при заполнении ведомостей, либо в меню "Преподаватель"-> "Статистика посещаемости". На этой странице необходимо просто указать даты, а которые необходимо отобразить статистику, чтобы найти нужную вам дисциплину.
[Beam 1]: Веб-ресурсы ТУСУР Тема: Доступ к журналу посещаемости по всем дисциплинам проводимым мной дисциплинам, как это информация должна использоваться для расчёта итоговых баллов, ведь семестр ещё не закончился? Оператор
[Beam 2]: Веб-ресурсы ТУСУР Тема: Доступ к журналу посещаемости по всем дисциплинам проводимым мной дисциплинам, как это информация должна использоваться для расчёта итоговых баллов ведь семестр ещё не закончился? Оператор,
[Beam 3]: Веб-ресурсы ТУСУР Тема: Доступ к журналу посещаемости по всем дисциплинам проводимым мной дисциплинам, как это информация должна использоваться для расчёта итоговых баллов для расчёта итоговых баллов, ведь семестр
[Beam 4]: Веб-ресурсы ТУСУР Тема: Доступ к журналу посещаемости по всем дисциплинам проводимым мной дисциплинам, как это информация должна использоваться для расчёта итоговых баллов ведь семестр ещё не закончился? Оператор
[Beam 5]: Веб-ресурсы ТУСУР Тема: Доступ к журналу посещаемости по всем дисциплинам проводимым мной дисциплинам, как это информация должна использоваться для расчёта итоговых баллов ведь семестр ещё не закончился? Оператор:
====================================================================================================
