==> Evaluate BEFORE training (zero epoch baseline)...
====================================================================================================
[Входной текст]: Категория: Веб-ресурсы ТУСУР
Тема: Не приходит код подтверждения номера телефона
Пользователь: Создал учетку -> заполнил анкету и теперь не могу подтвердить номер телефона, потому что сообщение не приходит.
Оператор: 
[Промт]: Категория: Веб-ресурсы ТУСУР
Тема: Не приходит код подтверждения номера телефона
Пользователь: Создал учетку -> заполнил анкету и теперь не могу подтвердить номер телефона, потому что сообщение не приходит.
Оператор: 
[Эталонный ответ]: Здравствуйте! Подтверждение номера телефона не является обязательным.
[Beam 1]: <extra_id_0> и т.д.)
[Beam 2]: <extra_id_0> и т.д.
[Beam 3]: <extra_id_0> и т.д..
[Beam 4]: <extra_id_0>, и т.д.
[Beam 5]: <extra_id_0> и т.п.)
====================================================================================================
====================================================================================================
[Входной текст]: Категория: Веб-ресурсы ТУСУР
Тема: Ноутбук не может подключиться к wifi
Пользователь: Не могу подключиться wi fi tusur. Ни с телефона, ни с ноутбука не могу подключиться пишет что
Оператор: 
[Промт]: Категория: Веб-ресурсы ТУСУР
Тема: Ноутбук не может подключиться к wifi
Пользователь: Не могу подключиться wi fi tusur. Ни с телефона, ни с ноутбука не могу подключиться пишет что
Оператор: 
[Эталонный ответ]: Добрый день! Попробуйте сбросить пароль и подключится с новым. сбросить пароль: [PASSWORD] можете по ссылке [URL]
[Beam 1]: <extra_id_0>. Ноутбук не может подключиться
[Beam 2]: <extra_id_0> не может подключиться к wi fi
[Beam 3]: <extra_id_0> не может подключиться.
[Beam 4]: <extra_id_0> не может подключиться к wifi
[Beam 5]: <extra_id_0> не может подключиться wi fi
====================================================================================================
====================================================================================================
[Входной текст]: Категория: Заявка на размещение публикаций
Тема: Сайт магистранта
Пользователь: Здравствуйте, необходимо добавить документ по графику вступительных испытаний в раздел [URL]
Оператор: Добрый день! Он уже есть, нужно заменить?
Пользователь: Указан только досрочный период, нужно добавить файл с основным периодом
Оператор: 
[Промт]: Категория: Заявка на размещение публикаций
Тема: Сайт магистранта
Пользователь: Здравствуйте, необходимо добавить документ по графику вступительных испытаний в раздел [URL]
Оператор: 
[Эталонный ответ]: Добавила, чуть позже появится!
[Beam 1]: <extra_id_0>. Сайт магистранта
[Beam 2]: <extra_id_0> и т.д.
[Beam 3]: <extra_id_0> и т.п.
[Beam 4]: <extra_id_0>, а также.
[Beam 5]: <extra_id_0>, а также ...
====================================================================================================
====================================================================================================
[Входной текст]: Категория: Веб-ресурсы ТУСУР
Тема: Некорректное отображение комментариев экспертов
Пользователь: Доброе утро. У меня как у эксперта возник вопрос: почему в рабочей программе разработчика Менгардт Е.Р. не отображаются комментарии экспертов, а только ответы автора на них ? [URL]
Оператор: 
[Промт]: Категория: Веб-ресурсы ТУСУР
Тема: Некорректное отображение комментариев экспертов
Пользователь: Доброе утро. У меня как у эксперта возник вопрос: почему в рабочей программе разработчика Менгардт Е.Р. не отображаются комментарии экспертов, а только ответы автора на них ? [URL]
Оператор: 
[Эталонный ответ]: Здравствуйте! Комментарии не отображаются по причине того, что Елена Рудольфовна зачем-то открепляет дисциплину от рабочей программы при повторной отправке на согласование. Из-за этого сущность рабочей программы создается как новая. Поэтому комментарии не отображаются, так как они остались в старой сущности. Сообщите, пожалуйста, Елене Рудольфовне, что редактировать привязанные дисциплины не надо, а при отправке РП на согласование через генератор, заменять рабочую программу, когда система спрашивает о замене.
[Beam 1]: <extra_id_0>, а только ответы.
[Beam 2]: <extra_id_0> в рабочей программе.
[Beam 3]: <extra_id_0> в рабочей программе ?
[Beam 4]: <extra_id_0>, а только ответы
[Beam 5]: <extra_id_0>, а именно:
====================================================================================================
====================================================================================================
[Входной текст]: Категория: Электронный документооборот
Тема: Доступ к электронному документообороту
Пользователь: Доступ к электронному документообороту
Оператор: 
[Промт]: Категория: Электронный документооборот
Тема: Доступ к электронному документообороту
Пользователь: Доступ к электронному документообороту
Оператор: 
[Эталонный ответ]: Здравствуйте! Вам на корпоративную почту должно прийти письмо с инструкцией и данными для входа. Если этого по какой-то причине не произошло, дайте нам знать.
[Beam 1]: <extra_id_0> Тема: Электронный документооборот
[Beam 2]: <extra_id_0> Тема: Доступ к
[Beam 3]: <extra_id_0> Тема: Доступ к...
[Beam 4]: <extra_id_0> Тема: Доступ
[Beam 5]: <extra_id_0> Оператор:
====================================================================================================
✅ Accuracy @ step 0: 0.0000
📊 ROUGE-1: 0.0007, ROUGE-L: 0.0007, BLEU: 0.0011
🌟 METEOR: 0.0065, chrF: 0.0447, Fuzzy: 0.1600, Length ratio: 0.6687
🟢 Masked accuracy: 0.0329
🧠 BERTScore(F1) (all beams): 0.7846
🟡 Semantic similarity (MiniLM): 0.1709
Эпоха None завершена!
{'loss': 20.4899, 'grad_norm': 2786.144287109375, 'learning_rate': 3.998790605202484e-05, 'epoch': 1.0}
{'eval_loss': 6.38131046295166, 'eval_model_preparation_time': 0.0021, 'eval_runtime': 8.129, 'eval_samples_per_second': 64.707, 'eval_steps_per_second': 8.119, 'epoch': 1.0}
====================================================================================================
[Входной текст]: Категория: Веб-ресурсы ТУСУР
Тема: Не приходит код подтверждения номера телефона
Пользователь: Создал учетку -> заполнил анкету и теперь не могу подтвердить номер телефона, потому что сообщение не приходит.
Оператор: 
[Промт]: Категория: Веб-ресурсы ТУСУР
Тема: Не приходит код подтверждения номера телефона
Пользователь: Создал учетку -> заполнил анкету и теперь не могу подтвердить номер телефона, потому что сообщение не приходит.
Оператор: 
[Эталонный ответ]: Здравствуйте! Подтверждение номера телефона не является обязательным.
[Beam 1]: <extra_id_0>! ! ! ! !
[Beam 2]: <extra_id_0>! ! ! !!!!
[Beam 3]: <extra_id_0>! ! ! !!!
[Beam 4]: <extra_id_0>! ! ! !!
[Beam 5]: <extra_id_0>! ! ! !
====================================================================================================
====================================================================================================
[Входной текст]: Категория: Веб-ресурсы ТУСУР
Тема: Ноутбук не может подключиться к wifi
Пользователь: Не могу подключиться wi fi tusur. Ни с телефона, ни с ноутбука не могу подключиться пишет что
Оператор: 
[Промт]: Категория: Веб-ресурсы ТУСУР
Тема: Ноутбук не может подключиться к wifi
Пользователь: Не могу подключиться wi fi tusur. Ни с телефона, ни с ноутбука не могу подключиться пишет что
Оператор: 
[Эталонный ответ]: Добрый день! Попробуйте сбросить пароль и подключится с новым. сбросить пароль: [PASSWORD] можете по ссылке [URL]
[Beam 1]: <extra_id_0>. , , , ,
[Beam 2]: <extra_id_0>. . . . .
[Beam 3]: <extra_id_0>. , , , .
[Beam 4]: <extra_id_0>. , , ,,
[Beam 5]: <extra_id_0>. , , ,.
====================================================================================================
====================================================================================================
[Входной текст]: Категория: Заявка на размещение публикаций
Тема: Сайт магистранта
Пользователь: Здравствуйте, необходимо добавить документ по графику вступительных испытаний в раздел [URL]
Оператор: Добрый день! Он уже есть, нужно заменить?
Пользователь: Указан только досрочный период, нужно добавить файл с основным периодом
Оператор: 
[Промт]: Категория: Заявка на размещение публикаций
Тема: Сайт магистранта
Пользователь: Здравствуйте, необходимо добавить документ по графику вступительных испытаний в раздел [URL]
Оператор: 
[Эталонный ответ]: Добавила, чуть позже появится!
[Beam 1]: <extra_id_0>, а так как..
[Beam 2]: <extra_id_0>, а для..
[Beam 3]: <extra_id_0>, а для
[Beam 4]: <extra_id_0>, а для!
[Beam 5]: <extra_id_0>, а так как.
====================================================================================================
====================================================================================================
[Входной текст]: Категория: Веб-ресурсы ТУСУР
Тема: Некорректное отображение комментариев экспертов
Пользователь: Доброе утро. У меня как у эксперта возник вопрос: почему в рабочей программе разработчика Менгардт Е.Р. не отображаются комментарии экспертов, а только ответы автора на них ? [URL]
Оператор: 
[Промт]: Категория: Веб-ресурсы ТУСУР
Тема: Некорректное отображение комментариев экспертов
Пользователь: Доброе утро. У меня как у эксперта возник вопрос: почему в рабочей программе разработчика Менгардт Е.Р. не отображаются комментарии экспертов, а только ответы автора на них ? [URL]
Оператор: 
[Эталонный ответ]: Здравствуйте! Комментарии не отображаются по причине того, что Елена Рудольфовна зачем-то открепляет дисциплину от рабочей программы при повторной отправке на согласование. Из-за этого сущность рабочей программы создается как новая. Поэтому комментарии не отображаются, так как они остались в старой сущности. Сообщите, пожалуйста, Елене Рудольфовне, что редактировать привязанные дисциплины не надо, а при отправке РП на согласование через генератор, заменять рабочую программу, когда система спрашивает о замене.
[Beam 1]: <extra_id_0>, а только ответы!
[Beam 2]: <extra_id_0>, а только ответы!.
[Beam 3]: <extra_id_0>, а только ответы.
[Beam 4]: <extra_id_0>, а только ответы..
[Beam 5]: <extra_id_0>, а только ответы!!
====================================================================================================
====================================================================================================
[Входной текст]: Категория: Электронный документооборот
Тема: Доступ к электронному документообороту
Пользователь: Доступ к электронному документообороту
Оператор: 
[Промт]: Категория: Электронный документооборот
Тема: Доступ к электронному документообороту
Пользователь: Доступ к электронному документообороту
Оператор: 
[Эталонный ответ]: Здравствуйте! Вам на корпоративную почту должно прийти письмо с инструкцией и данными для входа. Если этого по какой-то причине не произошло, дайте нам знать.
[Beam 1]: <extra_id_0>!!!!!!!!!
[Beam 2]: <extra_id_0>!!!!!!!!
[Beam 3]: <extra_id_0>!!!!!!!!!!!! в с в в в в в в в в в в в в в в в в в в в в в в в в в в в в в в в в в в в в в в в в в в в в в в в в
[Beam 4]: <extra_id_0>!!!!!!!!!!!! в с в в в в в в в в в в в в в в в в в в в в в в в в в в в в в в в в в в в в в в в в в в в в в в в по
[Beam 5]: <extra_id_0>!!!!!!!!!!!! в с в в в в в в в в в в в в в в в в в в в в в в в в в в в в в в в в в в в в в в в в в в в в в в по в
====================================================================================================
