==> Evaluate BEFORE training (zero epoch baseline)...
====================================================================================================
[Входной текст]: Категория: Веб-ресурсы ТУСУР
Тема: не могу дать доступ преподавателю к сведениям по контрольным точкам
Пользователь: Здравствуйте. Фамилия нашего преподавателя записана в системе неправильно. ГайдучЕк вместо ГайдучИк. Когда удаляю неправильную фамилию и пытаюсь добавить правильную преподаватель не находится. Скриншоты во вложении
Оператор: 
[Промт]: Категория: Веб-ресурсы ТУСУР
Тема: не могу дать доступ преподавателю к сведениям по контрольным точкам
Пользователь: Здравствуйте. Фамилия нашего преподавателя записана в системе неправильно. ГайдучЕк вместо ГайдучИк. Когда удаляю неправильную фамилию и пытаюсь добавить правильную преподаватель не находится. Скриншоты во вложении
Оператор: 
[Эталонный ответ]: Добрый день! Исправили ошибку.
[Beam 1]: <extra_id_0> и т.д.)
[Beam 2]: <extra_id_0> Тема: не могу дать доступ
[Beam 3]: <extra_id_0> и т.п.)
[Beam 4]: <extra_id_0> и т.д.
[Beam 5]: <extra_id_0> и т.д..
====================================================================================================
====================================================================================================
[Входной текст]: Категория: Веб-ресурсы ТУСУР
Тема: Ошибка при попытке заполнения заявления.
Пользователь: При попытке отправить заявление на получение справки об оплате образовательных услуг( [URL] ) сайт показывает ошибку(приложенный скрин). Как с этим быть?
Оператор: 
[Промт]: Категория: Веб-ресурсы ТУСУР
Тема: Ошибка при попытке заполнения заявления.
Пользователь: При попытке отправить заявление на получение справки об оплате образовательных услуг( [URL] ) сайт показывает ошибку(приложенный скрин). Как с этим быть?
Оператор: 
[Эталонный ответ]: Добрый день! Данная ошибка возникает при некорректном заполнении данных заявителя, проверьте, пожалуйста, данные еще раз следуя инструкции [URL] Если ошибка повторяется предоставьте, пожалуйста, скриншот вводимых вами данных.
[Beam 1]: <extra_id_0> и т.д.)
[Beam 2]: <extra_id_0> и т.д.).
[Beam 3]: <extra_id_0> и т.п.)
[Beam 4]: <extra_id_0> и т.д.
[Beam 5]: <extra_id_0> и т.д..
====================================================================================================
====================================================================================================
[Входной текст]: Категория: Заявка на размещение публикаций
Тема: Динамический блок
Пользователь: Здравствуйте! Можно пожалуйста добавить в динамический блок новость: Заголовок: Приём заявок открыт Текст справа: ТУСУР выступит организатором межрегионального конкурса научно-технического творчества детей «PoP IT — 2024» Заявки принимаются от учащихся 1-11 классов до 20 ноября включительно. Ссылка: [URL] Изображение прикладываю
Оператор: 
[Промт]: Категория: Заявка на размещение публикаций
Тема: Динамический блок
Пользователь: Здравствуйте! Можно пожалуйста добавить в динамический блок новость: Заголовок: Приём заявок открыт Текст справа: ТУСУР выступит организатором межрегионального конкурса научно-технического творчества детей «PoP IT — 2024» Заявки принимаются от учащихся 1-11 классов до 20 ноября включительно. Ссылка: [URL] Изображение прикладываю
Оператор: 
[Эталонный ответ]: Здравствуйте, сделано!
[Beam 1]: <extra_id_0>, а именно:
[Beam 2]: <extra_id_0>, а потом и...
[Beam 3]: <extra_id_0>, а потом и ...
[Beam 4]: <extra_id_0>, а так же и...
[Beam 5]: <extra_id_0>, а также и
====================================================================================================
====================================================================================================
[Входной текст]: Категория: Заявка на размещение публикаций
Тема: Динамический блок
Пользователь: Здравствуйте, удалите, пожалуйста новости из динамического блока: - промаркетинг - стипендия ректора - день науки - всероссийский конкурс проектов - открыт набор в школу инженера скриншоты прикрепляю
Оператор: 
[Промт]: Категория: Заявка на размещение публикаций
Тема: Динамический блок
Пользователь: Здравствуйте, удалите, пожалуйста новости из динамического блока: - промаркетинг - стипендия ректора - день науки - всероссийский конкурс проектов - открыт набор в школу инженера скриншоты прикрепляю
Оператор: 
[Эталонный ответ]: Здравствуйте, сделано!
[Beam 1]: <extra_id_0> Тема: Динамический блок
[Beam 2]: <extra_id_0> Тема: Динамический блок Пользователь:
[Beam 3]: <extra_id_0> Тема: Заявка на размещение
[Beam 4]: <extra_id_0> Тема: Динамический блок Тема:
[Beam 5]: <extra_id_0> Тема: Заявка на публикации
====================================================================================================
====================================================================================================
[Входной текст]: Категория: Заявка на размещение публикаций
Тема: Баннер на главную и новость по клику на баннер - ПИШ
Пользователь: Заголовок: Марафон «вПИШись в науку!» Хакатоны, деловая игра и презентация научных проектов — все это ждет студентов в рамках марафона «вПИШись в науку» от передовой инженерной школы. Приглашаем студентов принять участие. Текст и ссылки для регистрации в текстовом файле Источник новости: Передовая инженерная школа "Электронное приборостроение и системы связи" им. А.В. Кобзева
Оператор: Здравствуйте! 1. В приложенном файле имеются комментарии, что не обходимо заголовки оформить ссылками, но самих ссылок на мероприятия нет. Актуальное ли это требование? Если да, то необходимы ссылки. 2. У последнего мероприятия нет ссылки на регистрацию. В таком виде публиковать нельзя. 3. Весь ли текст необходимо публиковать в виде новости и мероприятия вынести в анонс мероприятий ( [URL] ), а в новости ссылки в анонс? Если надо полный текст в виде новости, то в любом случае требуется готовый материал со всеми ссылками, иначе будет отсутствовать единообразие.
Пользователь: просят еще внести такую правку : "Презентация научных проектов передовой инженерной школы ТУСУРа" заменить одно слово, высылаю все предложение на замену: Участники встречи познакомятся с разработками, над которыми работают научные подразделения ПИШ ТУСУР, узнают, какие вакантные должности открыты на проекте, как студенты могут присоединиться к действующим командам и на какую оплату труда могут рассчитывать молодые специалисты.
Оператор: Добрый день! Новость готова [URL] Баннер на главной странице. Все мероприятия добавлены в календарь событий.
Пользователь: опечатка в событии [URL] Заренистрироваться
Оператор: Спасибо, исправил.
Пользователь: добавить последний абзац, то есть еще одно меропрятие Интенсив «Разрабатывай. Внедряй. Управляй» Дата: 10-11 июня 2023 г. Место проведения: Дом учёных (ул. Советская, 47) Интенсив для тех, кто хоть раз задумывался о том, чтобы запустить собственный стартап. Участники встречи узнают, какими компетенциями должен обладать настоящий лидер, можно ли их развить или лидером можно только родиться, как собрать и удержать команду, которая доведет идею до результата и сможет заработать большие деньги. В рамках интенсива состоится деловая игра «Построй компанию. Продай компанию». За один день ваша команда пройдет полный цикл развития инновационной индустрии. Нормы бизнеса в игре такие же, как и в жизни — поэтому ты получишь максимально витальный экономический опыт. К участию приглашаем студентов 4 курса технических специальностей. ВНИМАНИЕ! 30 лучших участников во второй день (11 июня) примут участие в индивидуальном разборе и проработке кейсов технологических стартапов, а «лучше из лучших» смогут быть зачислены без экзаменов и собеседований в магистратуру передовой инженерной школы ТУСУР! Зарегистрироваться [URL]
Оператор: 
[Промт]: Категория: Заявка на размещение публикаций
Тема: Баннер на главную и новость по клику на баннер - ПИШ
Пользователь: Заголовок: Марафон «вПИШись в науку!» Хакатоны, деловая игра и презентация научных проектов — все это ждет студентов в рамках марафона «вПИШись в науку» от передовой инженерной школы. Приглашаем студентов принять участие. Текст и ссылки для регистрации в текстовом файле Источник новости: Передовая инженерная школа "Электронное приборостроение и системы связи" им. А.В. Кобзева
Оператор: 
[Эталонный ответ]: Ссылку в новость добавил [URL]
[Beam 1]: <extra_id_0> - ПИШ Пользователь:
[Beam 2]: <extra_id_0> и клику на баннер -
[Beam 3]: <extra_id_0> - ПИШ Тема:
[Beam 4]: <extra_id_0> и клику на баннер.
[Beam 5]: <extra_id_0> и клику на баннер
====================================================================================================
✅ Accuracy @ step 0: 0.0000
📊 ROUGE-1: 0.0033, ROUGE-L: 0.0033, BLEU: 0.0017
🌟 METEOR: 0.0077, chrF: 0.0475, Fuzzy: 0.1599, Length ratio: 0.7252
🟢 Masked accuracy: 0.0325
🧠 BERTScore(F1) (all beams): 0.7852
🟡 Semantic similarity (MiniLM): 0.1719
Эпоха None завершена!
{'loss': 20.3825, 'grad_norm': 792.7385864257812, 'learning_rate': 3.998722921345728e-05, 'epoch': 1.0}
{'eval_loss': 6.395658016204834, 'eval_model_preparation_time': 0.002, 'eval_runtime': 8.6248, 'eval_samples_per_second': 64.465, 'eval_steps_per_second': 8.116, 'epoch': 1.0}
====================================================================================================
[Входной текст]: Категория: Веб-ресурсы ТУСУР
Тема: не могу дать доступ преподавателю к сведениям по контрольным точкам
Пользователь: Здравствуйте. Фамилия нашего преподавателя записана в системе неправильно. ГайдучЕк вместо ГайдучИк. Когда удаляю неправильную фамилию и пытаюсь добавить правильную преподаватель не находится. Скриншоты во вложении
Оператор: 
[Промт]: Категория: Веб-ресурсы ТУСУР
Тема: не могу дать доступ преподавателю к сведениям по контрольным точкам
Пользователь: Здравствуйте. Фамилия нашего преподавателя записана в системе неправильно. ГайдучЕк вместо ГайдучИк. Когда удаляю неправильную фамилию и пытаюсь добавить правильную преподаватель не находится. Скриншоты во вложении
Оператор: 
[Эталонный ответ]: Добрый день! Исправили ошибку.
[Beam 1]: <extra_id_0>, а ещё можно.
[Beam 2]: <extra_id_0>, а ещё и
[Beam 3]: <extra_id_0>, а ещё..
[Beam 4]: <extra_id_0>, а ещё.
[Beam 5]: <extra_id_0>, а ещё и.
====================================================================================================
====================================================================================================
[Входной текст]: Категория: Веб-ресурсы ТУСУР
Тема: Ошибка при попытке заполнения заявления.
Пользователь: При попытке отправить заявление на получение справки об оплате образовательных услуг( [URL] ) сайт показывает ошибку(приложенный скрин). Как с этим быть?
Оператор: 
[Промт]: Категория: Веб-ресурсы ТУСУР
Тема: Ошибка при попытке заполнения заявления.
Пользователь: При попытке отправить заявление на получение справки об оплате образовательных услуг( [URL] ) сайт показывает ошибку(приложенный скрин). Как с этим быть?
Оператор: 
[Эталонный ответ]: Добрый день! Данная ошибка возникает при некорректном заполнении данных заявителя, проверьте, пожалуйста, данные еще раз следуя инструкции [URL] Если ошибка повторяется предоставьте, пожалуйста, скриншот вводимых вами данных.
[Beam 1]: <extra_id_0>, а ещё и документы.
[Beam 2]: <extra_id_0>, а ещё и вы..
[Beam 3]: <extra_id_0>, а ещё и документы!
[Beam 4]: <extra_id_0>, а ещё и документ..
[Beam 5]: <extra_id_0>, а ещё и документ.
====================================================================================================
====================================================================================================
[Входной текст]: Категория: Заявка на размещение публикаций
Тема: Динамический блок
Пользователь: Здравствуйте! Можно пожалуйста добавить в динамический блок новость: Заголовок: Приём заявок открыт Текст справа: ТУСУР выступит организатором межрегионального конкурса научно-технического творчества детей «PoP IT — 2024» Заявки принимаются от учащихся 1-11 классов до 20 ноября включительно. Ссылка: [URL] Изображение прикладываю
Оператор: 
[Промт]: Категория: Заявка на размещение публикаций
Тема: Динамический блок
Пользователь: Здравствуйте! Можно пожалуйста добавить в динамический блок новость: Заголовок: Приём заявок открыт Текст справа: ТУСУР выступит организатором межрегионального конкурса научно-технического творчества детей «PoP IT — 2024» Заявки принимаются от учащихся 1-11 классов до 20 ноября включительно. Ссылка: [URL] Изображение прикладываю
Оператор: 
[Эталонный ответ]: Здравствуйте, сделано!
[Beam 1]: <extra_id_0>! Если можно, пожалуйста! !
[Beam 2]: <extra_id_0>, а ещё и
[Beam 3]: <extra_id_0>! Если можно, пожалуйста!
[Beam 4]: <extra_id_0>! Если можно, пожалуйста..!
[Beam 5]: <extra_id_0>! Если можно, пожалуйста.
====================================================================================================
====================================================================================================
[Входной текст]: Категория: Заявка на размещение публикаций
Тема: Динамический блок
Пользователь: Здравствуйте, удалите, пожалуйста новости из динамического блока: - промаркетинг - стипендия ректора - день науки - всероссийский конкурс проектов - открыт набор в школу инженера скриншоты прикрепляю
Оператор: 
[Промт]: Категория: Заявка на размещение публикаций
Тема: Динамический блок
Пользователь: Здравствуйте, удалите, пожалуйста новости из динамического блока: - промаркетинг - стипендия ректора - день науки - всероссийский конкурс проектов - открыт набор в школу инженера скриншоты прикрепляю
Оператор: 
[Эталонный ответ]: Здравствуйте, сделано!
[Beam 1]: <extra_id_0>, а можно и не удалить.
[Beam 2]: <extra_id_0>, а можно и не удалить!
[Beam 3]: <extra_id_0>, а можно и для..
[Beam 4]: <extra_id_0>, а можно и не удалить
[Beam 5]: <extra_id_0>, а можно и для
====================================================================================================
====================================================================================================
[Входной текст]: Категория: Заявка на размещение публикаций
Тема: Баннер на главную и новость по клику на баннер - ПИШ
Пользователь: Заголовок: Марафон «вПИШись в науку!» Хакатоны, деловая игра и презентация научных проектов — все это ждет студентов в рамках марафона «вПИШись в науку» от передовой инженерной школы. Приглашаем студентов принять участие. Текст и ссылки для регистрации в текстовом файле Источник новости: Передовая инженерная школа "Электронное приборостроение и системы связи" им. А.В. Кобзева
Оператор: Здравствуйте! 1. В приложенном файле имеются комментарии, что не обходимо заголовки оформить ссылками, но самих ссылок на мероприятия нет. Актуальное ли это требование? Если да, то необходимы ссылки. 2. У последнего мероприятия нет ссылки на регистрацию. В таком виде публиковать нельзя. 3. Весь ли текст необходимо публиковать в виде новости и мероприятия вынести в анонс мероприятий ( [URL] ), а в новости ссылки в анонс? Если надо полный текст в виде новости, то в любом случае требуется готовый материал со всеми ссылками, иначе будет отсутствовать единообразие.
Пользователь: просят еще внести такую правку : "Презентация научных проектов передовой инженерной школы ТУСУРа" заменить одно слово, высылаю все предложение на замену: Участники встречи познакомятся с разработками, над которыми работают научные подразделения ПИШ ТУСУР, узнают, какие вакантные должности открыты на проекте, как студенты могут присоединиться к действующим командам и на какую оплату труда могут рассчитывать молодые специалисты.
Оператор: Добрый день! Новость готова [URL] Баннер на главной странице. Все мероприятия добавлены в календарь событий.
Пользователь: опечатка в событии [URL] Заренистрироваться
Оператор: Спасибо, исправил.
Пользователь: добавить последний абзац, то есть еще одно меропрятие Интенсив «Разрабатывай. Внедряй. Управляй» Дата: 10-11 июня 2023 г. Место проведения: Дом учёных (ул. Советская, 47) Интенсив для тех, кто хоть раз задумывался о том, чтобы запустить собственный стартап. Участники встречи узнают, какими компетенциями должен обладать настоящий лидер, можно ли их развить или лидером можно только родиться, как собрать и удержать команду, которая доведет идею до результата и сможет заработать большие деньги. В рамках интенсива состоится деловая игра «Построй компанию. Продай компанию». За один день ваша команда пройдет полный цикл развития инновационной индустрии. Нормы бизнеса в игре такие же, как и в жизни — поэтому ты получишь максимально витальный экономический опыт. К участию приглашаем студентов 4 курса технических специальностей. ВНИМАНИЕ! 30 лучших участников во второй день (11 июня) примут участие в индивидуальном разборе и проработке кейсов технологических стартапов, а «лучше из лучших» смогут быть зачислены без экзаменов и собеседований в магистратуру передовой инженерной школы ТУСУР! Зарегистрироваться [URL]
Оператор: 
[Промт]: Категория: Заявка на размещение публикаций
Тема: Баннер на главную и новость по клику на баннер - ПИШ
Пользователь: Заголовок: Марафон «вПИШись в науку!» Хакатоны, деловая игра и презентация научных проектов — все это ждет студентов в рамках марафона «вПИШись в науку» от передовой инженерной школы. Приглашаем студентов принять участие. Текст и ссылки для регистрации в текстовом файле Источник новости: Передовая инженерная школа "Электронное приборостроение и системы связи" им. А.В. Кобзева
Оператор: 
[Эталонный ответ]: Ссылку в новость добавил [URL]
[Beam 1]: <extra_id_0>, а так ещё! !!!!!!!!!!!!!!!!!!!!!!!!!!!!!!!!!!!!!!!!!!!!!!!!!!!!!
[Beam 2]: <extra_id_0>, а так ещё! ! !!!!!!!!!!!!!!!!!!!!!!!!!!!!!!!!!!!!!!!!!!!!!!!!!!!
[Beam 3]: <extra_id_0>, а так ещё! !!!!!!!!!!!!!!!!!!!!!!!!!!!!!!!!!!!!!!!!!!!!!!!!!!! !
[Beam 4]: <extra_id_0>, а так ещё! !!!!!!!!!!!!!!!!!!!!!!!!!!!!!!!!!!!!!!!!!!!!!!!!!!!!
[Beam 5]: <extra_id_0>, а так ещё! !!!!!!!!!!!!!!!!!!!!!!!!!!!!!!!!!!!!!!!!!!!!!!!!!! !!
====================================================================================================
✅ Accuracy @ step 626: 0.0000
📊 ROUGE-1: 0.0011, ROUGE-L: 0.0011, BLEU: 0.0015
🌟 METEOR: 0.0095, chrF: 0.0326, Fuzzy: 0.1321, Length ratio: 0.8652
🟢 Masked accuracy: 0.1111
🧠 BERTScore(F1) (all beams): 0.7816
🟡 Semantic similarity (MiniLM): 0.1702
Эпоха 1.0 завершена!
{'loss': 5.0691, 'grad_norm': 381.40557861328125, 'learning_rate': 3.992194355924198e-05, 'epoch': 2.0}
{'eval_loss': 3.482055187225342, 'eval_model_preparation_time': 0.002, 'eval_runtime': 8.6152, 'eval_samples_per_second': 64.537, 'eval_steps_per_second': 8.125, 'epoch': 2.0}
====================================================================================================
[Входной текст]: Категория: Веб-ресурсы ТУСУР
Тема: не могу дать доступ преподавателю к сведениям по контрольным точкам
Пользователь: Здравствуйте. Фамилия нашего преподавателя записана в системе неправильно. ГайдучЕк вместо ГайдучИк. Когда удаляю неправильную фамилию и пытаюсь добавить правильную преподаватель не находится. Скриншоты во вложении
Оператор: 
[Промт]: Категория: Веб-ресурсы ТУСУР
Тема: не могу дать доступ преподавателю к сведениям по контрольным точкам
Пользователь: Здравствуйте. Фамилия нашего преподавателя записана в системе неправильно. ГайдучЕк вместо ГайдучИк. Когда удаляю неправильную фамилию и пытаюсь добавить правильную преподаватель не находится. Скриншоты во вложении
Оператор: 
[Эталонный ответ]: Добрый день! Исправили ошибку.
[Beam 1]: <extra_id_0>.. . . . . . . . . . . . . .. .. .. .. .. .. .. .. . . . . .
[Beam 2]: <extra_id_0>.. . . . . . . . . . . . . .. .. .. .. .. .. . . . . . . . .
[Beam 3]: <extra_id_0>.. . . . . . . . . . . . . .. .. .. .. .. .. .. . . . . . . .
[Beam 4]: <extra_id_0>.. . . . . . . . . . . . . .. .. .. .. .. .. .. . . . . . .
[Beam 5]: <extra_id_0>.. . . . . . . . . . . . . .. .. .. .. .. .. .. .. . . .. . .
====================================================================================================
====================================================================================================
[Входной текст]: Категория: Веб-ресурсы ТУСУР
Тема: Ошибка при попытке заполнения заявления.
Пользователь: При попытке отправить заявление на получение справки об оплате образовательных услуг( [URL] ) сайт показывает ошибку(приложенный скрин). Как с этим быть?
Оператор: 
[Промт]: Категория: Веб-ресурсы ТУСУР
Тема: Ошибка при попытке заполнения заявления.
Пользователь: При попытке отправить заявление на получение справки об оплате образовательных услуг( [URL] ) сайт показывает ошибку(приложенный скрин). Как с этим быть?
Оператор: 
[Эталонный ответ]: Добрый день! Данная ошибка возникает при некорректном заполнении данных заявителя, проверьте, пожалуйста, данные еще раз следуя инструкции [URL] Если ошибка повторяется предоставьте, пожалуйста, скриншот вводимых вами данных.
[Beam 1]: <extra_id_0>. . . . . . . . . . . . .        . . . . . . . . . . .
[Beam 2]: <extra_id_0>. . . . . . . . . . . . .        . . . . . . . . . .
[Beam 3]: <extra_id_0>. . . . . . . . . . . . .        . . . . . .
[Beam 4]: <extra_id_0>. . . . . . . . . . . . .        . . . .
[Beam 5]: <extra_id_0>. . . . . . . . . . . . .        . . .
====================================================================================================
====================================================================================================
[Входной текст]: Категория: Заявка на размещение публикаций
Тема: Динамический блок
Пользователь: Здравствуйте! Можно пожалуйста добавить в динамический блок новость: Заголовок: Приём заявок открыт Текст справа: ТУСУР выступит организатором межрегионального конкурса научно-технического творчества детей «PoP IT — 2024» Заявки принимаются от учащихся 1-11 классов до 20 ноября включительно. Ссылка: [URL] Изображение прикладываю
Оператор: 
[Промт]: Категория: Заявка на размещение публикаций
Тема: Динамический блок
Пользователь: Здравствуйте! Можно пожалуйста добавить в динамический блок новость: Заголовок: Приём заявок открыт Текст справа: ТУСУР выступит организатором межрегионального конкурса научно-технического творчества детей «PoP IT — 2024» Заявки принимаются от учащихся 1-11 классов до 20 ноября включительно. Ссылка: [URL] Изображение прикладываю
Оператор: 
[Эталонный ответ]: Здравствуйте, сделано!
[Beam 1]: <extra_id_0>
[Beam 2]: <extra_id_0>.
[Beam 3]: <extra_id_0>
[Beam 4]: 
[Beam 5]: <extra_id_0>,
====================================================================================================
====================================================================================================
[Входной текст]: Категория: Заявка на размещение публикаций
Тема: Динамический блок
Пользователь: Здравствуйте, удалите, пожалуйста новости из динамического блока: - промаркетинг - стипендия ректора - день науки - всероссийский конкурс проектов - открыт набор в школу инженера скриншоты прикрепляю
Оператор: 
[Промт]: Категория: Заявка на размещение публикаций
Тема: Динамический блок
Пользователь: Здравствуйте, удалите, пожалуйста новости из динамического блока: - промаркетинг - стипендия ректора - день науки - всероссийский конкурс проектов - открыт набор в школу инженера скриншоты прикрепляю
Оператор: 
[Эталонный ответ]: Здравствуйте, сделано!
[Beam 1]: <extra_id_0>.. . . . . . . . . . . . . . . . . . . . . ., . . . . . . . .
[Beam 2]: <extra_id_0>.. . . . . . . . . . . . . . . . . . . . ., . . . . . . . . .
[Beam 3]: <extra_id_0>.. . . . . . . . . . . . . . . . . . . . . ., . . . . . . .
[Beam 4]: <extra_id_0>.. . . . . . . . . . . . . . . . . . . . . ., . . . . .
[Beam 5]: <extra_id_0>.. . . . . . . . . . . . . . . . . . . . . ., . . . . . .
====================================================================================================
====================================================================================================
[Входной текст]: Категория: Заявка на размещение публикаций
Тема: Баннер на главную и новость по клику на баннер - ПИШ
Пользователь: Заголовок: Марафон «вПИШись в науку!» Хакатоны, деловая игра и презентация научных проектов — все это ждет студентов в рамках марафона «вПИШись в науку» от передовой инженерной школы. Приглашаем студентов принять участие. Текст и ссылки для регистрации в текстовом файле Источник новости: Передовая инженерная школа "Электронное приборостроение и системы связи" им. А.В. Кобзева
Оператор: Здравствуйте! 1. В приложенном файле имеются комментарии, что не обходимо заголовки оформить ссылками, но самих ссылок на мероприятия нет. Актуальное ли это требование? Если да, то необходимы ссылки. 2. У последнего мероприятия нет ссылки на регистрацию. В таком виде публиковать нельзя. 3. Весь ли текст необходимо публиковать в виде новости и мероприятия вынести в анонс мероприятий ( [URL] ), а в новости ссылки в анонс? Если надо полный текст в виде новости, то в любом случае требуется готовый материал со всеми ссылками, иначе будет отсутствовать единообразие.
Пользователь: просят еще внести такую правку : "Презентация научных проектов передовой инженерной школы ТУСУРа" заменить одно слово, высылаю все предложение на замену: Участники встречи познакомятся с разработками, над которыми работают научные подразделения ПИШ ТУСУР, узнают, какие вакантные должности открыты на проекте, как студенты могут присоединиться к действующим командам и на какую оплату труда могут рассчитывать молодые специалисты.
Оператор: Добрый день! Новость готова [URL] Баннер на главной странице. Все мероприятия добавлены в календарь событий.
Пользователь: опечатка в событии [URL] Заренистрироваться
Оператор: Спасибо, исправил.
Пользователь: добавить последний абзац, то есть еще одно меропрятие Интенсив «Разрабатывай. Внедряй. Управляй» Дата: 10-11 июня 2023 г. Место проведения: Дом учёных (ул. Советская, 47) Интенсив для тех, кто хоть раз задумывался о том, чтобы запустить собственный стартап. Участники встречи узнают, какими компетенциями должен обладать настоящий лидер, можно ли их развить или лидером можно только родиться, как собрать и удержать команду, которая доведет идею до результата и сможет заработать большие деньги. В рамках интенсива состоится деловая игра «Построй компанию. Продай компанию». За один день ваша команда пройдет полный цикл развития инновационной индустрии. Нормы бизнеса в игре такие же, как и в жизни — поэтому ты получишь максимально витальный экономический опыт. К участию приглашаем студентов 4 курса технических специальностей. ВНИМАНИЕ! 30 лучших участников во второй день (11 июня) примут участие в индивидуальном разборе и проработке кейсов технологических стартапов, а «лучше из лучших» смогут быть зачислены без экзаменов и собеседований в магистратуру передовой инженерной школы ТУСУР! Зарегистрироваться [URL]
Оператор: 
[Промт]: Категория: Заявка на размещение публикаций
Тема: Баннер на главную и новость по клику на баннер - ПИШ
Пользователь: Заголовок: Марафон «вПИШись в науку!» Хакатоны, деловая игра и презентация научных проектов — все это ждет студентов в рамках марафона «вПИШись в науку» от передовой инженерной школы. Приглашаем студентов принять участие. Текст и ссылки для регистрации в текстовом файле Источник новости: Передовая инженерная школа "Электронное приборостроение и системы связи" им. А.В. Кобзева
Оператор: 
[Эталонный ответ]: Ссылку в новость добавил [URL]
[Beam 1]: <extra_id_0>... . . . . . . . . . . . . . . . . . . . . . . . . . . . . .
[Beam 2]: <extra_id_0>... . . . . . . . . . . . . . . . . . . . . . . . . . . . . ..
[Beam 3]: <extra_id_0>.. . . . . . . . . . . . . . . . . . . . . . . . . . . . . . .
[Beam 4]: <extra_id_0>... . . . . . . . . . . . . . . . . . . . . . . . . . . . .. .
[Beam 5]: <extra_id_0>... . . . . . . . . . . . . . . . . . . . . . . . . . . .. . .
====================================================================================================
✅ Accuracy @ step 1252: 0.0000
📊 ROUGE-1: 0.0000, ROUGE-L: 0.0000, BLEU: 0.0000
🌟 METEOR: 0.0000, chrF: 0.0031, Fuzzy: 0.1232, Length ratio: 1.2438
🟢 Masked accuracy: 0.5014
🧠 BERTScore(F1) (all beams): 0.7305
🟡 Semantic similarity (MiniLM): 0.1806
Эпоха 2.0 завершена!
{'loss': 3.6922, 'grad_norm': 2494.42626953125, 'learning_rate': 3.980146718063329e-05, 'epoch': 3.0}
{'eval_loss': 3.2797608375549316, 'eval_model_preparation_time': 0.002, 'eval_runtime': 8.6407, 'eval_samples_per_second': 64.347, 'eval_steps_per_second': 8.101, 'epoch': 3.0}
====================================================================================================
[Входной текст]: Категория: Веб-ресурсы ТУСУР
Тема: не могу дать доступ преподавателю к сведениям по контрольным точкам
Пользователь: Здравствуйте. Фамилия нашего преподавателя записана в системе неправильно. ГайдучЕк вместо ГайдучИк. Когда удаляю неправильную фамилию и пытаюсь добавить правильную преподаватель не находится. Скриншоты во вложении
Оператор: 
[Промт]: Категория: Веб-ресурсы ТУСУР
Тема: не могу дать доступ преподавателю к сведениям по контрольным точкам
Пользователь: Здравствуйте. Фамилия нашего преподавателя записана в системе неправильно. ГайдучЕк вместо ГайдучИк. Когда удаляю неправильную фамилию и пытаюсь добавить правильную преподаватель не находится. Скриншоты во вложении
Оператор: 
[Эталонный ответ]: Добрый день! Исправили ошибку.
[Beam 1]: Здравствуйте .
[Beam 2]: Здравствуйте .                                !
[Beam 3]: Здравствуйте .                               !
[Beam 4]: Здравствуйте .                              !
[Beam 5]: Здравствуйте .                                                          .
====================================================================================================
====================================================================================================
[Входной текст]: Категория: Веб-ресурсы ТУСУР
Тема: Ошибка при попытке заполнения заявления.
Пользователь: При попытке отправить заявление на получение справки об оплате образовательных услуг( [URL] ) сайт показывает ошибку(приложенный скрин). Как с этим быть?
Оператор: 
[Промт]: Категория: Веб-ресурсы ТУСУР
Тема: Ошибка при попытке заполнения заявления.
Пользователь: При попытке отправить заявление на получение справки об оплате образовательных услуг( [URL] ) сайт показывает ошибку(приложенный скрин). Как с этим быть?
Оператор: 
[Эталонный ответ]: Добрый день! Данная ошибка возникает при некорректном заполнении данных заявителя, проверьте, пожалуйста, данные еще раз следуя инструкции [URL] Если ошибка повторяется предоставьте, пожалуйста, скриншот вводимых вами данных.
[Beam 1]: Здравствуйте
[Beam 2]: Здравствуйте
[Beam 3]: Здравствуйте
[Beam 4]: Здравствуйте
[Beam 5]: Здравствуйте
====================================================================================================
====================================================================================================
[Входной текст]: Категория: Заявка на размещение публикаций
Тема: Динамический блок
Пользователь: Здравствуйте! Можно пожалуйста добавить в динамический блок новость: Заголовок: Приём заявок открыт Текст справа: ТУСУР выступит организатором межрегионального конкурса научно-технического творчества детей «PoP IT — 2024» Заявки принимаются от учащихся 1-11 классов до 20 ноября включительно. Ссылка: [URL] Изображение прикладываю
Оператор: 
[Промт]: Категория: Заявка на размещение публикаций
Тема: Динамический блок
Пользователь: Здравствуйте! Можно пожалуйста добавить в динамический блок новость: Заголовок: Приём заявок открыт Текст справа: ТУСУР выступит организатором межрегионального конкурса научно-технического творчества детей «PoP IT — 2024» Заявки принимаются от учащихся 1-11 классов до 20 ноября включительно. Ссылка: [URL] Изображение прикладываю
Оператор: 
[Эталонный ответ]: Здравствуйте, сделано!
[Beam 1]: Здравствуйте
[Beam 2]: Здравствуйте
[Beam 3]: Здравствуйте                                                            .
[Beam 4]: Здравствуйте                                                           .
[Beam 5]: Здравствуйте                                                             .
====================================================================================================
====================================================================================================
[Входной текст]: Категория: Заявка на размещение публикаций
Тема: Динамический блок
Пользователь: Здравствуйте, удалите, пожалуйста новости из динамического блока: - промаркетинг - стипендия ректора - день науки - всероссийский конкурс проектов - открыт набор в школу инженера скриншоты прикрепляю
Оператор: 
[Промт]: Категория: Заявка на размещение публикаций
Тема: Динамический блок
Пользователь: Здравствуйте, удалите, пожалуйста новости из динамического блока: - промаркетинг - стипендия ректора - день науки - всероссийский конкурс проектов - открыт набор в школу инженера скриншоты прикрепляю
Оператор: 
[Эталонный ответ]: Здравствуйте, сделано!
[Beam 1]: Здравствуйте!
[Beam 2]: Здравствуйте!                                                            .
[Beam 3]: Здравствуйте!                                                           .
[Beam 4]: Здравствуйте!                                                            ,
[Beam 5]: Здравствуйте!                                                          .
====================================================================================================
====================================================================================================
[Входной текст]: Категория: Заявка на размещение публикаций
Тема: Баннер на главную и новость по клику на баннер - ПИШ
Пользователь: Заголовок: Марафон «вПИШись в науку!» Хакатоны, деловая игра и презентация научных проектов — все это ждет студентов в рамках марафона «вПИШись в науку» от передовой инженерной школы. Приглашаем студентов принять участие. Текст и ссылки для регистрации в текстовом файле Источник новости: Передовая инженерная школа "Электронное приборостроение и системы связи" им. А.В. Кобзева
Оператор: Здравствуйте! 1. В приложенном файле имеются комментарии, что не обходимо заголовки оформить ссылками, но самих ссылок на мероприятия нет. Актуальное ли это требование? Если да, то необходимы ссылки. 2. У последнего мероприятия нет ссылки на регистрацию. В таком виде публиковать нельзя. 3. Весь ли текст необходимо публиковать в виде новости и мероприятия вынести в анонс мероприятий ( [URL] ), а в новости ссылки в анонс? Если надо полный текст в виде новости, то в любом случае требуется готовый материал со всеми ссылками, иначе будет отсутствовать единообразие.
Пользователь: просят еще внести такую правку : "Презентация научных проектов передовой инженерной школы ТУСУРа" заменить одно слово, высылаю все предложение на замену: Участники встречи познакомятся с разработками, над которыми работают научные подразделения ПИШ ТУСУР, узнают, какие вакантные должности открыты на проекте, как студенты могут присоединиться к действующим командам и на какую оплату труда могут рассчитывать молодые специалисты.
Оператор: Добрый день! Новость готова [URL] Баннер на главной странице. Все мероприятия добавлены в календарь событий.
Пользователь: опечатка в событии [URL] Заренистрироваться
Оператор: Спасибо, исправил.
Пользователь: добавить последний абзац, то есть еще одно меропрятие Интенсив «Разрабатывай. Внедряй. Управляй» Дата: 10-11 июня 2023 г. Место проведения: Дом учёных (ул. Советская, 47) Интенсив для тех, кто хоть раз задумывался о том, чтобы запустить собственный стартап. Участники встречи узнают, какими компетенциями должен обладать настоящий лидер, можно ли их развить или лидером можно только родиться, как собрать и удержать команду, которая доведет идею до результата и сможет заработать большие деньги. В рамках интенсива состоится деловая игра «Построй компанию. Продай компанию». За один день ваша команда пройдет полный цикл развития инновационной индустрии. Нормы бизнеса в игре такие же, как и в жизни — поэтому ты получишь максимально витальный экономический опыт. К участию приглашаем студентов 4 курса технических специальностей. ВНИМАНИЕ! 30 лучших участников во второй день (11 июня) примут участие в индивидуальном разборе и проработке кейсов технологических стартапов, а «лучше из лучших» смогут быть зачислены без экзаменов и собеседований в магистратуру передовой инженерной школы ТУСУР! Зарегистрироваться [URL]
Оператор: 
[Промт]: Категория: Заявка на размещение публикаций
Тема: Баннер на главную и новость по клику на баннер - ПИШ
Пользователь: Заголовок: Марафон «вПИШись в науку!» Хакатоны, деловая игра и презентация научных проектов — все это ждет студентов в рамках марафона «вПИШись в науку» от передовой инженерной школы. Приглашаем студентов принять участие. Текст и ссылки для регистрации в текстовом файле Источник новости: Передовая инженерная школа "Электронное приборостроение и системы связи" им. А.В. Кобзева
Оператор: 
[Эталонный ответ]: Ссылку в новость добавил [URL]
[Beam 1]: Здравствуйте
[Beam 2]: Здравствуйте
[Beam 3]: Здравствуйте                                                           .
[Beam 4]: Здравствуйте                                                         .
[Beam 5]: Здравствуйте                                                        .
====================================================================================================
✅ Accuracy @ step 1878: 0.0000
📊 ROUGE-1: 0.0000, ROUGE-L: 0.0000, BLEU: 0.0007
🌟 METEOR: 0.0031, chrF: 0.1285, Fuzzy: 0.2511, Length ratio: 0.8793
🟢 Masked accuracy: 0.5121
🧠 BERTScore(F1) (all beams): 0.8011
🟡 Semantic similarity (MiniLM): 0.3839
Эпоха 3.0 завершена!
