==> Evaluate BEFORE training (zero epoch baseline)...
====================================================================================================
[Входной текст]: Категория: Электронный документооборот
Тема: Добавление пользователя в СЭД
Пользователь: Прошу добавить сотрудника в СЭД: Брыкалов Евгений Александрович [URL]
Оператор: У Евгения Александровича в телефонном справочнике не указан адрес электронной почты. В СЭД его добавил, но без почты он не будет получать уведомления и я не смогу выслать ему инструкции и данные для входа.
Пользователь: Почта должна быть корпоративная, верно?
Оператор: Нужна почта, которую сотрудник просматривает. Желательно корпоративную, но если он не пользуется то можно и другую.
Пользователь: [EMAIL]
Оператор: 
[Промт]: Категория: Электронный документооборот
Тема: Добавление пользователя в СЭД
Пользователь: Прошу добавить сотрудника в СЭД: Брыкалов Евгений Александрович [URL]
Оператор: 
[Эталонный ответ]: Добавили
[Beam 1]: <extra_id_0> [URL]
[Beam 2]: <extra_id_0> [UR] Пользователь:
[Beam 3]: <extra_id_0> [URl]
[Beam 4]: <extra_id_0> [UR]
[Beam 5]: <extra_id_0> [URL] Оператор
====================================================================================================
====================================================================================================
[Входной текст]: Категория: Веб-ресурсы ТУСУР
Тема: Доступ в личный кабинет как преподавателя
Пользователь: не вижу своего расписания и нет журналов посещения.
Оператор: 
[Промт]: Категория: Веб-ресурсы ТУСУР
Тема: Доступ в личный кабинет как преподавателя
Пользователь: не вижу своего расписания и нет журналов посещения.
Оператор: 
[Эталонный ответ]: Добрый день! По нашим данным в вашем расписании нет никаких занятий, следовательно у вас нет журналов посещаемости для заполнения и расписания.
[Beam 1]: <extra_id_0> и т.д.)
[Beam 2]: <extra_id_0> и т.д.
[Beam 3]: <extra_id_0> и т.д.).
[Beam 4]: <extra_id_0> и т.п.
[Beam 5]: <extra_id_0> и т.д..
====================================================================================================
====================================================================================================
[Входной текст]: Категория: Веб-ресурсы ТУСУР
Тема: Внесение данных в телефонный справочник
Пользователь: Здравствуйте! Для подтверждения роли сотрудника прошу внести в телефонный справочник мой e-mail: [EMAIL] Спасибо! С уважением, Савин Александр Александрович инженер лаборатории пикосекундной техники каф. РСС
Оператор: 
[Промт]: Категория: Веб-ресурсы ТУСУР
Тема: Внесение данных в телефонный справочник
Пользователь: Здравствуйте! Для подтверждения роли сотрудника прошу внести в телефонный справочник мой e-mail: [EMAIL] Спасибо! С уважением, Савин Александр Александрович инженер лаборатории пикосекундной техники каф. РСС
Оператор: 
[Эталонный ответ]: Здравствуйте! Для внесения почты в телефонный справочник обратитесь, пожалуйста, к менеджеру вышестоящему структурному подразделению [URL]
[Beam 1]: <extra_id_0>, и т.д.)
[Beam 2]: <extra_id_0>, и т.п.)
[Beam 3]: <extra_id_0>, и т.п.).
[Beam 4]: <extra_id_0>, и т.д.).
[Beam 5]: <extra_id_0>, и т.д.
====================================================================================================
====================================================================================================
[Входной текст]: Категория: Заявка на размещение публикаций
Тема: Документы
Пользователь: Необходимо новый файл поместить в раздел документов и на сайте абитуриента и на магистранта
Оператор: 
[Промт]: Категория: Заявка на размещение публикаций
Тема: Документы
Пользователь: Необходимо новый файл поместить в раздел документов и на сайте абитуриента и на магистранта
Оператор: 
[Эталонный ответ]: Правила приема разместил на абитуриентах, магистратуре и в разделе СООО
[Beam 1]: <extra_id_0> в разделе Документы
[Beam 2]: <extra_id_0>, а потом...
[Beam 3]: <extra_id_0> и на сайте
[Beam 4]: <extra_id_0>, а также
[Beam 5]: <extra_id_0>, а потом ...
====================================================================================================
====================================================================================================
[Входной текст]: Категория: Веб-ресурсы ТУСУР
Тема: Дополнить данные по учебному пособию
Пользователь: По учебному пособию ИНФРАСТРУКТУРА НОВОВВЕДЕНИЙ нужно добавить данные Было издано в печатном варианте Инфраструктура нововведений: учеб. пособие / Н.В. Шимко, Л.Б. Ботаева. – Томск: Изд-во Томск. гос. ун-та систем управле- ния и радиоэлектроники, 2022. – 156 с. ISBN 978-5-86889-982-9 [URL]
Оператор: 
[Промт]: Категория: Веб-ресурсы ТУСУР
Тема: Дополнить данные по учебному пособию
Пользователь: По учебному пособию ИНФРАСТРУКТУРА НОВОВВЕДЕНИЙ нужно добавить данные Было издано в печатном варианте Инфраструктура нововведений: учеб. пособие / Н.В. Шимко, Л.Б. Ботаева. – Томск: Изд-во Томск. гос. ун-та систем управле- ния и радиоэлектроники, 2022. – 156 с. ISBN 978-5-86889-982-9 [URL]
Оператор: 
[Эталонный ответ]: Здравствуйте! Куда именно необходимо добавить данную информацию?
[Beam 1]: <extra_id_0> Тема: Инфраструктура нововведений
[Beam 2]: <extra_id_0> Тема: Дополнить данные Пользователь:
[Beam 3]: <extra_id_0> Тема: Веб-ресурсы ТУСУР
[Beam 4]: <extra_id_0> Тема: Веб-ресурсы
[Beam 5]: <extra_id_0> Тема: Дополнить данные
====================================================================================================
✅ Accuracy @ step 0: 0.0000
📊 ROUGE-1: 0.0041, ROUGE-L: 0.0041, BLEU: 0.0014
🌟 METEOR: 0.0093, chrF: 0.0433, Fuzzy: 0.1603, Length ratio: 0.4376
🟢 Masked accuracy: 0.0388
🧠 BERTScore(F1) (all beams): 0.7859
Эпоха None завершена!
{'loss': 26.7059, 'grad_norm': 806.3364868164062, 'learning_rate': 3.999921742389994e-05, 'epoch': 1.0}
{'eval_loss': 17.782434463500977, 'eval_model_preparation_time': 0.0022, 'eval_runtime': 3.8296, 'eval_samples_per_second': 64.758, 'eval_steps_per_second': 8.095, 'epoch': 1.0}
====================================================================================================
[Входной текст]: Категория: Электронный документооборот
Тема: Добавление пользователя в СЭД
Пользователь: Прошу добавить сотрудника в СЭД: Брыкалов Евгений Александрович [URL]
Оператор: У Евгения Александровича в телефонном справочнике не указан адрес электронной почты. В СЭД его добавил, но без почты он не будет получать уведомления и я не смогу выслать ему инструкции и данные для входа.
Пользователь: Почта должна быть корпоративная, верно?
Оператор: Нужна почта, которую сотрудник просматривает. Желательно корпоративную, но если он не пользуется то можно и другую.
Пользователь: [EMAIL]
Оператор: 
[Промт]: Категория: Электронный документооборот
Тема: Добавление пользователя в СЭД
Пользователь: Прошу добавить сотрудника в СЭД: Брыкалов Евгений Александрович [URL]
Оператор: 
[Эталонный ответ]: Добавили
[Beam 1]: <extra_id_0> [URL]
[Beam 2]: <extra_id_0> [U] Пользователь:
[Beam 3]: <extra_id_0> [UR]
[Beam 4]: <extra_id_0> [U] [U]
[Beam 5]: <extra_id_0> [U]
====================================================================================================
====================================================================================================
[Входной текст]: Категория: Веб-ресурсы ТУСУР
Тема: Доступ в личный кабинет как преподавателя
Пользователь: не вижу своего расписания и нет журналов посещения.
Оператор: 
[Промт]: Категория: Веб-ресурсы ТУСУР
Тема: Доступ в личный кабинет как преподавателя
Пользователь: не вижу своего расписания и нет журналов посещения.
Оператор: 
[Эталонный ответ]: Добрый день! По нашим данным в вашем расписании нет никаких занятий, следовательно у вас нет журналов посещаемости для заполнения и расписания.
[Beam 1]: <extra_id_0> и нет журналов.
[Beam 2]: <extra_id_0>, не вижу.
[Beam 3]: <extra_id_0>, не вижу журналов.
[Beam 4]: <extra_id_0> и нет журналов..
[Beam 5]: <extra_id_0>, не вижу..
====================================================================================================
====================================================================================================
[Входной текст]: Категория: Веб-ресурсы ТУСУР
Тема: Внесение данных в телефонный справочник
Пользователь: Здравствуйте! Для подтверждения роли сотрудника прошу внести в телефонный справочник мой e-mail: [EMAIL] Спасибо! С уважением, Савин Александр Александрович инженер лаборатории пикосекундной техники каф. РСС
Оператор: 
[Промт]: Категория: Веб-ресурсы ТУСУР
Тема: Внесение данных в телефонный справочник
Пользователь: Здравствуйте! Для подтверждения роли сотрудника прошу внести в телефонный справочник мой e-mail: [EMAIL] Спасибо! С уважением, Савин Александр Александрович инженер лаборатории пикосекундной техники каф. РСС
Оператор: 
[Эталонный ответ]: Здравствуйте! Для внесения почты в телефонный справочник обратитесь, пожалуйста, к менеджеру вышестоящему структурному подразделению [URL]
[Beam 1]: <extra_id_0>. Категория: Веб-ресурсы
[Beam 2]: <extra_id_0>. Категория: Веб-ресурсы.
[Beam 3]: <extra_id_0>. Категория: Веб ресурсы
[Beam 4]: <extra_id_0> и т.п.)
[Beam 5]: <extra_id_0>. Категория: Веб-ресурсы С
====================================================================================================
====================================================================================================
[Входной текст]: Категория: Заявка на размещение публикаций
Тема: Документы
Пользователь: Необходимо новый файл поместить в раздел документов и на сайте абитуриента и на магистранта
Оператор: 
[Промт]: Категория: Заявка на размещение публикаций
Тема: Документы
Пользователь: Необходимо новый файл поместить в раздел документов и на сайте абитуриента и на магистранта
Оператор: 
[Эталонный ответ]: Правила приема разместил на абитуриентах, магистратуре и в разделе СООО
[Beam 1]: <extra_id_0> в разделе Документы
[Beam 2]: <extra_id_0> в раздел документы.
[Beam 3]: <extra_id_0> в раздел документы
[Beam 4]: <extra_id_0> в раздел документов.
[Beam 5]: <extra_id_0> в разделе документы
====================================================================================================
====================================================================================================
[Входной текст]: Категория: Веб-ресурсы ТУСУР
Тема: Дополнить данные по учебному пособию
Пользователь: По учебному пособию ИНФРАСТРУКТУРА НОВОВВЕДЕНИЙ нужно добавить данные Было издано в печатном варианте Инфраструктура нововведений: учеб. пособие / Н.В. Шимко, Л.Б. Ботаева. – Томск: Изд-во Томск. гос. ун-та систем управле- ния и радиоэлектроники, 2022. – 156 с. ISBN 978-5-86889-982-9 [URL]
Оператор: 
[Промт]: Категория: Веб-ресурсы ТУСУР
Тема: Дополнить данные по учебному пособию
Пользователь: По учебному пособию ИНФРАСТРУКТУРА НОВОВВЕДЕНИЙ нужно добавить данные Было издано в печатном варианте Инфраструктура нововведений: учеб. пособие / Н.В. Шимко, Л.Б. Ботаева. – Томск: Изд-во Томск. гос. ун-та систем управле- ния и радиоэлектроники, 2022. – 156 с. ISBN 978-5-86889-982-9 [URL]
Оператор: 
[Эталонный ответ]: Здравствуйте! Куда именно необходимо добавить данную информацию?
[Beam 1]: <extra_id_0> Тема: Веб-ресурсы ТУСУР
[Beam 2]: <extra_id_0> Тема: Дополнить данные Пользователь:
[Beam 3]: <extra_id_0> Тема: Веб-ресурсы
[Beam 4]: <extra_id_0> Тема: Дополнить данные
[Beam 5]: <extra_id_0> Пользователь: Пользователь:
====================================================================================================
✅ Accuracy @ step 279: 0.0000
📊 ROUGE-1: 0.0039, ROUGE-L: 0.0039, BLEU: 0.0031
🌟 METEOR: 0.0153, chrF: 0.0610, Fuzzy: 0.1870, Length ratio: 0.4794
🟢 Masked accuracy: 0.0420
🧠 BERTScore(F1) (all beams): 0.7970
Эпоха 1.0 завершена!
{'loss': 14.1381, 'grad_norm': 1378.8602294921875, 'learning_rate': 3.99836085524663e-05, 'epoch': 2.0}
{'eval_loss': 7.603298664093018, 'eval_model_preparation_time': 0.0022, 'eval_runtime': 3.8445, 'eval_samples_per_second': 64.508, 'eval_steps_per_second': 8.063, 'epoch': 2.0}
====================================================================================================
[Входной текст]: Категория: Электронный документооборот
Тема: Добавление пользователя в СЭД
Пользователь: Прошу добавить сотрудника в СЭД: Брыкалов Евгений Александрович [URL]
Оператор: У Евгения Александровича в телефонном справочнике не указан адрес электронной почты. В СЭД его добавил, но без почты он не будет получать уведомления и я не смогу выслать ему инструкции и данные для входа.
Пользователь: Почта должна быть корпоративная, верно?
Оператор: Нужна почта, которую сотрудник просматривает. Желательно корпоративную, но если он не пользуется то можно и другую.
Пользователь: [EMAIL]
Оператор: 
[Промт]: Категория: Электронный документооборот
Тема: Добавление пользователя в СЭД
Пользователь: Прошу добавить сотрудника в СЭД: Брыкалов Евгений Александрович [URL]
Оператор: 
[Эталонный ответ]: Добавили
[Beam 1]: <extra_id_0>!!!!!!!!!!!!!!!!!!!!!!!!!!!!!!!!!!!!!!!!!!!!!!!!!!!!!!!!!!!!!!
[Beam 2]: <extra_id_0>!.!!!!!!!!!!!!!!!!!!!!!!!!!!!!!!!!!!!!!!!!!!!!!!!!!!!!!!!!!!!!
[Beam 3]: <extra_id_0>!!!!!!!!!!!!!!!!!!!!!!!!!!!!!!!!!!!!!!!!!!!!!!!!!!!!!!!!!!!! !
[Beam 4]: <extra_id_0>!!!!!!!!!!!!!!!!!!!!!!!!!!!!!!!!!!!!!!!!!!!!!!!!!!!!!!!!!!!!!
[Beam 5]: <extra_id_0>!!!!!!!!!!!!!!!!!!!!!!!!!!!!!!!!!!!!!!!!!!!!!!!!!!!!!!!!!!!!!?
====================================================================================================
====================================================================================================
[Входной текст]: Категория: Веб-ресурсы ТУСУР
Тема: Доступ в личный кабинет как преподавателя
Пользователь: не вижу своего расписания и нет журналов посещения.
Оператор: 
[Промт]: Категория: Веб-ресурсы ТУСУР
Тема: Доступ в личный кабинет как преподавателя
Пользователь: не вижу своего расписания и нет журналов посещения.
Оператор: 
[Эталонный ответ]: Добрый день! По нашим данным в вашем расписании нет никаких занятий, следовательно у вас нет журналов посещаемости для заполнения и расписания.
[Beam 1]: <extra_id_0>!!!!!!!!!
[Beam 2]: <extra_id_0>!!!!!!!!
[Beam 3]: <extra_id_0>!!!!!!!
[Beam 4]: <extra_id_0>!!!!!!
[Beam 5]: <extra_id_0>!!!!!
====================================================================================================
====================================================================================================
[Входной текст]: Категория: Веб-ресурсы ТУСУР
Тема: Внесение данных в телефонный справочник
Пользователь: Здравствуйте! Для подтверждения роли сотрудника прошу внести в телефонный справочник мой e-mail: [EMAIL] Спасибо! С уважением, Савин Александр Александрович инженер лаборатории пикосекундной техники каф. РСС
Оператор: 
[Промт]: Категория: Веб-ресурсы ТУСУР
Тема: Внесение данных в телефонный справочник
Пользователь: Здравствуйте! Для подтверждения роли сотрудника прошу внести в телефонный справочник мой e-mail: [EMAIL] Спасибо! С уважением, Савин Александр Александрович инженер лаборатории пикосекундной техники каф. РСС
Оператор: 
[Эталонный ответ]: Здравствуйте! Для внесения почты в телефонный справочник обратитесь, пожалуйста, к менеджеру вышестоящему структурному подразделению [URL]
[Beam 1]: <extra_id_0>!!!!!!!!!!!!!!!!!!!!!!!!!!!!!!!!!!!!!!!!!!!!!!!!!!!!!!!!!!!!!!
[Beam 2]: <extra_id_0>!!!!!!!!!!!!!!!!!!!!!!!!!!!!!!!!!!!!!!!!!!!!!!!!!!!!!!!!!!!!! в
[Beam 3]: <extra_id_0>.!!!!!!!!!!!!!!!!!!!!!!!!!!!!!!!!!!!!!!!!!!!!!!!!!!!!!!!!!!!!!
[Beam 4]: <extra_id_0>!!!!!!!!!!!!!!!!!!!!!!!!!!!!!!!!!!!!!!!!!!!!!!!!!!!!!!!!!!!!! вы
[Beam 5]: <extra_id_0>!!!!!!!!!!!!!!!!!!!!!!!!!!!!!!!!!!!!!!!!!!!!!!!!!!!!!!!!!!!!! с
====================================================================================================
====================================================================================================
[Входной текст]: Категория: Заявка на размещение публикаций
Тема: Документы
Пользователь: Необходимо новый файл поместить в раздел документов и на сайте абитуриента и на магистранта
Оператор: 
[Промт]: Категория: Заявка на размещение публикаций
Тема: Документы
Пользователь: Необходимо новый файл поместить в раздел документов и на сайте абитуриента и на магистранта
Оператор: 
[Эталонный ответ]: Правила приема разместил на абитуриентах, магистратуре и в разделе СООО
[Beam 1]: <extra_id_0> в документы.
[Beam 2]: <extra_id_0> в документы
[Beam 3]: <extra_id_0> в документы!
[Beam 4]: <extra_id_0> в документы!.
[Beam 5]: <extra_id_0> в документы..
====================================================================================================
====================================================================================================
[Входной текст]: Категория: Веб-ресурсы ТУСУР
Тема: Дополнить данные по учебному пособию
Пользователь: По учебному пособию ИНФРАСТРУКТУРА НОВОВВЕДЕНИЙ нужно добавить данные Было издано в печатном варианте Инфраструктура нововведений: учеб. пособие / Н.В. Шимко, Л.Б. Ботаева. – Томск: Изд-во Томск. гос. ун-та систем управле- ния и радиоэлектроники, 2022. – 156 с. ISBN 978-5-86889-982-9 [URL]
Оператор: 
[Промт]: Категория: Веб-ресурсы ТУСУР
Тема: Дополнить данные по учебному пособию
Пользователь: По учебному пособию ИНФРАСТРУКТУРА НОВОВВЕДЕНИЙ нужно добавить данные Было издано в печатном варианте Инфраструктура нововведений: учеб. пособие / Н.В. Шимко, Л.Б. Ботаева. – Томск: Изд-во Томск. гос. ун-та систем управле- ния и радиоэлектроники, 2022. – 156 с. ISBN 978-5-86889-982-9 [URL]
Оператор: 
[Эталонный ответ]: Здравствуйте! Куда именно необходимо добавить данную информацию?
[Beam 1]: <extra_id_0>!!!!!!!!!!!!!!!!!!!!!!!!!!!!!!!!!!!!!!!!!!!!!!!!!!!!!!!!!!!!!!
[Beam 2]: <extra_id_0>!!!!!!!!!!!!!!!!!!!!!!!!!!!!!!!!!!!!!!!!!!!!!!!!!!!!!!!!!!!!!?
[Beam 3]: <extra_id_0>!!!!!!!!!!!!!!!!!!!!!!!!!!!!!!!!!!!!!!!!!!!!!!!!!!!!!!!!!!!!?!
[Beam 4]: <extra_id_0>!!!!!!!!!!!!!!!!!!!!!!!!!!!!!!!!!!!!!!!!!!!!!!!!!!!!!!!!!!!?!!
[Beam 5]: <extra_id_0>!!!!!!!!!!!!!!!!!!!!!!!!!!!!!!!!!!!!!!!!!!!!!!!!!!!!!!!!!!?!!!
====================================================================================================
✅ Accuracy @ step 558: 0.0000
📊 ROUGE-1: 0.0007, ROUGE-L: 0.0007, BLEU: 0.0009
🌟 METEOR: 0.0054, chrF: 0.0212, Fuzzy: 0.0791, Length ratio: 0.7678
🟢 Masked accuracy: 0.0553
🧠 BERTScore(F1) (all beams): 0.7625
Эпоха 2.0 завершена!
{'loss': 7.1587, 'grad_norm': 857.5360717773438, 'learning_rate': 3.9947992482093406e-05, 'epoch': 3.0}
{'eval_loss': 4.275705814361572, 'eval_model_preparation_time': 0.0022, 'eval_runtime': 3.8405, 'eval_samples_per_second': 64.575, 'eval_steps_per_second': 8.072, 'epoch': 3.0}
====================================================================================================
[Входной текст]: Категория: Электронный документооборот
Тема: Добавление пользователя в СЭД
Пользователь: Прошу добавить сотрудника в СЭД: Брыкалов Евгений Александрович [URL]
Оператор: У Евгения Александровича в телефонном справочнике не указан адрес электронной почты. В СЭД его добавил, но без почты он не будет получать уведомления и я не смогу выслать ему инструкции и данные для входа.
Пользователь: Почта должна быть корпоративная, верно?
Оператор: Нужна почта, которую сотрудник просматривает. Желательно корпоративную, но если он не пользуется то можно и другую.
Пользователь: [EMAIL]
Оператор: 
[Промт]: Категория: Электронный документооборот
Тема: Добавление пользователя в СЭД
Пользователь: Прошу добавить сотрудника в СЭД: Брыкалов Евгений Александрович [URL]
Оператор: 
[Эталонный ответ]: Добавили
[Beam 1]: <extra_id_0>
[Beam 2]: <extra_id_0>!!!!!!!!!!!!!!!!!!!!!!!!!!!!!!!!!!!!!!!!!!!!!!!!!!!!!!!!!!!!!!
[Beam 3]: <extra_id_0>!!!!!!!!!!!!!!!!!!!!!!!!!!!!!!!!!!!!!!!!!!!!!!!!!!!!!!!!!!!! !
[Beam 4]: <extra_id_0>!.!!!!!!!!!!!!!!!!!!!!!!!!!!!!!!!!!!!!!!!!!!!!!!!!!!!!!!!!!!!!
[Beam 5]: <extra_id_0>!!!!!!!!!!!!!!!!!!!!!!!!!!!!!!!!!!!!!!!!!!!!!!!!!!!!!!!!!!!!!
====================================================================================================
====================================================================================================
[Входной текст]: Категория: Веб-ресурсы ТУСУР
Тема: Доступ в личный кабинет как преподавателя
Пользователь: не вижу своего расписания и нет журналов посещения.
Оператор: 
[Промт]: Категория: Веб-ресурсы ТУСУР
Тема: Доступ в личный кабинет как преподавателя
Пользователь: не вижу своего расписания и нет журналов посещения.
Оператор: 
[Эталонный ответ]: Добрый день! По нашим данным в вашем расписании нет никаких занятий, следовательно у вас нет журналов посещаемости для заполнения и расписания.
[Beam 1]: <extra_id_0>
[Beam 2]: <extra_id_0>.
[Beam 3]: <extra_id_0>!
[Beam 4]: <extra_id_0>!!!!!
[Beam 5]: <extra_id_0>!!!!
====================================================================================================
====================================================================================================
[Входной текст]: Категория: Веб-ресурсы ТУСУР
Тема: Внесение данных в телефонный справочник
Пользователь: Здравствуйте! Для подтверждения роли сотрудника прошу внести в телефонный справочник мой e-mail: [EMAIL] Спасибо! С уважением, Савин Александр Александрович инженер лаборатории пикосекундной техники каф. РСС
Оператор: 
[Промт]: Категория: Веб-ресурсы ТУСУР
Тема: Внесение данных в телефонный справочник
Пользователь: Здравствуйте! Для подтверждения роли сотрудника прошу внести в телефонный справочник мой e-mail: [EMAIL] Спасибо! С уважением, Савин Александр Александрович инженер лаборатории пикосекундной техники каф. РСС
Оператор: 
[Эталонный ответ]: Здравствуйте! Для внесения почты в телефонный справочник обратитесь, пожалуйста, к менеджеру вышестоящему структурному подразделению [URL]
[Beam 1]: <extra_id_0>
[Beam 2]: <extra_id_0>!
[Beam 3]: <extra_id_0>.
[Beam 4]: <extra_id_0>!!!!!!!!!!!!!!!!!!!!!!!!!!!!!
[Beam 5]: <extra_id_0>!!!!!!!!!!!!!!!!!!!!!!!!!!!!
====================================================================================================
====================================================================================================
[Входной текст]: Категория: Заявка на размещение публикаций
Тема: Документы
Пользователь: Необходимо новый файл поместить в раздел документов и на сайте абитуриента и на магистранта
Оператор: 
[Промт]: Категория: Заявка на размещение публикаций
Тема: Документы
Пользователь: Необходимо новый файл поместить в раздел документов и на сайте абитуриента и на магистранта
Оператор: 
[Эталонный ответ]: Правила приема разместил на абитуриентах, магистратуре и в разделе СООО
[Beam 1]: <extra_id_0>
[Beam 2]: <extra_id_0>!!!!!!
[Beam 3]: <extra_id_0>.
[Beam 4]: <extra_id_0>!!!!!
[Beam 5]: <extra_id_0>!!!!
====================================================================================================
====================================================================================================
[Входной текст]: Категория: Веб-ресурсы ТУСУР
Тема: Дополнить данные по учебному пособию
Пользователь: По учебному пособию ИНФРАСТРУКТУРА НОВОВВЕДЕНИЙ нужно добавить данные Было издано в печатном варианте Инфраструктура нововведений: учеб. пособие / Н.В. Шимко, Л.Б. Ботаева. – Томск: Изд-во Томск. гос. ун-та систем управле- ния и радиоэлектроники, 2022. – 156 с. ISBN 978-5-86889-982-9 [URL]
Оператор: 
[Промт]: Категория: Веб-ресурсы ТУСУР
Тема: Дополнить данные по учебному пособию
Пользователь: По учебному пособию ИНФРАСТРУКТУРА НОВОВВЕДЕНИЙ нужно добавить данные Было издано в печатном варианте Инфраструктура нововведений: учеб. пособие / Н.В. Шимко, Л.Б. Ботаева. – Томск: Изд-во Томск. гос. ун-та систем управле- ния и радиоэлектроники, 2022. – 156 с. ISBN 978-5-86889-982-9 [URL]
Оператор: 
[Эталонный ответ]: Здравствуйте! Куда именно необходимо добавить данную информацию?
[Beam 1]: <extra_id_0>
[Beam 2]: <extra_id_0>!!!!!!!!!!!!!!!!!!!!!!!!!!!!!!!!!!!!!!!!!!!!!!!!!!!!!!!!!!!!!!
[Beam 3]: <extra_id_0>!.!!!!!!!!!!!!!!!!!!!!!!!!!!!!!!!!!!!!!!!!!!!!!!!!!!!!!!!!!!!!
[Beam 4]: <extra_id_0>!!!!!!!!!!!!!!!!!!!!!!!!!!!!!!!!!!!!!!!!!!!!!!!!!!!!!!!!!!!!!
[Beam 5]: <extra_id_0>!!!!!!!!!!!!!!!!!!!!!!!!!!!!!!!!!!!!!!!!!!!!!!!!!!!!!!!!!!!! !
====================================================================================================
✅ Accuracy @ step 837: 0.0000
📊 ROUGE-1: 0.0000, ROUGE-L: 0.0000, BLEU: 0.0000
🌟 METEOR: 0.0002, chrF: 0.0032, Fuzzy: 0.0182, Length ratio: 0.3556
🟢 Masked accuracy: 0.4543
🧠 BERTScore(F1) (all beams): 0.7495
Эпоха 3.0 завершена!
{'loss': 4.9661, 'grad_norm': 660.912841796875, 'learning_rate': 3.989240487089592e-05, 'epoch': 4.0}
{'eval_loss': 4.028102874755859, 'eval_model_preparation_time': 0.0022, 'eval_runtime': 3.8417, 'eval_samples_per_second': 64.556, 'eval_steps_per_second': 8.069, 'epoch': 4.0}
====================================================================================================
[Входной текст]: Категория: Электронный документооборот
Тема: Добавление пользователя в СЭД
Пользователь: Прошу добавить сотрудника в СЭД: Брыкалов Евгений Александрович [URL]
Оператор: У Евгения Александровича в телефонном справочнике не указан адрес электронной почты. В СЭД его добавил, но без почты он не будет получать уведомления и я не смогу выслать ему инструкции и данные для входа.
Пользователь: Почта должна быть корпоративная, верно?
Оператор: Нужна почта, которую сотрудник просматривает. Желательно корпоративную, но если он не пользуется то можно и другую.
Пользователь: [EMAIL]
Оператор: 
[Промт]: Категория: Электронный документооборот
Тема: Добавление пользователя в СЭД
Пользователь: Прошу добавить сотрудника в СЭД: Брыкалов Евгений Александрович [URL]
Оператор: 
[Эталонный ответ]: Добавили
[Beam 1]: <extra_id_0>
[Beam 2]: <extra_id_0>! , , , , , , , , , , , , , , , , , , , , , , , , , , , , , ,
[Beam 3]: <extra_id_0>! , , , , , , , , , , , , , , , , , , , , , , , , , , , , , ,,
[Beam 4]: <extra_id_0>! , , , , , ,, , , , , , , , , , , , , , , , , , , , , , , , ,
[Beam 5]: <extra_id_0>! , , , , , , , , , , , , , , , , , , , , , , , , , , , , ,,
====================================================================================================
====================================================================================================
[Входной текст]: Категория: Веб-ресурсы ТУСУР
Тема: Доступ в личный кабинет как преподавателя
Пользователь: не вижу своего расписания и нет журналов посещения.
Оператор: 
[Промт]: Категория: Веб-ресурсы ТУСУР
Тема: Доступ в личный кабинет как преподавателя
Пользователь: не вижу своего расписания и нет журналов посещения.
Оператор: 
[Эталонный ответ]: Добрый день! По нашим данным в вашем расписании нет никаких занятий, следовательно у вас нет журналов посещаемости для заполнения и расписания.
[Beam 1]: <extra_id_0>
[Beam 2]: <extra_id_0>. . . . . . . . . . . , , , , , , , , , , , , , , , , , , , ,
[Beam 3]: <extra_id_0>. . . . . . . . . . . , , , , , , , , , , , , , , , , , . . ,
[Beam 4]: <extra_id_0>. . . . . . . . . . . , , , , , , , , , , , , , , , , , , , .
[Beam 5]: <extra_id_0>. . . . . . . . . . . , , , , , , , , , , , , , , , , , . , ,
====================================================================================================
====================================================================================================
[Входной текст]: Категория: Веб-ресурсы ТУСУР
Тема: Внесение данных в телефонный справочник
Пользователь: Здравствуйте! Для подтверждения роли сотрудника прошу внести в телефонный справочник мой e-mail: [EMAIL] Спасибо! С уважением, Савин Александр Александрович инженер лаборатории пикосекундной техники каф. РСС
Оператор: 
[Промт]: Категория: Веб-ресурсы ТУСУР
Тема: Внесение данных в телефонный справочник
Пользователь: Здравствуйте! Для подтверждения роли сотрудника прошу внести в телефонный справочник мой e-mail: [EMAIL] Спасибо! С уважением, Савин Александр Александрович инженер лаборатории пикосекундной техники каф. РСС
Оператор: 
[Эталонный ответ]: Здравствуйте! Для внесения почты в телефонный справочник обратитесь, пожалуйста, к менеджеру вышестоящему структурному подразделению [URL]
[Beam 1]: <extra_id_0>.. . . . . . . . . . .. . . . . . . . . . . . . . . . . . . .
[Beam 2]: <extra_id_0>.. . . . . . . . . . . . . . . . . . . . . . . . . . . . . . .
[Beam 3]: <extra_id_0>.. . . . . . . . . . .. . .. . . . . . . . . . . . . . . . . .
[Beam 4]: <extra_id_0>.. . . . . . . . . . . . . . . . . . . . . . . . . . . . . . ,
[Beam 5]: <extra_id_0>.. . . . . . . . . . .. . .. . . . . . . . . . . . . . . . . ,
====================================================================================================
====================================================================================================
[Входной текст]: Категория: Заявка на размещение публикаций
Тема: Документы
Пользователь: Необходимо новый файл поместить в раздел документов и на сайте абитуриента и на магистранта
Оператор: 
[Промт]: Категория: Заявка на размещение публикаций
Тема: Документы
Пользователь: Необходимо новый файл поместить в раздел документов и на сайте абитуриента и на магистранта
Оператор: 
[Эталонный ответ]: Правила приема разместил на абитуриентах, магистратуре и в разделе СООО
[Beam 1]: <extra_id_0>
[Beam 2]: <extra_id_0>.. . . .. . . . . . . . . . . . . . . . . . . . . . . . . . .
[Beam 3]: <extra_id_0>.. . . .. . . . . . . . . . . . . . . . . . . . . . . . . . ,
[Beam 4]: <extra_id_0>.. . . .. . . . . . . . . . . . . . . . . . . . . . . . . . и
[Beam 5]: <extra_id_0>.. . . .. . . . . . . . . . . . . . . . . . . . . . . . . , .
====================================================================================================
====================================================================================================
[Входной текст]: Категория: Веб-ресурсы ТУСУР
Тема: Дополнить данные по учебному пособию
Пользователь: По учебному пособию ИНФРАСТРУКТУРА НОВОВВЕДЕНИЙ нужно добавить данные Было издано в печатном варианте Инфраструктура нововведений: учеб. пособие / Н.В. Шимко, Л.Б. Ботаева. – Томск: Изд-во Томск. гос. ун-та систем управле- ния и радиоэлектроники, 2022. – 156 с. ISBN 978-5-86889-982-9 [URL]
Оператор: 
[Промт]: Категория: Веб-ресурсы ТУСУР
Тема: Дополнить данные по учебному пособию
Пользователь: По учебному пособию ИНФРАСТРУКТУРА НОВОВВЕДЕНИЙ нужно добавить данные Было издано в печатном варианте Инфраструктура нововведений: учеб. пособие / Н.В. Шимко, Л.Б. Ботаева. – Томск: Изд-во Томск. гос. ун-та систем управле- ния и радиоэлектроники, 2022. – 156 с. ISBN 978-5-86889-982-9 [URL]
Оператор: 
[Эталонный ответ]: Здравствуйте! Куда именно необходимо добавить данную информацию?
[Beam 1]: <extra_id_0>
[Beam 2]: <extra_id_0>. , , , , , , , , , , , , , , , , , , , , , , ,  , . . . . . .
[Beam 3]: <extra_id_0>. , , , , , , , , , , , , , , , , , , , , , ,  , . . . . . . .
[Beam 4]: <extra_id_0>. , , , , , , , , , , , , , , , , , , , , ,  , . . . . . . . .
[Beam 5]: <extra_id_0>. , , , , , , , , , , , , , , , , , , , , , , ,  , . . . . ..
====================================================================================================
✅ Accuracy @ step 1116: 0.0000
📊 ROUGE-1: 0.0000, ROUGE-L: 0.0000, BLEU: 0.0000
🌟 METEOR: 0.0003, chrF: 0.0033, Fuzzy: 0.1346, Length ratio: 0.9073
🟢 Masked accuracy: 0.4662
🧠 BERTScore(F1) (all beams): 0.7417
Эпоха 4.0 завершена!
{'loss': 4.458, 'grad_norm': 202.35191345214844, 'learning_rate': 3.981690137210549e-05, 'epoch': 5.0}
{'eval_loss': 3.90447735786438, 'eval_model_preparation_time': 0.0022, 'eval_runtime': 3.8542, 'eval_samples_per_second': 64.346, 'eval_steps_per_second': 8.043, 'epoch': 5.0}
====================================================================================================
[Входной текст]: Категория: Электронный документооборот
Тема: Добавление пользователя в СЭД
Пользователь: Прошу добавить сотрудника в СЭД: Брыкалов Евгений Александрович [URL]
Оператор: У Евгения Александровича в телефонном справочнике не указан адрес электронной почты. В СЭД его добавил, но без почты он не будет получать уведомления и я не смогу выслать ему инструкции и данные для входа.
Пользователь: Почта должна быть корпоративная, верно?
Оператор: Нужна почта, которую сотрудник просматривает. Желательно корпоративную, но если он не пользуется то можно и другую.
Пользователь: [EMAIL]
Оператор: 
[Промт]: Категория: Электронный документооборот
Тема: Добавление пользователя в СЭД
Пользователь: Прошу добавить сотрудника в СЭД: Брыкалов Евгений Александрович [URL]
Оператор: 
[Эталонный ответ]: Добавили
[Beam 1]: Здравствуйте.
[Beam 2]: Здравствуйте.   ,ru
[Beam 3]: Здравствуйте.   ,ru
[Beam 4]: Здравствуйте.   ,ru
[Beam 5]: Здравствуйте.
====================================================================================================
====================================================================================================
[Входной текст]: Категория: Веб-ресурсы ТУСУР
Тема: Доступ в личный кабинет как преподавателя
Пользователь: не вижу своего расписания и нет журналов посещения.
Оператор: 
[Промт]: Категория: Веб-ресурсы ТУСУР
Тема: Доступ в личный кабинет как преподавателя
Пользователь: не вижу своего расписания и нет журналов посещения.
Оператор: 
[Эталонный ответ]: Добрый день! По нашим данным в вашем расписании нет никаких занятий, следовательно у вас нет журналов посещаемости для заполнения и расписания.
[Beam 1]: Здравствуйте
[Beam 2]: Здравствуйте                                                             .
[Beam 3]: Здравствуйте                                                           .
[Beam 4]: Здравствуйте                                                             ,
[Beam 5]: Здравствуйте                                                            .
====================================================================================================
====================================================================================================
[Входной текст]: Категория: Веб-ресурсы ТУСУР
Тема: Внесение данных в телефонный справочник
Пользователь: Здравствуйте! Для подтверждения роли сотрудника прошу внести в телефонный справочник мой e-mail: [EMAIL] Спасибо! С уважением, Савин Александр Александрович инженер лаборатории пикосекундной техники каф. РСС
Оператор: 
[Промт]: Категория: Веб-ресурсы ТУСУР
Тема: Внесение данных в телефонный справочник
Пользователь: Здравствуйте! Для подтверждения роли сотрудника прошу внести в телефонный справочник мой e-mail: [EMAIL] Спасибо! С уважением, Савин Александр Александрович инженер лаборатории пикосекундной техники каф. РСС
Оператор: 
[Эталонный ответ]: Здравствуйте! Для внесения почты в телефонный справочник обратитесь, пожалуйста, к менеджеру вышестоящему структурному подразделению [URL]
[Beam 1]: Здравствуйте             .                       .
[Beam 2]: Здравствуйте             .
[Beam 3]: Здравствуйте             .                       .                       .
[Beam 4]: Здравствуйте             .                       .                      .
[Beam 5]: Здравствуйте             .                       .                       ,
====================================================================================================
====================================================================================================
[Входной текст]: Категория: Заявка на размещение публикаций
Тема: Документы
Пользователь: Необходимо новый файл поместить в раздел документов и на сайте абитуриента и на магистранта
Оператор: 
[Промт]: Категория: Заявка на размещение публикаций
Тема: Документы
Пользователь: Необходимо новый файл поместить в раздел документов и на сайте абитуриента и на магистранта
Оператор: 
[Эталонный ответ]: Правила приема разместил на абитуриентах, магистратуре и в разделе СООО
[Beam 1]: Здравствуйте .
[Beam 2]: Здравствуйте .                                      .
[Beam 3]: Здравствуйте .                                     .
[Beam 4]: Здравствуйте .                                   .
[Beam 5]: Здравствуйте .                                  .
====================================================================================================
====================================================================================================
[Входной текст]: Категория: Веб-ресурсы ТУСУР
Тема: Дополнить данные по учебному пособию
Пользователь: По учебному пособию ИНФРАСТРУКТУРА НОВОВВЕДЕНИЙ нужно добавить данные Было издано в печатном варианте Инфраструктура нововведений: учеб. пособие / Н.В. Шимко, Л.Б. Ботаева. – Томск: Изд-во Томск. гос. ун-та систем управле- ния и радиоэлектроники, 2022. – 156 с. ISBN 978-5-86889-982-9 [URL]
Оператор: 
[Промт]: Категория: Веб-ресурсы ТУСУР
Тема: Дополнить данные по учебному пособию
Пользователь: По учебному пособию ИНФРАСТРУКТУРА НОВОВВЕДЕНИЙ нужно добавить данные Было издано в печатном варианте Инфраструктура нововведений: учеб. пособие / Н.В. Шимко, Л.Б. Ботаева. – Томск: Изд-во Томск. гос. ун-та систем управле- ния и радиоэлектроники, 2022. – 156 с. ISBN 978-5-86889-982-9 [URL]
Оператор: 
[Эталонный ответ]: Здравствуйте! Куда именно необходимо добавить данную информацию?
[Beam 1]: Здравствуйте
[Beam 2]: Здравствуйте
[Beam 3]: Здравствуйте,   .
[Beam 4]: Здравствуйте
[Beam 5]: Здравствуйте,
====================================================================================================
✅ Accuracy @ step 1395: 0.0000
📊 ROUGE-1: 0.0000, ROUGE-L: 0.0000, BLEU: 0.0000
🌟 METEOR: 0.0006, chrF: 0.0927, Fuzzy: 0.2432, Length ratio: 0.6084
🟢 Masked accuracy: 0.4754
🧠 BERTScore(F1) (all beams): 0.7870
Эпоха 5.0 завершена!
{'loss': 4.2592, 'grad_norm': 88.83186340332031, 'learning_rate': 3.9721557578351784e-05, 'epoch': 6.0}
{'eval_loss': 3.8446409702301025, 'eval_model_preparation_time': 0.0022, 'eval_runtime': 3.8424, 'eval_samples_per_second': 64.543, 'eval_steps_per_second': 8.068, 'epoch': 6.0}
====================================================================================================
[Входной текст]: Категория: Электронный документооборот
Тема: Добавление пользователя в СЭД
Пользователь: Прошу добавить сотрудника в СЭД: Брыкалов Евгений Александрович [URL]
Оператор: У Евгения Александровича в телефонном справочнике не указан адрес электронной почты. В СЭД его добавил, но без почты он не будет получать уведомления и я не смогу выслать ему инструкции и данные для входа.
Пользователь: Почта должна быть корпоративная, верно?
Оператор: Нужна почта, которую сотрудник просматривает. Желательно корпоративную, но если он не пользуется то можно и другую.
Пользователь: [EMAIL]
Оператор: 
[Промт]: Категория: Электронный документооборот
Тема: Добавление пользователя в СЭД
Пользователь: Прошу добавить сотрудника в СЭД: Брыкалов Евгений Александрович [URL]
Оператор: 
[Эталонный ответ]: Добавили
[Beam 1]: Здравствуйте,
[Beam 2]: Здравствуйте,
[Beam 3]: Здравствуйте,     . .
[Beam 4]: Здравствуйте,     .  .
[Beam 5]: Здравствуйте,
====================================================================================================
====================================================================================================
[Входной текст]: Категория: Веб-ресурсы ТУСУР
Тема: Доступ в личный кабинет как преподавателя
Пользователь: не вижу своего расписания и нет журналов посещения.
Оператор: 
[Промт]: Категория: Веб-ресурсы ТУСУР
Тема: Доступ в личный кабинет как преподавателя
Пользователь: не вижу своего расписания и нет журналов посещения.
Оператор: 
[Эталонный ответ]: Добрый день! По нашим данным в вашем расписании нет никаких занятий, следовательно у вас нет журналов посещаемости для заполнения и расписания.
[Beam 1]: Здравствуйте      ,                       ,         .              .
[Beam 2]: Здравствуйте      ,                       ,         .
[Beam 3]: Здравствуйте      ,                       ,         .               .
[Beam 4]: Здравствуйте      ,                       ,         .                    .
[Beam 5]: Здравствуйте      ,                       ,         .                    ,
====================================================================================================
====================================================================================================
[Входной текст]: Категория: Веб-ресурсы ТУСУР
Тема: Внесение данных в телефонный справочник
Пользователь: Здравствуйте! Для подтверждения роли сотрудника прошу внести в телефонный справочник мой e-mail: [EMAIL] Спасибо! С уважением, Савин Александр Александрович инженер лаборатории пикосекундной техники каф. РСС
Оператор: 
[Промт]: Категория: Веб-ресурсы ТУСУР
Тема: Внесение данных в телефонный справочник
Пользователь: Здравствуйте! Для подтверждения роли сотрудника прошу внести в телефонный справочник мой e-mail: [EMAIL] Спасибо! С уважением, Савин Александр Александрович инженер лаборатории пикосекундной техники каф. РСС
Оператор: 
[Эталонный ответ]: Здравствуйте! Для внесения почты в телефонный справочник обратитесь, пожалуйста, к менеджеру вышестоящему структурному подразделению [URL]
[Beam 1]: Здравствуйте                                    .
[Beam 2]: Здравствуйте                                    .
[Beam 3]: Здравствуйте                                    .
[Beam 4]: Здравствуйте                                    .
[Beam 5]: Здравствуйте                                    .
====================================================================================================
====================================================================================================
[Входной текст]: Категория: Заявка на размещение публикаций
Тема: Документы
Пользователь: Необходимо новый файл поместить в раздел документов и на сайте абитуриента и на магистранта
Оператор: 
[Промт]: Категория: Заявка на размещение публикаций
Тема: Документы
Пользователь: Необходимо новый файл поместить в раздел документов и на сайте абитуриента и на магистранта
Оператор: 
[Эталонный ответ]: Правила приема разместил на абитуриентах, магистратуре и в разделе СООО
[Beam 1]: Здравствуйте
[Beam 2]: Здравствуйте                                                          .
[Beam 3]: Здравствуйте                                                         .
[Beam 4]: Здравствуйте                                                           .
[Beam 5]: Здравствуйте                                                            .
====================================================================================================
====================================================================================================
[Входной текст]: Категория: Веб-ресурсы ТУСУР
Тема: Дополнить данные по учебному пособию
Пользователь: По учебному пособию ИНФРАСТРУКТУРА НОВОВВЕДЕНИЙ нужно добавить данные Было издано в печатном варианте Инфраструктура нововведений: учеб. пособие / Н.В. Шимко, Л.Б. Ботаева. – Томск: Изд-во Томск. гос. ун-та систем управле- ния и радиоэлектроники, 2022. – 156 с. ISBN 978-5-86889-982-9 [URL]
Оператор: 
[Промт]: Категория: Веб-ресурсы ТУСУР
Тема: Дополнить данные по учебному пособию
Пользователь: По учебному пособию ИНФРАСТРУКТУРА НОВОВВЕДЕНИЙ нужно добавить данные Было издано в печатном варианте Инфраструктура нововведений: учеб. пособие / Н.В. Шимко, Л.Б. Ботаева. – Томск: Изд-во Томск. гос. ун-та систем управле- ния и радиоэлектроники, 2022. – 156 с. ISBN 978-5-86889-982-9 [URL]
Оператор: 
[Эталонный ответ]: Здравствуйте! Куда именно необходимо добавить данную информацию?
[Beam 1]: Здравствуйте .             .    .
[Beam 2]: Здравствуйте .             .     .
[Beam 3]: Здравствуйте .             .     .                         .
[Beam 4]: Здравствуйте .             .     .                                       .
[Beam 5]: Здравствуйте .             .     .                                    .
====================================================================================================
✅ Accuracy @ step 1674: 0.0000
📊 ROUGE-1: 0.0000, ROUGE-L: 0.0000, BLEU: 0.0000
🌟 METEOR: 0.0010, chrF: 0.0932, Fuzzy: 0.2370, Length ratio: 0.5980
🟢 Masked accuracy: 0.4755
🧠 BERTScore(F1) (all beams): 0.7899
Эпоха 6.0 завершена!
{'loss': 4.1248, 'grad_norm': 168.22276306152344, 'learning_rate': 3.960646894598065e-05, 'epoch': 7.0}
{'eval_loss': 3.7932779788970947, 'eval_model_preparation_time': 0.0022, 'eval_runtime': 3.8442, 'eval_samples_per_second': 64.512, 'eval_steps_per_second': 8.064, 'epoch': 7.0}
====================================================================================================
[Входной текст]: Категория: Электронный документооборот
Тема: Добавление пользователя в СЭД
Пользователь: Прошу добавить сотрудника в СЭД: Брыкалов Евгений Александрович [URL]
Оператор: У Евгения Александровича в телефонном справочнике не указан адрес электронной почты. В СЭД его добавил, но без почты он не будет получать уведомления и я не смогу выслать ему инструкции и данные для входа.
Пользователь: Почта должна быть корпоративная, верно?
Оператор: Нужна почта, которую сотрудник просматривает. Желательно корпоративную, но если он не пользуется то можно и другую.
Пользователь: [EMAIL]
Оператор: 
[Промт]: Категория: Электронный документооборот
Тема: Добавление пользователя в СЭД
Пользователь: Прошу добавить сотрудника в СЭД: Брыкалов Евгений Александрович [URL]
Оператор: 
[Эталонный ответ]: Добавили
[Beam 1]: Здравствуйте
[Beam 2]: Здравствуйте     даты
[Beam 3]: Здравствуйте     даты
[Beam 4]: Здравствуйте     даты
[Beam 5]: Здравствуйте     даты
====================================================================================================
====================================================================================================
[Входной текст]: Категория: Веб-ресурсы ТУСУР
Тема: Доступ в личный кабинет как преподавателя
Пользователь: не вижу своего расписания и нет журналов посещения.
Оператор: 
[Промт]: Категория: Веб-ресурсы ТУСУР
Тема: Доступ в личный кабинет как преподавателя
Пользователь: не вижу своего расписания и нет журналов посещения.
Оператор: 
[Эталонный ответ]: Добрый день! По нашим данным в вашем расписании нет никаких занятий, следовательно у вас нет журналов посещаемости для заполнения и расписания.
[Beam 1]: Здравствуйте !                           .
[Beam 2]: Здравствуйте !                           .                .
[Beam 3]: Здравствуйте !                               .
[Beam 4]: Здравствуйте !                           .               .
[Beam 5]: Здравствуйте !                           .                               .
====================================================================================================
====================================================================================================
[Входной текст]: Категория: Веб-ресурсы ТУСУР
Тема: Внесение данных в телефонный справочник
Пользователь: Здравствуйте! Для подтверждения роли сотрудника прошу внести в телефонный справочник мой e-mail: [EMAIL] Спасибо! С уважением, Савин Александр Александрович инженер лаборатории пикосекундной техники каф. РСС
Оператор: 
[Промт]: Категория: Веб-ресурсы ТУСУР
Тема: Внесение данных в телефонный справочник
Пользователь: Здравствуйте! Для подтверждения роли сотрудника прошу внести в телефонный справочник мой e-mail: [EMAIL] Спасибо! С уважением, Савин Александр Александрович инженер лаборатории пикосекундной техники каф. РСС
Оператор: 
[Эталонный ответ]: Здравствуйте! Для внесения почты в телефонный справочник обратитесь, пожалуйста, к менеджеру вышестоящему структурному подразделению [URL]
[Beam 1]: Здравствуйте
[Beam 2]: Здравствуйте                                                             .
[Beam 3]: Здравствуйте                                                            .
[Beam 4]: Здравствуйте                                                           .
[Beam 5]: Здравствуйте                                                             ,
====================================================================================================
====================================================================================================
[Входной текст]: Категория: Заявка на размещение публикаций
Тема: Документы
Пользователь: Необходимо новый файл поместить в раздел документов и на сайте абитуриента и на магистранта
Оператор: 
[Промт]: Категория: Заявка на размещение публикаций
Тема: Документы
Пользователь: Необходимо новый файл поместить в раздел документов и на сайте абитуриента и на магистранта
Оператор: 
[Эталонный ответ]: Правила приема разместил на абитуриентах, магистратуре и в разделе СООО
[Beam 1]: Здравствуйте           .
[Beam 2]: Здравствуйте            .
[Beam 3]: Здравствуйте             .
[Beam 4]: Здравствуйте           .                                                 .
[Beam 5]: Здравствуйте            .                                                .
====================================================================================================
====================================================================================================
[Входной текст]: Категория: Веб-ресурсы ТУСУР
Тема: Дополнить данные по учебному пособию
Пользователь: По учебному пособию ИНФРАСТРУКТУРА НОВОВВЕДЕНИЙ нужно добавить данные Было издано в печатном варианте Инфраструктура нововведений: учеб. пособие / Н.В. Шимко, Л.Б. Ботаева. – Томск: Изд-во Томск. гос. ун-та систем управле- ния и радиоэлектроники, 2022. – 156 с. ISBN 978-5-86889-982-9 [URL]
Оператор: 
[Промт]: Категория: Веб-ресурсы ТУСУР
Тема: Дополнить данные по учебному пособию
Пользователь: По учебному пособию ИНФРАСТРУКТУРА НОВОВВЕДЕНИЙ нужно добавить данные Было издано в печатном варианте Инфраструктура нововведений: учеб. пособие / Н.В. Шимко, Л.Б. Ботаева. – Томск: Изд-во Томск. гос. ун-та систем управле- ния и радиоэлектроники, 2022. – 156 с. ISBN 978-5-86889-982-9 [URL]
Оператор: 
[Эталонный ответ]: Здравствуйте! Куда именно необходимо добавить данную информацию?
[Beam 1]: Здравствуйте
[Beam 2]: Здравствуйте
[Beam 3]: Здравствуйте.
[Beam 4]: Здравствуйте.
[Beam 5]: Здравствуйте.
====================================================================================================
✅ Accuracy @ step 1953: 0.0000
📊 ROUGE-1: 0.0013, ROUGE-L: 0.0013, BLEU: 0.0005
🌟 METEOR: 0.0032, chrF: 0.0944, Fuzzy: 0.2338, Length ratio: 0.5866
🟢 Masked accuracy: 0.4756
🧠 BERTScore(F1) (all beams): 0.7923
Эпоха 7.0 завершена!
{'loss': 4.0503, 'grad_norm': 248.5017852783203, 'learning_rate': 3.947175069948508e-05, 'epoch': 8.0}
{'eval_loss': 3.75046968460083, 'eval_model_preparation_time': 0.0022, 'eval_runtime': 3.8393, 'eval_samples_per_second': 64.596, 'eval_steps_per_second': 8.074, 'epoch': 8.0}
====================================================================================================
[Входной текст]: Категория: Электронный документооборот
Тема: Добавление пользователя в СЭД
Пользователь: Прошу добавить сотрудника в СЭД: Брыкалов Евгений Александрович [URL]
Оператор: У Евгения Александровича в телефонном справочнике не указан адрес электронной почты. В СЭД его добавил, но без почты он не будет получать уведомления и я не смогу выслать ему инструкции и данные для входа.
Пользователь: Почта должна быть корпоративная, верно?
Оператор: Нужна почта, которую сотрудник просматривает. Желательно корпоративную, но если он не пользуется то можно и другую.
Пользователь: [EMAIL]
Оператор: 
[Промт]: Категория: Электронный документооборот
Тема: Добавление пользователя в СЭД
Пользователь: Прошу добавить сотрудника в СЭД: Брыкалов Евгений Александрович [URL]
Оператор: 
[Эталонный ответ]: Добавили
[Beam 1]: Здравствуйте
[Beam 2]: Здравствуйте
[Beam 3]: Здравствуйте
[Beam 4]: Здравствуйте
[Beam 5]: Здравствуйте
====================================================================================================
====================================================================================================
[Входной текст]: Категория: Веб-ресурсы ТУСУР
Тема: Доступ в личный кабинет как преподавателя
Пользователь: не вижу своего расписания и нет журналов посещения.
Оператор: 
[Промт]: Категория: Веб-ресурсы ТУСУР
Тема: Доступ в личный кабинет как преподавателя
Пользователь: не вижу своего расписания и нет журналов посещения.
Оператор: 
[Эталонный ответ]: Добрый день! По нашим данным в вашем расписании нет никаких занятий, следовательно у вас нет журналов посещаемости для заполнения и расписания.
[Beam 1]: Здравствуйте                  .
[Beam 2]: Здравствуйте                 .
[Beam 3]: Здравствуйте                    .
[Beam 4]: Здравствуйте                   .
[Beam 5]: Здравствуйте                  .                            .
====================================================================================================
====================================================================================================
[Входной текст]: Категория: Веб-ресурсы ТУСУР
Тема: Внесение данных в телефонный справочник
Пользователь: Здравствуйте! Для подтверждения роли сотрудника прошу внести в телефонный справочник мой e-mail: [EMAIL] Спасибо! С уважением, Савин Александр Александрович инженер лаборатории пикосекундной техники каф. РСС
Оператор: 
[Промт]: Категория: Веб-ресурсы ТУСУР
Тема: Внесение данных в телефонный справочник
Пользователь: Здравствуйте! Для подтверждения роли сотрудника прошу внести в телефонный справочник мой e-mail: [EMAIL] Спасибо! С уважением, Савин Александр Александрович инженер лаборатории пикосекундной техники каф. РСС
Оператор: 
[Эталонный ответ]: Здравствуйте! Для внесения почты в телефонный справочник обратитесь, пожалуйста, к менеджеру вышестоящему структурному подразделению [URL]
[Beam 1]: Здравствуйте    ,
[Beam 2]: Здравствуйте    ,                                                       .
[Beam 3]: Здравствуйте    ,                                                        !
[Beam 4]: Здравствуйте    ,                                                        .
[Beam 5]: Здравствуйте    ,                                                        ,
====================================================================================================
====================================================================================================
[Входной текст]: Категория: Заявка на размещение публикаций
Тема: Документы
Пользователь: Необходимо новый файл поместить в раздел документов и на сайте абитуриента и на магистранта
Оператор: 
[Промт]: Категория: Заявка на размещение публикаций
Тема: Документы
Пользователь: Необходимо новый файл поместить в раздел документов и на сайте абитуриента и на магистранта
Оператор: 
[Эталонный ответ]: Правила приема разместил на абитуриентах, магистратуре и в разделе СООО
[Beam 1]: Здравствуйте !
[Beam 2]: Здравствуйте
[Beam 3]: Здравствуйте!
[Beam 4]: Здравствуйте                       !
[Beam 5]: Здравствуйте                            !
====================================================================================================
====================================================================================================
[Входной текст]: Категория: Веб-ресурсы ТУСУР
Тема: Дополнить данные по учебному пособию
Пользователь: По учебному пособию ИНФРАСТРУКТУРА НОВОВВЕДЕНИЙ нужно добавить данные Было издано в печатном варианте Инфраструктура нововведений: учеб. пособие / Н.В. Шимко, Л.Б. Ботаева. – Томск: Изд-во Томск. гос. ун-та систем управле- ния и радиоэлектроники, 2022. – 156 с. ISBN 978-5-86889-982-9 [URL]
Оператор: 
[Промт]: Категория: Веб-ресурсы ТУСУР
Тема: Дополнить данные по учебному пособию
Пользователь: По учебному пособию ИНФРАСТРУКТУРА НОВОВВЕДЕНИЙ нужно добавить данные Было издано в печатном варианте Инфраструктура нововведений: учеб. пособие / Н.В. Шимко, Л.Б. Ботаева. – Томск: Изд-во Томск. гос. ун-та систем управле- ния и радиоэлектроники, 2022. – 156 с. ISBN 978-5-86889-982-9 [URL]
Оператор: 
[Эталонный ответ]: Здравствуйте! Куда именно необходимо добавить данную информацию?
[Beam 1]: Здравствуйте!               ,
[Beam 2]: Здравствуйте!               ,                                            .
[Beam 3]: Здравствуйте!               ,                                           .
[Beam 4]: Здравствуйте!               ,                                            ,
[Beam 5]: Здравствуйте!               ,                                          .
====================================================================================================
✅ Accuracy @ step 2232: 0.0000
📊 ROUGE-1: 0.0000, ROUGE-L: 0.0000, BLEU: 0.0002
🌟 METEOR: 0.0028, chrF: 0.0955, Fuzzy: 0.2299, Length ratio: 0.6864
🟢 Masked accuracy: 0.4757
🧠 BERTScore(F1) (all beams): 0.7980
Эпоха 8.0 завершена!
