==> Evaluate BEFORE training (zero epoch baseline)...
====================================================================================================
[Входной текст]: Категория: Электронный документооборот
Тема: Добавление пользователя в СЭД
Пользователь: Прошу добавить сотрудника в СЭД: Брыкалов Евгений Александрович [URL]
Оператор: У Евгения Александровича в телефонном справочнике не указан адрес электронной почты. В СЭД его добавил, но без почты он не будет получать уведомления и я не смогу выслать ему инструкции и данные для входа.
Пользователь: Почта должна быть корпоративная, верно?
Оператор: Нужна почта, которую сотрудник просматривает. Желательно корпоративную, но если он не пользуется то можно и другую.
Пользователь: [EMAIL]
Оператор: 
[Промт]: Категория: Электронный документооборот
Тема: Добавление пользователя в СЭД
Пользователь: Прошу добавить сотрудника в СЭД: Брыкалов Евгений Александрович [URL]
Оператор: 
[Эталонный ответ]: Добавили
[Beam 1]: <extra_id_0> [URL]
[Beam 2]: <extra_id_0> [UR] Пользователь:
[Beam 3]: <extra_id_0> [URl]
[Beam 4]: <extra_id_0> [UR]
[Beam 5]: <extra_id_0> [URL] Оператор
====================================================================================================
====================================================================================================
[Входной текст]: Категория: Веб-ресурсы ТУСУР
Тема: Доступ в личный кабинет как преподавателя
Пользователь: не вижу своего расписания и нет журналов посещения.
Оператор: 
[Промт]: Категория: Веб-ресурсы ТУСУР
Тема: Доступ в личный кабинет как преподавателя
Пользователь: не вижу своего расписания и нет журналов посещения.
Оператор: 
[Эталонный ответ]: Добрый день! По нашим данным в вашем расписании нет никаких занятий, следовательно у вас нет журналов посещаемости для заполнения и расписания.
[Beam 1]: <extra_id_0> и т.д.)
[Beam 2]: <extra_id_0> и т.д.
[Beam 3]: <extra_id_0> и т.д.).
[Beam 4]: <extra_id_0> и т.п.
[Beam 5]: <extra_id_0> и т.д..
====================================================================================================
====================================================================================================
[Входной текст]: Категория: Веб-ресурсы ТУСУР
Тема: Внесение данных в телефонный справочник
Пользователь: Здравствуйте! Для подтверждения роли сотрудника прошу внести в телефонный справочник мой e-mail: [EMAIL] Спасибо! С уважением, Савин Александр Александрович инженер лаборатории пикосекундной техники каф. РСС
Оператор: 
[Промт]: Категория: Веб-ресурсы ТУСУР
Тема: Внесение данных в телефонный справочник
Пользователь: Здравствуйте! Для подтверждения роли сотрудника прошу внести в телефонный справочник мой e-mail: [EMAIL] Спасибо! С уважением, Савин Александр Александрович инженер лаборатории пикосекундной техники каф. РСС
Оператор: 
[Эталонный ответ]: Здравствуйте! Для внесения почты в телефонный справочник обратитесь, пожалуйста, к менеджеру вышестоящему структурному подразделению [URL]
[Beam 1]: <extra_id_0>, и т.д.)
[Beam 2]: <extra_id_0>, и т.п.)
[Beam 3]: <extra_id_0>, и т.п.).
[Beam 4]: <extra_id_0>, и т.д.).
[Beam 5]: <extra_id_0>, и т.д.
====================================================================================================
====================================================================================================
[Входной текст]: Категория: Заявка на размещение публикаций
Тема: Документы
Пользователь: Необходимо новый файл поместить в раздел документов и на сайте абитуриента и на магистранта
Оператор: 
[Промт]: Категория: Заявка на размещение публикаций
Тема: Документы
Пользователь: Необходимо новый файл поместить в раздел документов и на сайте абитуриента и на магистранта
Оператор: 
[Эталонный ответ]: Правила приема разместил на абитуриентах, магистратуре и в разделе СООО
[Beam 1]: <extra_id_0> в разделе Документы
[Beam 2]: <extra_id_0>, а потом...
[Beam 3]: <extra_id_0> и на сайте
[Beam 4]: <extra_id_0>, а также
[Beam 5]: <extra_id_0>, а потом ...
====================================================================================================
====================================================================================================
[Входной текст]: Категория: Веб-ресурсы ТУСУР
Тема: Дополнить данные по учебному пособию
Пользователь: По учебному пособию ИНФРАСТРУКТУРА НОВОВВЕДЕНИЙ нужно добавить данные Было издано в печатном варианте Инфраструктура нововведений: учеб. пособие / Н.В. Шимко, Л.Б. Ботаева. – Томск: Изд-во Томск. гос. ун-та систем управле- ния и радиоэлектроники, 2022. – 156 с. ISBN 978-5-86889-982-9 [URL]
Оператор: 
[Промт]: Категория: Веб-ресурсы ТУСУР
Тема: Дополнить данные по учебному пособию
Пользователь: По учебному пособию ИНФРАСТРУКТУРА НОВОВВЕДЕНИЙ нужно добавить данные Было издано в печатном варианте Инфраструктура нововведений: учеб. пособие / Н.В. Шимко, Л.Б. Ботаева. – Томск: Изд-во Томск. гос. ун-та систем управле- ния и радиоэлектроники, 2022. – 156 с. ISBN 978-5-86889-982-9 [URL]
Оператор: 
[Эталонный ответ]: Здравствуйте! Куда именно необходимо добавить данную информацию?
[Beam 1]: <extra_id_0> Тема: Инфраструктура нововведений
[Beam 2]: <extra_id_0> Тема: Дополнить данные Пользователь:
[Beam 3]: <extra_id_0> Тема: Веб-ресурсы ТУСУР
[Beam 4]: <extra_id_0> Тема: Веб-ресурсы
[Beam 5]: <extra_id_0> Тема: Дополнить данные
====================================================================================================
✅ Accuracy @ step 0: 0.0000
📊 ROUGE-1: 0.0041, ROUGE-L: 0.0041, BLEU: 0.0014
🌟 METEOR: 0.0093, chrF: 0.0433, Fuzzy: 0.1603, Length ratio: 0.4376
🟢 Masked accuracy: 0.0388
🧠 BERTScore(F1) (all beams): 0.7859
Эпоха None завершена!
{'loss': 23.5231, 'grad_norm': 575.9022216796875, 'learning_rate': 7.99820095396748e-05, 'epoch': 1.0}
{'eval_loss': 10.354331016540527, 'eval_model_preparation_time': 0.0022, 'eval_runtime': 3.8404, 'eval_samples_per_second': 64.577, 'eval_steps_per_second': 8.072, 'epoch': 1.0}
====================================================================================================
[Входной текст]: Категория: Электронный документооборот
Тема: Добавление пользователя в СЭД
Пользователь: Прошу добавить сотрудника в СЭД: Брыкалов Евгений Александрович [URL]
Оператор: У Евгения Александровича в телефонном справочнике не указан адрес электронной почты. В СЭД его добавил, но без почты он не будет получать уведомления и я не смогу выслать ему инструкции и данные для входа.
Пользователь: Почта должна быть корпоративная, верно?
Оператор: Нужна почта, которую сотрудник просматривает. Желательно корпоративную, но если он не пользуется то можно и другую.
Пользователь: [EMAIL]
Оператор: 
[Промт]: Категория: Электронный документооборот
Тема: Добавление пользователя в СЭД
Пользователь: Прошу добавить сотрудника в СЭД: Брыкалов Евгений Александрович [URL]
Оператор: 
[Эталонный ответ]: Добавили
[Beam 1]: <extra_id_0> [URL]
[Beam 2]: <extra_id_0> в СЭД [U]
[Beam 3]: <extra_id_0> [U] [U]
[Beam 4]: <extra_id_0> в СЭД.
[Beam 5]: <extra_id_0> [UR]
====================================================================================================
====================================================================================================
[Входной текст]: Категория: Веб-ресурсы ТУСУР
Тема: Доступ в личный кабинет как преподавателя
Пользователь: не вижу своего расписания и нет журналов посещения.
Оператор: 
[Промт]: Категория: Веб-ресурсы ТУСУР
Тема: Доступ в личный кабинет как преподавателя
Пользователь: не вижу своего расписания и нет журналов посещения.
Оператор: 
[Эталонный ответ]: Добрый день! По нашим данным в вашем расписании нет никаких занятий, следовательно у вас нет журналов посещаемости для заполнения и расписания.
[Beam 1]: <extra_id_0> и нет журналов посещения.
[Beam 2]: <extra_id_0> и нет журнала посещения.
[Beam 3]: <extra_id_0> и нет журналов..
[Beam 4]: <extra_id_0> и нет журналов.
[Beam 5]: <extra_id_0> и нет журналов...
====================================================================================================
====================================================================================================
[Входной текст]: Категория: Веб-ресурсы ТУСУР
Тема: Внесение данных в телефонный справочник
Пользователь: Здравствуйте! Для подтверждения роли сотрудника прошу внести в телефонный справочник мой e-mail: [EMAIL] Спасибо! С уважением, Савин Александр Александрович инженер лаборатории пикосекундной техники каф. РСС
Оператор: 
[Промт]: Категория: Веб-ресурсы ТУСУР
Тема: Внесение данных в телефонный справочник
Пользователь: Здравствуйте! Для подтверждения роли сотрудника прошу внести в телефонный справочник мой e-mail: [EMAIL] Спасибо! С уважением, Савин Александр Александрович инженер лаборатории пикосекундной техники каф. РСС
Оператор: 
[Эталонный ответ]: Здравствуйте! Для внесения почты в телефонный справочник обратитесь, пожалуйста, к менеджеру вышестоящему структурному подразделению [URL]
[Beam 1]: <extra_id_0>, а так же в тексте.
[Beam 2]: <extra_id_0>, а так же в тексте!.
[Beam 3]: <extra_id_0>, а так же в тексте..
[Beam 4]: <extra_id_0>, а так же в тексте!
[Beam 5]: <extra_id_0>, а так же в тексте.!
====================================================================================================
====================================================================================================
[Входной текст]: Категория: Заявка на размещение публикаций
Тема: Документы
Пользователь: Необходимо новый файл поместить в раздел документов и на сайте абитуриента и на магистранта
Оператор: 
[Промт]: Категория: Заявка на размещение публикаций
Тема: Документы
Пользователь: Необходимо новый файл поместить в раздел документов и на сайте абитуриента и на магистранта
Оператор: 
[Эталонный ответ]: Правила приема разместил на абитуриентах, магистратуре и в разделе СООО
[Beam 1]: <extra_id_0> в раздел документов документы.
[Beam 2]: <extra_id_0> в раздел документов документов.
[Beam 3]: <extra_id_0> в раздел документов документы
[Beam 4]: <extra_id_0> в разделе документы.
[Beam 5]: <extra_id_0> в раздел документов ..
====================================================================================================
====================================================================================================
[Входной текст]: Категория: Веб-ресурсы ТУСУР
Тема: Дополнить данные по учебному пособию
Пользователь: По учебному пособию ИНФРАСТРУКТУРА НОВОВВЕДЕНИЙ нужно добавить данные Было издано в печатном варианте Инфраструктура нововведений: учеб. пособие / Н.В. Шимко, Л.Б. Ботаева. – Томск: Изд-во Томск. гос. ун-та систем управле- ния и радиоэлектроники, 2022. – 156 с. ISBN 978-5-86889-982-9 [URL]
Оператор: 
[Промт]: Категория: Веб-ресурсы ТУСУР
Тема: Дополнить данные по учебному пособию
Пользователь: По учебному пособию ИНФРАСТРУКТУРА НОВОВВЕДЕНИЙ нужно добавить данные Было издано в печатном варианте Инфраструктура нововведений: учеб. пособие / Н.В. Шимко, Л.Б. Ботаева. – Томск: Изд-во Томск. гос. ун-та систем управле- ния и радиоэлектроники, 2022. – 156 с. ISBN 978-5-86889-982-9 [URL]
Оператор: 
[Эталонный ответ]: Здравствуйте! Куда именно необходимо добавить данную информацию?
[Beam 1]: <extra_id_0>. Категория: Веб-ресурсы
[Beam 2]: <extra_id_0>. Категория: Веб-ресурсы Пользователь
[Beam 3]: <extra_id_0>. Категория: Веб ресурсы
[Beam 4]: <extra_id_0>, а так же.
[Beam 5]: <extra_id_0>, а также
====================================================================================================
✅ Accuracy @ step 279: 0.0000
📊 ROUGE-1: 0.0056, ROUGE-L: 0.0056, BLEU: 0.0032
🌟 METEOR: 0.0167, chrF: 0.0624, Fuzzy: 0.1965, Length ratio: 0.5746
🟢 Masked accuracy: 0.0365
🧠 BERTScore(F1) (all beams): 0.8002
Эпоха 1.0 завершена!
{'loss': 7.4297, 'grad_norm': 1219.304931640625, 'learning_rate': 7.962369504564927e-05, 'epoch': 2.0}
{'eval_loss': 4.301123142242432, 'eval_model_preparation_time': 0.0022, 'eval_runtime': 3.8503, 'eval_samples_per_second': 64.41, 'eval_steps_per_second': 8.051, 'epoch': 2.0}
====================================================================================================
[Входной текст]: Категория: Электронный документооборот
Тема: Добавление пользователя в СЭД
Пользователь: Прошу добавить сотрудника в СЭД: Брыкалов Евгений Александрович [URL]
Оператор: У Евгения Александровича в телефонном справочнике не указан адрес электронной почты. В СЭД его добавил, но без почты он не будет получать уведомления и я не смогу выслать ему инструкции и данные для входа.
Пользователь: Почта должна быть корпоративная, верно?
Оператор: Нужна почта, которую сотрудник просматривает. Желательно корпоративную, но если он не пользуется то можно и другую.
Пользователь: [EMAIL]
Оператор: 
[Промт]: Категория: Электронный документооборот
Тема: Добавление пользователя в СЭД
Пользователь: Прошу добавить сотрудника в СЭД: Брыкалов Евгений Александрович [URL]
Оператор: 
[Эталонный ответ]: Добавили
[Beam 1]: <extra_id_0>
[Beam 2]: <extra_id_0>!
[Beam 3]: <extra_id_0>!!!!!!!!!!!!!!!!!!!!!!!!!!!!!!!!,,,,,,,,,,,,,,,,,,,,,,,,,,,.
[Beam 4]: <extra_id_0>!!!!!!!!!!!!!!!!!!!!!!!!!!!!!!!!,,,,,,,,,,,,,,,,,,,,,,,,,.
[Beam 5]: <extra_id_0>!!!!!!!!!!!!!!!!!!!!!!!!!!!!!!!!,,,,,,,,,,,,,,,,,,,,.
====================================================================================================
====================================================================================================
[Входной текст]: Категория: Веб-ресурсы ТУСУР
Тема: Доступ в личный кабинет как преподавателя
Пользователь: не вижу своего расписания и нет журналов посещения.
Оператор: 
[Промт]: Категория: Веб-ресурсы ТУСУР
Тема: Доступ в личный кабинет как преподавателя
Пользователь: не вижу своего расписания и нет журналов посещения.
Оператор: 
[Эталонный ответ]: Добрый день! По нашим данным в вашем расписании нет никаких занятий, следовательно у вас нет журналов посещаемости для заполнения и расписания.
[Beam 1]: <extra_id_0>!
[Beam 2]: <extra_id_0>
[Beam 3]: <extra_id_0>!.. . . и и.,,,.
[Beam 4]: <extra_id_0>!.. . . и и.,,.
[Beam 5]: <extra_id_0>!.. . . и и. ,
====================================================================================================
====================================================================================================
[Входной текст]: Категория: Веб-ресурсы ТУСУР
Тема: Внесение данных в телефонный справочник
Пользователь: Здравствуйте! Для подтверждения роли сотрудника прошу внести в телефонный справочник мой e-mail: [EMAIL] Спасибо! С уважением, Савин Александр Александрович инженер лаборатории пикосекундной техники каф. РСС
Оператор: 
[Промт]: Категория: Веб-ресурсы ТУСУР
Тема: Внесение данных в телефонный справочник
Пользователь: Здравствуйте! Для подтверждения роли сотрудника прошу внести в телефонный справочник мой e-mail: [EMAIL] Спасибо! С уважением, Савин Александр Александрович инженер лаборатории пикосекундной техники каф. РСС
Оператор: 
[Эталонный ответ]: Здравствуйте! Для внесения почты в телефонный справочник обратитесь, пожалуйста, к менеджеру вышестоящему структурному подразделению [URL]
[Beam 1]: <extra_id_0>!!!!!!!!,,,, , , , , и ии,,
[Beam 2]: <extra_id_0>!!!!!!!!,,,, , , , , и ии,
[Beam 3]: <extra_id_0>!!!!!!!!,,,, , , , , и ии,
[Beam 4]: <extra_id_0>!!!!!!!!,,,, , , , , и ии,,
[Beam 5]: <extra_id_0>!!!!!!!!,,,, , , , , и и,,,.,,
====================================================================================================
====================================================================================================
[Входной текст]: Категория: Заявка на размещение публикаций
Тема: Документы
Пользователь: Необходимо новый файл поместить в раздел документов и на сайте абитуриента и на магистранта
Оператор: 
[Промт]: Категория: Заявка на размещение публикаций
Тема: Документы
Пользователь: Необходимо новый файл поместить в раздел документов и на сайте абитуриента и на магистранта
Оператор: 
[Эталонный ответ]: Правила приема разместил на абитуриентах, магистратуре и в разделе СООО
[Beam 1]: <extra_id_0>
[Beam 2]: <extra_id_0>!!! , , , , . ,,,,,,,, ,,,,,,,, ,,, ,, ,, ,, ,, ,,, ,,,,, ,,,,
[Beam 3]: <extra_id_0>!!! , , , , . ,,,,,,,, ,,,,,,,, ,,, ,, ,, ,, ,, ,,, ,,,,,,,, ,
[Beam 4]: <extra_id_0>!!! , , , , . ,,,,,,,, ,,,,,,,, ,,, ,, ,, ,, ,, ,,, ,,,,,,,,,
[Beam 5]: <extra_id_0>!!! , , , , . ,,,,,,,, ,,,,,,,, ,,, ,, ,, ,, ,, ,,, ,,,,,,,,,,
====================================================================================================
====================================================================================================
[Входной текст]: Категория: Веб-ресурсы ТУСУР
Тема: Дополнить данные по учебному пособию
Пользователь: По учебному пособию ИНФРАСТРУКТУРА НОВОВВЕДЕНИЙ нужно добавить данные Было издано в печатном варианте Инфраструктура нововведений: учеб. пособие / Н.В. Шимко, Л.Б. Ботаева. – Томск: Изд-во Томск. гос. ун-та систем управле- ния и радиоэлектроники, 2022. – 156 с. ISBN 978-5-86889-982-9 [URL]
Оператор: 
[Промт]: Категория: Веб-ресурсы ТУСУР
Тема: Дополнить данные по учебному пособию
Пользователь: По учебному пособию ИНФРАСТРУКТУРА НОВОВВЕДЕНИЙ нужно добавить данные Было издано в печатном варианте Инфраструктура нововведений: учеб. пособие / Н.В. Шимко, Л.Б. Ботаева. – Томск: Изд-во Томск. гос. ун-та систем управле- ния и радиоэлектроники, 2022. – 156 с. ISBN 978-5-86889-982-9 [URL]
Оператор: 
[Эталонный ответ]: Здравствуйте! Куда именно необходимо добавить данную информацию?
[Beam 1]: <extra_id_0>
[Beam 2]: <extra_id_0>!!!!!!!!!!!!!!!!!!!!!!!!!!!!!!!!!!!!!!!!!!!!!,,,,,,,,,,,,,,,,,
[Beam 3]: <extra_id_0>!!!!!!!!!!!!!!!!!!!!!!!!!!!!!!!!!!!!!!!!!!!!!,,,,,,,,,,,,,,,,.
[Beam 4]: <extra_id_0>!!!!!!!!!!!!!!!!!!!!!!!!!!!!!!!!!!!!!!!!!!!!!,,,,,,,,,,,,,,,,
[Beam 5]: <extra_id_0>!!!!!!!!!!!!!!!!!!!!!!!!!!!!!!!!!!!!!!!!!!!!!,,,,,,,,,,,,,,,..
====================================================================================================
✅ Accuracy @ step 558: 0.0000
📊 ROUGE-1: 0.0000, ROUGE-L: 0.0000, BLEU: 0.0002
🌟 METEOR: 0.0010, chrF: 0.0050, Fuzzy: 0.0645, Length ratio: 0.5914
🟢 Masked accuracy: 0.4555
🧠 BERTScore(F1) (all beams): 0.7507
Эпоха 2.0 завершена!
{'loss': 4.5651, 'grad_norm': 104.24153137207031, 'learning_rate': 7.880976092744308e-05, 'epoch': 3.0}
{'eval_loss': 3.9303340911865234, 'eval_model_preparation_time': 0.0022, 'eval_runtime': 3.8515, 'eval_samples_per_second': 64.391, 'eval_steps_per_second': 8.049, 'epoch': 3.0}
====================================================================================================
[Входной текст]: Категория: Электронный документооборот
Тема: Добавление пользователя в СЭД
Пользователь: Прошу добавить сотрудника в СЭД: Брыкалов Евгений Александрович [URL]
Оператор: У Евгения Александровича в телефонном справочнике не указан адрес электронной почты. В СЭД его добавил, но без почты он не будет получать уведомления и я не смогу выслать ему инструкции и данные для входа.
Пользователь: Почта должна быть корпоративная, верно?
Оператор: Нужна почта, которую сотрудник просматривает. Желательно корпоративную, но если он не пользуется то можно и другую.
Пользователь: [EMAIL]
Оператор: 
[Промт]: Категория: Электронный документооборот
Тема: Добавление пользователя в СЭД
Пользователь: Прошу добавить сотрудника в СЭД: Брыкалов Евгений Александрович [URL]
Оператор: 
[Эталонный ответ]: Добавили
[Beam 1]: Здравствуйте!
[Beam 2]: Здравствуйте!
[Beam 3]: Здравствуйте!
[Beam 4]: Здравствуйте! .
[Beam 5]: Здравствуйте ,
====================================================================================================
====================================================================================================
[Входной текст]: Категория: Веб-ресурсы ТУСУР
Тема: Доступ в личный кабинет как преподавателя
Пользователь: не вижу своего расписания и нет журналов посещения.
Оператор: 
[Промт]: Категория: Веб-ресурсы ТУСУР
Тема: Доступ в личный кабинет как преподавателя
Пользователь: не вижу своего расписания и нет журналов посещения.
Оператор: 
[Эталонный ответ]: Добрый день! По нашим данным в вашем расписании нет никаких занятий, следовательно у вас нет журналов посещаемости для заполнения и расписания.
[Beam 1]: Здравствуйте ,
[Beam 2]: Здравствуйте , .
[Beam 3]: Здравствуйте , . .
[Beam 4]: Здравствуйте.   ,
[Beam 5]: Здравствуйте , . ,
====================================================================================================
====================================================================================================
[Входной текст]: Категория: Веб-ресурсы ТУСУР
Тема: Внесение данных в телефонный справочник
Пользователь: Здравствуйте! Для подтверждения роли сотрудника прошу внести в телефонный справочник мой e-mail: [EMAIL] Спасибо! С уважением, Савин Александр Александрович инженер лаборатории пикосекундной техники каф. РСС
Оператор: 
[Промт]: Категория: Веб-ресурсы ТУСУР
Тема: Внесение данных в телефонный справочник
Пользователь: Здравствуйте! Для подтверждения роли сотрудника прошу внести в телефонный справочник мой e-mail: [EMAIL] Спасибо! С уважением, Савин Александр Александрович инженер лаборатории пикосекундной техники каф. РСС
Оператор: 
[Эталонный ответ]: Здравствуйте! Для внесения почты в телефонный справочник обратитесь, пожалуйста, к менеджеру вышестоящему структурному подразделению [URL]
[Beam 1]: Здравствуйте! ,
[Beam 2]: Здравствуйте ,     .
[Beam 3]: Здравствуйте! ,
[Beam 4]: Здравствуйте ,   ,   ,
[Beam 5]: Здравствуйте ,      ,
====================================================================================================
====================================================================================================
[Входной текст]: Категория: Заявка на размещение публикаций
Тема: Документы
Пользователь: Необходимо новый файл поместить в раздел документов и на сайте абитуриента и на магистранта
Оператор: 
[Промт]: Категория: Заявка на размещение публикаций
Тема: Документы
Пользователь: Необходимо новый файл поместить в раздел документов и на сайте абитуриента и на магистранта
Оператор: 
[Эталонный ответ]: Правила приема разместил на абитуриентах, магистратуре и в разделе СООО
[Beam 1]: Здравствуйте ,
[Beam 2]: Здравствуйте ,  ,
[Beam 3]: Здравствуйте ,
[Beam 4]: Здравствуйте ,   ,
[Beam 5]: Здравствуйте , ,
====================================================================================================
====================================================================================================
[Входной текст]: Категория: Веб-ресурсы ТУСУР
Тема: Дополнить данные по учебному пособию
Пользователь: По учебному пособию ИНФРАСТРУКТУРА НОВОВВЕДЕНИЙ нужно добавить данные Было издано в печатном варианте Инфраструктура нововведений: учеб. пособие / Н.В. Шимко, Л.Б. Ботаева. – Томск: Изд-во Томск. гос. ун-та систем управле- ния и радиоэлектроники, 2022. – 156 с. ISBN 978-5-86889-982-9 [URL]
Оператор: 
[Промт]: Категория: Веб-ресурсы ТУСУР
Тема: Дополнить данные по учебному пособию
Пользователь: По учебному пособию ИНФРАСТРУКТУРА НОВОВВЕДЕНИЙ нужно добавить данные Было издано в печатном варианте Инфраструктура нововведений: учеб. пособие / Н.В. Шимко, Л.Б. Ботаева. – Томск: Изд-во Томск. гос. ун-та систем управле- ния и радиоэлектроники, 2022. – 156 с. ISBN 978-5-86889-982-9 [URL]
Оператор: 
[Эталонный ответ]: Здравствуйте! Куда именно необходимо добавить данную информацию?
[Beam 1]: Здравствуйте , ,
[Beam 2]: Здравствуйте ,
[Beam 3]: Здравствуйте ,   ,
[Beam 4]: Здравствуйте ,  , ,
[Beam 5]: Здравствуйте
====================================================================================================
✅ Accuracy @ step 837: 0.0000
📊 ROUGE-1: 0.0000, ROUGE-L: 0.0000, BLEU: 0.0005
🌟 METEOR: 0.0036, chrF: 0.0944, Fuzzy: 0.2303, Length ratio: 0.3831
🟢 Masked accuracy: 0.4755
🧠 BERTScore(F1) (all beams): 0.7937
Эпоха 3.0 завершена!
{'loss': 4.1125, 'grad_norm': 82.11055755615234, 'learning_rate': 7.754956634140494e-05, 'epoch': 4.0}
{'eval_loss': 3.7693629264831543, 'eval_model_preparation_time': 0.0022, 'eval_runtime': 3.8372, 'eval_samples_per_second': 64.63, 'eval_steps_per_second': 8.079, 'epoch': 4.0}
====================================================================================================
[Входной текст]: Категория: Электронный документооборот
Тема: Добавление пользователя в СЭД
Пользователь: Прошу добавить сотрудника в СЭД: Брыкалов Евгений Александрович [URL]
Оператор: У Евгения Александровича в телефонном справочнике не указан адрес электронной почты. В СЭД его добавил, но без почты он не будет получать уведомления и я не смогу выслать ему инструкции и данные для входа.
Пользователь: Почта должна быть корпоративная, верно?
Оператор: Нужна почта, которую сотрудник просматривает. Желательно корпоративную, но если он не пользуется то можно и другую.
Пользователь: [EMAIL]
Оператор: 
[Промт]: Категория: Электронный документооборот
Тема: Добавление пользователя в СЭД
Пользователь: Прошу добавить сотрудника в СЭД: Брыкалов Евгений Александрович [URL]
Оператор: 
[Эталонный ответ]: Добавили
[Beam 1]: Здравствуйте , !
[Beam 2]: Здравствуйте , ,
[Beam 3]: Здравствуйте ,
[Beam 4]: Здравствуйте  ,
[Beam 5]: Здравствуйте ,  !
====================================================================================================
====================================================================================================
[Входной текст]: Категория: Веб-ресурсы ТУСУР
Тема: Доступ в личный кабинет как преподавателя
Пользователь: не вижу своего расписания и нет журналов посещения.
Оператор: 
[Промт]: Категория: Веб-ресурсы ТУСУР
Тема: Доступ в личный кабинет как преподавателя
Пользователь: не вижу своего расписания и нет журналов посещения.
Оператор: 
[Эталонный ответ]: Добрый день! По нашим данным в вашем расписании нет никаких занятий, следовательно у вас нет журналов посещаемости для заполнения и расписания.
[Beam 1]: Здравствуйте ,
[Beam 2]: Здравствуйте ,
[Beam 3]: Здравствуйте ,    ,
[Beam 4]: Здравствуйте ,
[Beam 5]: Здравствуйте ,   !
====================================================================================================
====================================================================================================
[Входной текст]: Категория: Веб-ресурсы ТУСУР
Тема: Внесение данных в телефонный справочник
Пользователь: Здравствуйте! Для подтверждения роли сотрудника прошу внести в телефонный справочник мой e-mail: [EMAIL] Спасибо! С уважением, Савин Александр Александрович инженер лаборатории пикосекундной техники каф. РСС
Оператор: 
[Промт]: Категория: Веб-ресурсы ТУСУР
Тема: Внесение данных в телефонный справочник
Пользователь: Здравствуйте! Для подтверждения роли сотрудника прошу внести в телефонный справочник мой e-mail: [EMAIL] Спасибо! С уважением, Савин Александр Александрович инженер лаборатории пикосекундной техники каф. РСС
Оператор: 
[Эталонный ответ]: Здравствуйте! Для внесения почты в телефонный справочник обратитесь, пожалуйста, к менеджеру вышестоящему структурному подразделению [URL]
[Beam 1]: Здравствуйте !
[Beam 2]: Здравствуйте !
[Beam 3]: Здравствуйте !
[Beam 4]: Здравствуйте !
[Beam 5]: Здравствуйте !
====================================================================================================
====================================================================================================
[Входной текст]: Категория: Заявка на размещение публикаций
Тема: Документы
Пользователь: Необходимо новый файл поместить в раздел документов и на сайте абитуриента и на магистранта
Оператор: 
[Промт]: Категория: Заявка на размещение публикаций
Тема: Документы
Пользователь: Необходимо новый файл поместить в раздел документов и на сайте абитуриента и на магистранта
Оператор: 
[Эталонный ответ]: Правила приема разместил на абитуриентах, магистратуре и в разделе СООО
[Beam 1]: Здравствуйте!
[Beam 2]: Здравствуйте!
[Beam 3]: Здравствуйте! . ,
[Beam 4]: Здравствуйте! . ,  .
[Beam 5]: Здравствуйте! . ,  .
====================================================================================================
====================================================================================================
[Входной текст]: Категория: Веб-ресурсы ТУСУР
Тема: Дополнить данные по учебному пособию
Пользователь: По учебному пособию ИНФРАСТРУКТУРА НОВОВВЕДЕНИЙ нужно добавить данные Было издано в печатном варианте Инфраструктура нововведений: учеб. пособие / Н.В. Шимко, Л.Б. Ботаева. – Томск: Изд-во Томск. гос. ун-та систем управле- ния и радиоэлектроники, 2022. – 156 с. ISBN 978-5-86889-982-9 [URL]
Оператор: 
[Промт]: Категория: Веб-ресурсы ТУСУР
Тема: Дополнить данные по учебному пособию
Пользователь: По учебному пособию ИНФРАСТРУКТУРА НОВОВВЕДЕНИЙ нужно добавить данные Было издано в печатном варианте Инфраструктура нововведений: учеб. пособие / Н.В. Шимко, Л.Б. Ботаева. – Томск: Изд-во Томск. гос. ун-та систем управле- ния и радиоэлектроники, 2022. – 156 с. ISBN 978-5-86889-982-9 [URL]
Оператор: 
[Эталонный ответ]: Здравствуйте! Куда именно необходимо добавить данную информацию?
[Beam 1]: Здравствуйте
[Beam 2]: Здравствуйте
[Beam 3]: Здравствуйте
[Beam 4]: Здравствуйте
[Beam 5]: Здравствуйте
====================================================================================================
✅ Accuracy @ step 1116: 0.0000
📊 ROUGE-1: 0.0000, ROUGE-L: 0.0000, BLEU: 0.0009
🌟 METEOR: 0.0053, chrF: 0.0950, Fuzzy: 0.2133, Length ratio: 0.3242
🟢 Masked accuracy: 0.4756
🧠 BERTScore(F1) (all beams): 0.7972
Эпоха 4.0 завершена!
{'loss': 3.9324, 'grad_norm': 163.48135375976562, 'learning_rate': 7.58576018438301e-05, 'epoch': 5.0}
{'eval_loss': 3.7280337810516357, 'eval_model_preparation_time': 0.0022, 'eval_runtime': 3.8501, 'eval_samples_per_second': 64.414, 'eval_steps_per_second': 8.052, 'epoch': 5.0}
====================================================================================================
[Входной текст]: Категория: Электронный документооборот
Тема: Добавление пользователя в СЭД
Пользователь: Прошу добавить сотрудника в СЭД: Брыкалов Евгений Александрович [URL]
Оператор: У Евгения Александровича в телефонном справочнике не указан адрес электронной почты. В СЭД его добавил, но без почты он не будет получать уведомления и я не смогу выслать ему инструкции и данные для входа.
Пользователь: Почта должна быть корпоративная, верно?
Оператор: Нужна почта, которую сотрудник просматривает. Желательно корпоративную, но если он не пользуется то можно и другую.
Пользователь: [EMAIL]
Оператор: 
[Промт]: Категория: Электронный документооборот
Тема: Добавление пользователя в СЭД
Пользователь: Прошу добавить сотрудника в СЭД: Брыкалов Евгений Александрович [URL]
Оператор: 
[Эталонный ответ]: Добавили
[Beam 1]: Здравствуйте,
[Beam 2]: Здравствуйте!        !              ,
[Beam 3]: Здравствуйте.
[Beam 4]: Здравствуйте.
[Beam 5]: Здравствуйте.  !
====================================================================================================
====================================================================================================
[Входной текст]: Категория: Веб-ресурсы ТУСУР
Тема: Доступ в личный кабинет как преподавателя
Пользователь: не вижу своего расписания и нет журналов посещения.
Оператор: 
[Промт]: Категория: Веб-ресурсы ТУСУР
Тема: Доступ в личный кабинет как преподавателя
Пользователь: не вижу своего расписания и нет журналов посещения.
Оператор: 
[Эталонный ответ]: Добрый день! По нашим данным в вашем расписании нет никаких занятий, следовательно у вас нет журналов посещаемости для заполнения и расписания.
[Beam 1]: Здравствуйте,     .
[Beam 2]: Здравствуйте,     .
[Beam 3]: Здравствуйте,     .
[Beam 4]: Здравствуйте,     .
[Beam 5]: Здравствуйте,     .
====================================================================================================
====================================================================================================
[Входной текст]: Категория: Веб-ресурсы ТУСУР
Тема: Внесение данных в телефонный справочник
Пользователь: Здравствуйте! Для подтверждения роли сотрудника прошу внести в телефонный справочник мой e-mail: [EMAIL] Спасибо! С уважением, Савин Александр Александрович инженер лаборатории пикосекундной техники каф. РСС
Оператор: 
[Промт]: Категория: Веб-ресурсы ТУСУР
Тема: Внесение данных в телефонный справочник
Пользователь: Здравствуйте! Для подтверждения роли сотрудника прошу внести в телефонный справочник мой e-mail: [EMAIL] Спасибо! С уважением, Савин Александр Александрович инженер лаборатории пикосекундной техники каф. РСС
Оператор: 
[Эталонный ответ]: Здравствуйте! Для внесения почты в телефонный справочник обратитесь, пожалуйста, к менеджеру вышестоящему структурному подразделению [URL]
[Beam 1]: Здравствуйте !
[Beam 2]: Здравствуйте !          .
[Beam 3]: Здравствуйте !                                                         .
[Beam 4]: Здравствуйте !                                                          .
[Beam 5]: Здравствуйте !                                                           .
====================================================================================================
====================================================================================================
[Входной текст]: Категория: Заявка на размещение публикаций
Тема: Документы
Пользователь: Необходимо новый файл поместить в раздел документов и на сайте абитуриента и на магистранта
Оператор: 
[Промт]: Категория: Заявка на размещение публикаций
Тема: Документы
Пользователь: Необходимо новый файл поместить в раздел документов и на сайте абитуриента и на магистранта
Оператор: 
[Эталонный ответ]: Правила приема разместил на абитуриентах, магистратуре и в разделе СООО
[Beam 1]: Здравствуйте    .                             .
[Beam 2]: Здравствуйте    .                                       .
[Beam 3]: Здравствуйте,
[Beam 4]: Здравствуйте    .
[Beam 5]: Здравствуйте    .                             .                          .
====================================================================================================
====================================================================================================
[Входной текст]: Категория: Веб-ресурсы ТУСУР
Тема: Дополнить данные по учебному пособию
Пользователь: По учебному пособию ИНФРАСТРУКТУРА НОВОВВЕДЕНИЙ нужно добавить данные Было издано в печатном варианте Инфраструктура нововведений: учеб. пособие / Н.В. Шимко, Л.Б. Ботаева. – Томск: Изд-во Томск. гос. ун-та систем управле- ния и радиоэлектроники, 2022. – 156 с. ISBN 978-5-86889-982-9 [URL]
Оператор: 
[Промт]: Категория: Веб-ресурсы ТУСУР
Тема: Дополнить данные по учебному пособию
Пользователь: По учебному пособию ИНФРАСТРУКТУРА НОВОВВЕДЕНИЙ нужно добавить данные Было издано в печатном варианте Инфраструктура нововведений: учеб. пособие / Н.В. Шимко, Л.Б. Ботаева. – Томск: Изд-во Томск. гос. ун-та систем управле- ния и радиоэлектроники, 2022. – 156 с. ISBN 978-5-86889-982-9 [URL]
Оператор: 
[Эталонный ответ]: Здравствуйте! Куда именно необходимо добавить данную информацию?
[Beam 1]: Здравствуйте !
[Beam 2]: Здравствуйте!
[Beam 3]: Здравствуйте! !
[Beam 4]: Здравствуйте !                                                           .
[Beam 5]: Здравствуйте !                                                           ,
====================================================================================================
✅ Accuracy @ step 1395: 0.0000
📊 ROUGE-1: 0.0000, ROUGE-L: 0.0000, BLEU: 0.0018
🌟 METEOR: 0.0091, chrF: 0.0972, Fuzzy: 0.2240, Length ratio: 0.5052
🟢 Masked accuracy: 0.4758
🧠 BERTScore(F1) (all beams): 0.8011
Эпоха 5.0 завершена!
{'loss': 3.851, 'grad_norm': 62.1961669921875, 'learning_rate': 7.375332276889738e-05, 'epoch': 6.0}
{'eval_loss': 3.6309287548065186, 'eval_model_preparation_time': 0.0022, 'eval_runtime': 3.8379, 'eval_samples_per_second': 64.619, 'eval_steps_per_second': 8.077, 'epoch': 6.0}
====================================================================================================
[Входной текст]: Категория: Электронный документооборот
Тема: Добавление пользователя в СЭД
Пользователь: Прошу добавить сотрудника в СЭД: Брыкалов Евгений Александрович [URL]
Оператор: У Евгения Александровича в телефонном справочнике не указан адрес электронной почты. В СЭД его добавил, но без почты он не будет получать уведомления и я не смогу выслать ему инструкции и данные для входа.
Пользователь: Почта должна быть корпоративная, верно?
Оператор: Нужна почта, которую сотрудник просматривает. Желательно корпоративную, но если он не пользуется то можно и другую.
Пользователь: [EMAIL]
Оператор: 
[Промт]: Категория: Электронный документооборот
Тема: Добавление пользователя в СЭД
Пользователь: Прошу добавить сотрудника в СЭД: Брыкалов Евгений Александрович [URL]
Оператор: 
[Эталонный ответ]: Добавили
[Beam 1]: Здравствуйте.  ,
[Beam 2]: Здравствуйте.    ,
[Beam 3]: Здравствуйте.    ,
[Beam 4]: Здравствуйте.    ,
[Beam 5]: Здравствуйте.    ,
====================================================================================================
====================================================================================================
[Входной текст]: Категория: Веб-ресурсы ТУСУР
Тема: Доступ в личный кабинет как преподавателя
Пользователь: не вижу своего расписания и нет журналов посещения.
Оператор: 
[Промт]: Категория: Веб-ресурсы ТУСУР
Тема: Доступ в личный кабинет как преподавателя
Пользователь: не вижу своего расписания и нет журналов посещения.
Оператор: 
[Эталонный ответ]: Добрый день! По нашим данным в вашем расписании нет никаких занятий, следовательно у вас нет журналов посещаемости для заполнения и расписания.
[Beam 1]: Здравствуйте! !
[Beam 2]: Здравствуйте! !                                                      ,
[Beam 3]: Здравствуйте!!
[Beam 4]: Здравствуйте! !                                                      , !
[Beam 5]: Здравствуйте! !                                                      ,  !
====================================================================================================
====================================================================================================
[Входной текст]: Категория: Веб-ресурсы ТУСУР
Тема: Внесение данных в телефонный справочник
Пользователь: Здравствуйте! Для подтверждения роли сотрудника прошу внести в телефонный справочник мой e-mail: [EMAIL] Спасибо! С уважением, Савин Александр Александрович инженер лаборатории пикосекундной техники каф. РСС
Оператор: 
[Промт]: Категория: Веб-ресурсы ТУСУР
Тема: Внесение данных в телефонный справочник
Пользователь: Здравствуйте! Для подтверждения роли сотрудника прошу внести в телефонный справочник мой e-mail: [EMAIL] Спасибо! С уважением, Савин Александр Александрович инженер лаборатории пикосекундной техники каф. РСС
Оператор: 
[Эталонный ответ]: Здравствуйте! Для внесения почты в телефонный справочник обратитесь, пожалуйста, к менеджеру вышестоящему структурному подразделению [URL]
[Beam 1]: Здравствуйте!
[Beam 2]: Здравствуйте!       !
[Beam 3]: Здравствуйте!      !
[Beam 4]: Здравствуйте!       !                                                    !
[Beam 5]: Здравствуйте!       !                                                   !
====================================================================================================
====================================================================================================
[Входной текст]: Категория: Заявка на размещение публикаций
Тема: Документы
Пользователь: Необходимо новый файл поместить в раздел документов и на сайте абитуриента и на магистранта
Оператор: 
[Промт]: Категория: Заявка на размещение публикаций
Тема: Документы
Пользователь: Необходимо новый файл поместить в раздел документов и на сайте абитуриента и на магистранта
Оператор: 
[Эталонный ответ]: Правила приема разместил на абитуриентах, магистратуре и в разделе СООО
[Beam 1]: Здравствуйте!
[Beam 2]: Здравствуйте !
[Beam 3]: Здравствуйте!                                                           ,
[Beam 4]: Здравствуйте!                                                            .
[Beam 5]: Здравствуйте!                                                            ,
====================================================================================================
====================================================================================================
[Входной текст]: Категория: Веб-ресурсы ТУСУР
Тема: Дополнить данные по учебному пособию
Пользователь: По учебному пособию ИНФРАСТРУКТУРА НОВОВВЕДЕНИЙ нужно добавить данные Было издано в печатном варианте Инфраструктура нововведений: учеб. пособие / Н.В. Шимко, Л.Б. Ботаева. – Томск: Изд-во Томск. гос. ун-та систем управле- ния и радиоэлектроники, 2022. – 156 с. ISBN 978-5-86889-982-9 [URL]
Оператор: 
[Промт]: Категория: Веб-ресурсы ТУСУР
Тема: Дополнить данные по учебному пособию
Пользователь: По учебному пособию ИНФРАСТРУКТУРА НОВОВВЕДЕНИЙ нужно добавить данные Было издано в печатном варианте Инфраструктура нововведений: учеб. пособие / Н.В. Шимко, Л.Б. Ботаева. – Томск: Изд-во Томск. гос. ун-та систем управле- ния и радиоэлектроники, 2022. – 156 с. ISBN 978-5-86889-982-9 [URL]
Оператор: 
[Эталонный ответ]: Здравствуйте! Куда именно необходимо добавить данную информацию?
[Beam 1]: Здравствуйте!
[Beam 2]: Здравствуйте!!
[Beam 3]: Здравствуйте!                                                            .
[Beam 4]: Здравствуйте!                                                            ,
[Beam 5]: Здравствуйте!                                                    ,
====================================================================================================
✅ Accuracy @ step 1674: 0.0000
📊 ROUGE-1: 0.0000, ROUGE-L: 0.0000, BLEU: 0.0031
🌟 METEOR: 0.0134, chrF: 0.0977, Fuzzy: 0.2255, Length ratio: 0.5004
🟢 Masked accuracy: 0.4803
🧠 BERTScore(F1) (all beams): 0.8014
Эпоха 6.0 завершена!
{'loss': 3.7788, 'grad_norm': 1201.333984375, 'learning_rate': 7.12609255182848e-05, 'epoch': 7.0}
{'eval_loss': 3.616938352584839, 'eval_model_preparation_time': 0.0022, 'eval_runtime': 3.8328, 'eval_samples_per_second': 64.704, 'eval_steps_per_second': 8.088, 'epoch': 7.0}
====================================================================================================
[Входной текст]: Категория: Электронный документооборот
Тема: Добавление пользователя в СЭД
Пользователь: Прошу добавить сотрудника в СЭД: Брыкалов Евгений Александрович [URL]
Оператор: У Евгения Александровича в телефонном справочнике не указан адрес электронной почты. В СЭД его добавил, но без почты он не будет получать уведомления и я не смогу выслать ему инструкции и данные для входа.
Пользователь: Почта должна быть корпоративная, верно?
Оператор: Нужна почта, которую сотрудник просматривает. Желательно корпоративную, но если он не пользуется то можно и другую.
Пользователь: [EMAIL]
Оператор: 
[Промт]: Категория: Электронный документооборот
Тема: Добавление пользователя в СЭД
Пользователь: Прошу добавить сотрудника в СЭД: Брыкалов Евгений Александрович [URL]
Оператор: 
[Эталонный ответ]: Добавили
[Beam 1]: Здравствуйте,  !
[Beam 2]: Здравствуйте, . !   ,
[Beam 3]: Здравствуйте, . !   ,
[Beam 4]: Здравствуйте, . !    ,
[Beam 5]: Здравствуйте, . !   ,
====================================================================================================
====================================================================================================
[Входной текст]: Категория: Веб-ресурсы ТУСУР
Тема: Доступ в личный кабинет как преподавателя
Пользователь: не вижу своего расписания и нет журналов посещения.
Оператор: 
[Промт]: Категория: Веб-ресурсы ТУСУР
Тема: Доступ в личный кабинет как преподавателя
Пользователь: не вижу своего расписания и нет журналов посещения.
Оператор: 
[Эталонный ответ]: Добрый день! По нашим данным в вашем расписании нет никаких занятий, следовательно у вас нет журналов посещаемости для заполнения и расписания.
[Beam 1]: Здравствуйте!!!!  !                , ,
[Beam 2]: Здравствуйте!!!!  !                ,   !
[Beam 3]: Здравствуйте!!!!  !
[Beam 4]: Здравствуйте!!!!  !
[Beam 5]: Здравствуйте!!!!  !
====================================================================================================
====================================================================================================
[Входной текст]: Категория: Веб-ресурсы ТУСУР
Тема: Внесение данных в телефонный справочник
Пользователь: Здравствуйте! Для подтверждения роли сотрудника прошу внести в телефонный справочник мой e-mail: [EMAIL] Спасибо! С уважением, Савин Александр Александрович инженер лаборатории пикосекундной техники каф. РСС
Оператор: 
[Промт]: Категория: Веб-ресурсы ТУСУР
Тема: Внесение данных в телефонный справочник
Пользователь: Здравствуйте! Для подтверждения роли сотрудника прошу внести в телефонный справочник мой e-mail: [EMAIL] Спасибо! С уважением, Савин Александр Александрович инженер лаборатории пикосекундной техники каф. РСС
Оператор: 
[Эталонный ответ]: Здравствуйте! Для внесения почты в телефонный справочник обратитесь, пожалуйста, к менеджеру вышестоящему структурному подразделению [URL]
[Beam 1]: Здравствуйте!!  !          .
[Beam 2]: Здравствуйте!!  !          .                 .
[Beam 3]: Здравствуйте!!  !          .                                   .
[Beam 4]: Здравствуйте!!  !          .                                 .
[Beam 5]: Здравствуйте!!  !          .                           .
====================================================================================================
====================================================================================================
[Входной текст]: Категория: Заявка на размещение публикаций
Тема: Документы
Пользователь: Необходимо новый файл поместить в раздел документов и на сайте абитуриента и на магистранта
Оператор: 
[Промт]: Категория: Заявка на размещение публикаций
Тема: Документы
Пользователь: Необходимо новый файл поместить в раздел документов и на сайте абитуриента и на магистранта
Оператор: 
[Эталонный ответ]: Правила приема разместил на абитуриентах, магистратуре и в разделе СООО
[Beam 1]: Здравствуйте. ,
[Beam 2]: Здравствуйте. ,
[Beam 3]: Здравствуйте. ,
[Beam 4]: Здравствуйте. ,
[Beam 5]: Здравствуйте. ,
====================================================================================================
====================================================================================================
[Входной текст]: Категория: Веб-ресурсы ТУСУР
Тема: Дополнить данные по учебному пособию
Пользователь: По учебному пособию ИНФРАСТРУКТУРА НОВОВВЕДЕНИЙ нужно добавить данные Было издано в печатном варианте Инфраструктура нововведений: учеб. пособие / Н.В. Шимко, Л.Б. Ботаева. – Томск: Изд-во Томск. гос. ун-та систем управле- ния и радиоэлектроники, 2022. – 156 с. ISBN 978-5-86889-982-9 [URL]
Оператор: 
[Промт]: Категория: Веб-ресурсы ТУСУР
Тема: Дополнить данные по учебному пособию
Пользователь: По учебному пособию ИНФРАСТРУКТУРА НОВОВВЕДЕНИЙ нужно добавить данные Было издано в печатном варианте Инфраструктура нововведений: учеб. пособие / Н.В. Шимко, Л.Б. Ботаева. – Томск: Изд-во Томск. гос. ун-та систем управле- ния и радиоэлектроники, 2022. – 156 с. ISBN 978-5-86889-982-9 [URL]
Оператор: 
[Эталонный ответ]: Здравствуйте! Куда именно необходимо добавить данную информацию?
[Beam 1]: Здравствуйте                                        ,
[Beam 2]: Здравствуйте                                        ,
[Beam 3]: Здравствуйте                                        ,
[Beam 4]: Здравствуйте                                        ,
[Beam 5]: Здравствуйте                                        ,
====================================================================================================
✅ Accuracy @ step 1953: 0.0000
📊 ROUGE-1: 0.0000, ROUGE-L: 0.0000, BLEU: 0.0026
🌟 METEOR: 0.0117, chrF: 0.0980, Fuzzy: 0.2317, Length ratio: 0.5129
🟢 Masked accuracy: 0.4821
🧠 BERTScore(F1) (all beams): 0.8009
Эпоха 7.0 завершена!
{'loss': 3.7423, 'grad_norm': 66.69391632080078, 'learning_rate': 6.84090693348349e-05, 'epoch': 8.0}
{'eval_loss': 3.6051523685455322, 'eval_model_preparation_time': 0.0022, 'eval_runtime': 3.8459, 'eval_samples_per_second': 64.484, 'eval_steps_per_second': 8.061, 'epoch': 8.0}
====================================================================================================
[Входной текст]: Категория: Электронный документооборот
Тема: Добавление пользователя в СЭД
Пользователь: Прошу добавить сотрудника в СЭД: Брыкалов Евгений Александрович [URL]
Оператор: У Евгения Александровича в телефонном справочнике не указан адрес электронной почты. В СЭД его добавил, но без почты он не будет получать уведомления и я не смогу выслать ему инструкции и данные для входа.
Пользователь: Почта должна быть корпоративная, верно?
Оператор: Нужна почта, которую сотрудник просматривает. Желательно корпоративную, но если он не пользуется то можно и другую.
Пользователь: [EMAIL]
Оператор: 
[Промт]: Категория: Электронный документооборот
Тема: Добавление пользователя в СЭД
Пользователь: Прошу добавить сотрудника в СЭД: Брыкалов Евгений Александрович [URL]
Оператор: 
[Эталонный ответ]: Добавили
[Beam 1]: Здравствуйте, !
[Beam 2]: Здравствуйте, ,
[Beam 3]: Здравствуйте, !
[Beam 4]: Здравствуйте, !
[Beam 5]: Здравствуйте, .
====================================================================================================
====================================================================================================
[Входной текст]: Категория: Веб-ресурсы ТУСУР
Тема: Доступ в личный кабинет как преподавателя
Пользователь: не вижу своего расписания и нет журналов посещения.
Оператор: 
[Промт]: Категория: Веб-ресурсы ТУСУР
Тема: Доступ в личный кабинет как преподавателя
Пользователь: не вижу своего расписания и нет журналов посещения.
Оператор: 
[Эталонный ответ]: Добрый день! По нашим данным в вашем расписании нет никаких занятий, следовательно у вас нет журналов посещаемости для заполнения и расписания.
[Beam 1]: Здравствуйте! !
[Beam 2]: Здравствуйте!  !
[Beam 3]: Здравствуйте! !                                           .
[Beam 4]: Здравствуйте! !                               .
[Beam 5]: Здравствуйте! !                                                          .
====================================================================================================
====================================================================================================
[Входной текст]: Категория: Веб-ресурсы ТУСУР
Тема: Внесение данных в телефонный справочник
Пользователь: Здравствуйте! Для подтверждения роли сотрудника прошу внести в телефонный справочник мой e-mail: [EMAIL] Спасибо! С уважением, Савин Александр Александрович инженер лаборатории пикосекундной техники каф. РСС
Оператор: 
[Промт]: Категория: Веб-ресурсы ТУСУР
Тема: Внесение данных в телефонный справочник
Пользователь: Здравствуйте! Для подтверждения роли сотрудника прошу внести в телефонный справочник мой e-mail: [EMAIL] Спасибо! С уважением, Савин Александр Александрович инженер лаборатории пикосекундной техники каф. РСС
Оператор: 
[Эталонный ответ]: Здравствуйте! Для внесения почты в телефонный справочник обратитесь, пожалуйста, к менеджеру вышестоящему структурному подразделению [URL]
[Beam 1]: Здравствуйте!          .
[Beam 2]: Здравствуйте!           .
[Beam 3]: Здравствуйте!
[Beam 4]: Здравствуйте!          .                                             .
[Beam 5]: Здравствуйте!          .                                                 .
====================================================================================================
====================================================================================================
[Входной текст]: Категория: Заявка на размещение публикаций
Тема: Документы
Пользователь: Необходимо новый файл поместить в раздел документов и на сайте абитуриента и на магистранта
Оператор: 
[Промт]: Категория: Заявка на размещение публикаций
Тема: Документы
Пользователь: Необходимо новый файл поместить в раздел документов и на сайте абитуриента и на магистранта
Оператор: 
[Эталонный ответ]: Правила приема разместил на абитуриентах, магистратуре и в разделе СООО
[Beam 1]: Здравствуйте!  !
[Beam 2]: Здравствуйте!  !
[Beam 3]: Здравствуйте!  !
[Beam 4]: Здравствуйте!  !
[Beam 5]: Здравствуйте!  !
====================================================================================================
====================================================================================================
[Входной текст]: Категория: Веб-ресурсы ТУСУР
Тема: Дополнить данные по учебному пособию
Пользователь: По учебному пособию ИНФРАСТРУКТУРА НОВОВВЕДЕНИЙ нужно добавить данные Было издано в печатном варианте Инфраструктура нововведений: учеб. пособие / Н.В. Шимко, Л.Б. Ботаева. – Томск: Изд-во Томск. гос. ун-та систем управле- ния и радиоэлектроники, 2022. – 156 с. ISBN 978-5-86889-982-9 [URL]
Оператор: 
[Промт]: Категория: Веб-ресурсы ТУСУР
Тема: Дополнить данные по учебному пособию
Пользователь: По учебному пособию ИНФРАСТРУКТУРА НОВОВВЕДЕНИЙ нужно добавить данные Было издано в печатном варианте Инфраструктура нововведений: учеб. пособие / Н.В. Шимко, Л.Б. Ботаева. – Томск: Изд-во Томск. гос. ун-та систем управле- ния и радиоэлектроники, 2022. – 156 с. ISBN 978-5-86889-982-9 [URL]
Оператор: 
[Эталонный ответ]: Здравствуйте! Куда именно необходимо добавить данную информацию?
[Beam 1]: Здравствуйте!!!!!
[Beam 2]: Здравствуйте!!!!!                                 .
[Beam 3]: Здравствуйте!!!!!                                   .
[Beam 4]: Здравствуйте!!!!!                                     .
[Beam 5]: Здравствуйте!!!!!                                .
====================================================================================================
✅ Accuracy @ step 2232: 0.0000
📊 ROUGE-1: 0.0000, ROUGE-L: 0.0000, BLEU: 0.0022
🌟 METEOR: 0.0113, chrF: 0.0980, Fuzzy: 0.2252, Length ratio: 0.5346
🟢 Masked accuracy: 0.4817
🧠 BERTScore(F1) (all beams): 0.8034
Эпоха 8.0 завершена!
{'loss': 3.7103, 'grad_norm': 114.37049865722656, 'learning_rate': 6.523054675950139e-05, 'epoch': 9.0}
{'eval_loss': 3.5915300846099854, 'eval_model_preparation_time': 0.0022, 'eval_runtime': 3.8248, 'eval_samples_per_second': 64.84, 'eval_steps_per_second': 8.105, 'epoch': 9.0}
====================================================================================================
[Входной текст]: Категория: Электронный документооборот
Тема: Добавление пользователя в СЭД
Пользователь: Прошу добавить сотрудника в СЭД: Брыкалов Евгений Александрович [URL]
Оператор: У Евгения Александровича в телефонном справочнике не указан адрес электронной почты. В СЭД его добавил, но без почты он не будет получать уведомления и я не смогу выслать ему инструкции и данные для входа.
Пользователь: Почта должна быть корпоративная, верно?
Оператор: Нужна почта, которую сотрудник просматривает. Желательно корпоративную, но если он не пользуется то можно и другую.
Пользователь: [EMAIL]
Оператор: 
[Промт]: Категория: Электронный документооборот
Тема: Добавление пользователя в СЭД
Пользователь: Прошу добавить сотрудника в СЭД: Брыкалов Евгений Александрович [URL]
Оператор: 
[Эталонный ответ]: Добавили
[Beam 1]: Здравствуйте, ,
[Beam 2]: Здравствуйте, ,  .
[Beam 3]: Здравствуйте, ,  ,
[Beam 4]: Здравствуйте, ,
[Beam 5]: Здравствуйте, ,
====================================================================================================
====================================================================================================
[Входной текст]: Категория: Веб-ресурсы ТУСУР
Тема: Доступ в личный кабинет как преподавателя
Пользователь: не вижу своего расписания и нет журналов посещения.
Оператор: 
[Промт]: Категория: Веб-ресурсы ТУСУР
Тема: Доступ в личный кабинет как преподавателя
Пользователь: не вижу своего расписания и нет журналов посещения.
Оператор: 
[Эталонный ответ]: Добрый день! По нашим данным в вашем расписании нет никаких занятий, следовательно у вас нет журналов посещаемости для заполнения и расписания.
[Beam 1]: Здравствуйте!!! . . , ,  . ,  ,  ,                        .         .
[Beam 2]: Здравствуйте!!! . . , ,  . ,  ,  ,                        .
[Beam 3]: Здравствуйте!!! . . , ,  . ,  ,  ,                      .
[Beam 4]: Здравствуйте!!! . . , ,  . ,  ,  ,                     .
[Beam 5]: Здравствуйте!!! . . , ,  . ,  ,  ,
====================================================================================================
====================================================================================================
[Входной текст]: Категория: Веб-ресурсы ТУСУР
Тема: Внесение данных в телефонный справочник
Пользователь: Здравствуйте! Для подтверждения роли сотрудника прошу внести в телефонный справочник мой e-mail: [EMAIL] Спасибо! С уважением, Савин Александр Александрович инженер лаборатории пикосекундной техники каф. РСС
Оператор: 
[Промт]: Категория: Веб-ресурсы ТУСУР
Тема: Внесение данных в телефонный справочник
Пользователь: Здравствуйте! Для подтверждения роли сотрудника прошу внести в телефонный справочник мой e-mail: [EMAIL] Спасибо! С уважением, Савин Александр Александрович инженер лаборатории пикосекундной техники каф. РСС
Оператор: 
[Эталонный ответ]: Здравствуйте! Для внесения почты в телефонный справочник обратитесь, пожалуйста, к менеджеру вышестоящему структурному подразделению [URL]
[Beam 1]: Здравствуйте!,!
[Beam 2]: Здравствуйте!,!
[Beam 3]: Здравствуйте!,!
[Beam 4]: Здравствуйте!,!
[Beam 5]: Здравствуйте!,!
====================================================================================================
====================================================================================================
[Входной текст]: Категория: Заявка на размещение публикаций
Тема: Документы
Пользователь: Необходимо новый файл поместить в раздел документов и на сайте абитуриента и на магистранта
Оператор: 
[Промт]: Категория: Заявка на размещение публикаций
Тема: Документы
Пользователь: Необходимо новый файл поместить в раздел документов и на сайте абитуриента и на магистранта
Оператор: 
[Эталонный ответ]: Правила приема разместил на абитуриентах, магистратуре и в разделе СООО
[Beam 1]: Здравствуйте!,
[Beam 2]: Здравствуйте!,
[Beam 3]: Здравствуйте!,
[Beam 4]: Здравствуйте! !
[Beam 5]: Здравствуйте! !                                                  ,
====================================================================================================
====================================================================================================
[Входной текст]: Категория: Веб-ресурсы ТУСУР
Тема: Дополнить данные по учебному пособию
Пользователь: По учебному пособию ИНФРАСТРУКТУРА НОВОВВЕДЕНИЙ нужно добавить данные Было издано в печатном варианте Инфраструктура нововведений: учеб. пособие / Н.В. Шимко, Л.Б. Ботаева. – Томск: Изд-во Томск. гос. ун-та систем управле- ния и радиоэлектроники, 2022. – 156 с. ISBN 978-5-86889-982-9 [URL]
Оператор: 
[Промт]: Категория: Веб-ресурсы ТУСУР
Тема: Дополнить данные по учебному пособию
Пользователь: По учебному пособию ИНФРАСТРУКТУРА НОВОВВЕДЕНИЙ нужно добавить данные Было издано в печатном варианте Инфраструктура нововведений: учеб. пособие / Н.В. Шимко, Л.Б. Ботаева. – Томск: Изд-во Томск. гос. ун-та систем управле- ния и радиоэлектроники, 2022. – 156 с. ISBN 978-5-86889-982-9 [URL]
Оператор: 
[Эталонный ответ]: Здравствуйте! Куда именно необходимо добавить данную информацию?
[Beam 1]: Здравствуйте!!! !! !         ,
[Beam 2]: Здравствуйте!!! !! !        ,
[Beam 3]: Здравствуйте!!! !! !          ,
[Beam 4]: Здравствуйте!!! !! !         ,                                           ,
[Beam 5]: Здравствуйте!!! !! !         ,                                          ,
====================================================================================================
✅ Accuracy @ step 2511: 0.0000
📊 ROUGE-1: 0.0000, ROUGE-L: 0.0000, BLEU: 0.0019
🌟 METEOR: 0.0095, chrF: 0.0988, Fuzzy: 0.2262, Length ratio: 0.5218
🟢 Masked accuracy: 0.4824
🧠 BERTScore(F1) (all beams): 0.8021
Эпоха 9.0 завершена!
{'loss': 3.6998, 'grad_norm': 74.54434204101562, 'learning_rate': 6.176190656088229e-05, 'epoch': 10.0}
{'eval_loss': 3.5937421321868896, 'eval_model_preparation_time': 0.0022, 'eval_runtime': 3.8542, 'eval_samples_per_second': 64.345, 'eval_steps_per_second': 8.043, 'epoch': 10.0}
====================================================================================================
[Входной текст]: Категория: Электронный документооборот
Тема: Добавление пользователя в СЭД
Пользователь: Прошу добавить сотрудника в СЭД: Брыкалов Евгений Александрович [URL]
Оператор: У Евгения Александровича в телефонном справочнике не указан адрес электронной почты. В СЭД его добавил, но без почты он не будет получать уведомления и я не смогу выслать ему инструкции и данные для входа.
Пользователь: Почта должна быть корпоративная, верно?
Оператор: Нужна почта, которую сотрудник просматривает. Желательно корпоративную, но если он не пользуется то можно и другую.
Пользователь: [EMAIL]
Оператор: 
[Промт]: Категория: Электронный документооборот
Тема: Добавление пользователя в СЭД
Пользователь: Прошу добавить сотрудника в СЭД: Брыкалов Евгений Александрович [URL]
Оператор: 
[Эталонный ответ]: Добавили
[Beam 1]: Здравствуйте!            .  .  .
[Beam 2]: Здравствуйте!            .  .
[Beam 3]: Здравствуйте!            .  .        .
[Beam 4]: Здравствуйте!            .  .  .                                          в
[Beam 5]: Здравствуйте!            .  .  .                                         ,
====================================================================================================
====================================================================================================
[Входной текст]: Категория: Веб-ресурсы ТУСУР
Тема: Доступ в личный кабинет как преподавателя
Пользователь: не вижу своего расписания и нет журналов посещения.
Оператор: 
[Промт]: Категория: Веб-ресурсы ТУСУР
Тема: Доступ в личный кабинет как преподавателя
Пользователь: не вижу своего расписания и нет журналов посещения.
Оператор: 
[Эталонный ответ]: Добрый день! По нашим данным в вашем расписании нет никаких занятий, следовательно у вас нет журналов посещаемости для заполнения и расписания.
[Beam 1]: Здравствуйте!
[Beam 2]: Здравствуйте!
[Beam 3]: Здравствуйте!  ,
[Beam 4]: Здравствуйте!  ,
[Beam 5]: Здравствуйте!
====================================================================================================
====================================================================================================
[Входной текст]: Категория: Веб-ресурсы ТУСУР
Тема: Внесение данных в телефонный справочник
Пользователь: Здравствуйте! Для подтверждения роли сотрудника прошу внести в телефонный справочник мой e-mail: [EMAIL] Спасибо! С уважением, Савин Александр Александрович инженер лаборатории пикосекундной техники каф. РСС
Оператор: 
[Промт]: Категория: Веб-ресурсы ТУСУР
Тема: Внесение данных в телефонный справочник
Пользователь: Здравствуйте! Для подтверждения роли сотрудника прошу внести в телефонный справочник мой e-mail: [EMAIL] Спасибо! С уважением, Савин Александр Александрович инженер лаборатории пикосекундной техники каф. РСС
Оператор: 
[Эталонный ответ]: Здравствуйте! Для внесения почты в телефонный справочник обратитесь, пожалуйста, к менеджеру вышестоящему структурному подразделению [URL]
[Beam 1]: Здравствуйте!,  !
[Beam 2]: Здравствуйте!,              .          .                  .  .      .
[Beam 3]: Здравствуйте!,              .          .                  .  .
[Beam 4]: Здравствуйте!,              .          .                  . . .
[Beam 5]: Здравствуйте!,              .          .                  . .
====================================================================================================
====================================================================================================
[Входной текст]: Категория: Заявка на размещение публикаций
Тема: Документы
Пользователь: Необходимо новый файл поместить в раздел документов и на сайте абитуриента и на магистранта
Оператор: 
[Промт]: Категория: Заявка на размещение публикаций
Тема: Документы
Пользователь: Необходимо новый файл поместить в раздел документов и на сайте абитуриента и на магистранта
Оператор: 
[Эталонный ответ]: Правила приема разместил на абитуриентах, магистратуре и в разделе СООО
[Beam 1]: Здравствуйте!
[Beam 2]: Здравствуйте!.
[Beam 3]: Здравствуйте!.
[Beam 4]: Здравствуйте!.
[Beam 5]: Здравствуйте!.
====================================================================================================
====================================================================================================
[Входной текст]: Категория: Веб-ресурсы ТУСУР
Тема: Дополнить данные по учебному пособию
Пользователь: По учебному пособию ИНФРАСТРУКТУРА НОВОВВЕДЕНИЙ нужно добавить данные Было издано в печатном варианте Инфраструктура нововведений: учеб. пособие / Н.В. Шимко, Л.Б. Ботаева. – Томск: Изд-во Томск. гос. ун-та систем управле- ния и радиоэлектроники, 2022. – 156 с. ISBN 978-5-86889-982-9 [URL]
Оператор: 
[Промт]: Категория: Веб-ресурсы ТУСУР
Тема: Дополнить данные по учебному пособию
Пользователь: По учебному пособию ИНФРАСТРУКТУРА НОВОВВЕДЕНИЙ нужно добавить данные Было издано в печатном варианте Инфраструктура нововведений: учеб. пособие / Н.В. Шимко, Л.Б. Ботаева. – Томск: Изд-во Томск. гос. ун-та систем управле- ния и радиоэлектроники, 2022. – 156 с. ISBN 978-5-86889-982-9 [URL]
Оператор: 
[Эталонный ответ]: Здравствуйте! Куда именно необходимо добавить данную информацию?
[Beam 1]: Здравствуйте!!! ! ,
[Beam 2]: Здравствуйте!!! ! ,                                                     .
[Beam 3]: Здравствуйте!!! ! ,                                                    .
[Beam 4]: Здравствуйте!!! ! ,                                                      .
[Beam 5]: Здравствуйте!!! ! ,                                                   .
====================================================================================================
✅ Accuracy @ step 2790: 0.0000
📊 ROUGE-1: 0.0000, ROUGE-L: 0.0000, BLEU: 0.0020
🌟 METEOR: 0.0111, chrF: 0.0990, Fuzzy: 0.2243, Length ratio: 0.4076
🟢 Masked accuracy: 0.4836
🧠 BERTScore(F1) (all beams): 0.8039
Эпоха 10.0 завершена!
{'loss': 3.6783, 'grad_norm': 56.466468811035156, 'learning_rate': 5.804303347314724e-05, 'epoch': 11.0}
{'eval_loss': 3.602555751800537, 'eval_model_preparation_time': 0.0022, 'eval_runtime': 3.8345, 'eval_samples_per_second': 64.676, 'eval_steps_per_second': 8.085, 'epoch': 11.0}
====================================================================================================
[Входной текст]: Категория: Электронный документооборот
Тема: Добавление пользователя в СЭД
Пользователь: Прошу добавить сотрудника в СЭД: Брыкалов Евгений Александрович [URL]
Оператор: У Евгения Александровича в телефонном справочнике не указан адрес электронной почты. В СЭД его добавил, но без почты он не будет получать уведомления и я не смогу выслать ему инструкции и данные для входа.
Пользователь: Почта должна быть корпоративная, верно?
Оператор: Нужна почта, которую сотрудник просматривает. Желательно корпоративную, но если он не пользуется то можно и другую.
Пользователь: [EMAIL]
Оператор: 
[Промт]: Категория: Электронный документооборот
Тема: Добавление пользователя в СЭД
Пользователь: Прошу добавить сотрудника в СЭД: Брыкалов Евгений Александрович [URL]
Оператор: 
[Эталонный ответ]: Добавили
[Beam 1]: Здравствуйте!. .    ,
[Beam 2]: Здравствуйте!. .    .
[Beam 3]: Здравствуйте!.  .
[Beam 4]: Здравствуйте!.   .
[Beam 5]: Здравствуйте!. ,
====================================================================================================
====================================================================================================
[Входной текст]: Категория: Веб-ресурсы ТУСУР
Тема: Доступ в личный кабинет как преподавателя
Пользователь: не вижу своего расписания и нет журналов посещения.
Оператор: 
[Промт]: Категория: Веб-ресурсы ТУСУР
Тема: Доступ в личный кабинет как преподавателя
Пользователь: не вижу своего расписания и нет журналов посещения.
Оператор: 
[Эталонный ответ]: Добрый день! По нашим данным в вашем расписании нет никаких занятий, следовательно у вас нет журналов посещаемости для заполнения и расписания.
[Beam 1]: Здравствуйте!.  ,
[Beam 2]: Здравствуйте!.  .
[Beam 3]: Здравствуйте!.  ,
[Beam 4]: Здравствуйте!
[Beam 5]: Здравствуйте!.  ,
====================================================================================================
====================================================================================================
[Входной текст]: Категория: Веб-ресурсы ТУСУР
Тема: Внесение данных в телефонный справочник
Пользователь: Здравствуйте! Для подтверждения роли сотрудника прошу внести в телефонный справочник мой e-mail: [EMAIL] Спасибо! С уважением, Савин Александр Александрович инженер лаборатории пикосекундной техники каф. РСС
Оператор: 
[Промт]: Категория: Веб-ресурсы ТУСУР
Тема: Внесение данных в телефонный справочник
Пользователь: Здравствуйте! Для подтверждения роли сотрудника прошу внести в телефонный справочник мой e-mail: [EMAIL] Спасибо! С уважением, Савин Александр Александрович инженер лаборатории пикосекундной техники каф. РСС
Оператор: 
[Эталонный ответ]: Здравствуйте! Для внесения почты в телефонный справочник обратитесь, пожалуйста, к менеджеру вышестоящему структурному подразделению [URL]
[Beam 1]: Здравствуйте!!
[Beam 2]: Здравствуйте!
[Beam 3]: Здравствуйте!!               ,
[Beam 4]: Здравствуйте!!               ,
[Beam 5]: Здравствуйте!!               ,
====================================================================================================
====================================================================================================
[Входной текст]: Категория: Заявка на размещение публикаций
Тема: Документы
Пользователь: Необходимо новый файл поместить в раздел документов и на сайте абитуриента и на магистранта
Оператор: 
[Промт]: Категория: Заявка на размещение публикаций
Тема: Документы
Пользователь: Необходимо новый файл поместить в раздел документов и на сайте абитуриента и на магистранта
Оператор: 
[Эталонный ответ]: Правила приема разместил на абитуриентах, магистратуре и в разделе СООО
[Beam 1]: Здравствуйте!
[Beam 2]: Здравствуйте!,        ,  ,  , ,  ,  , ,
[Beam 3]: Здравствуйте!,        ,  ,  , ,  ,  , , ,
[Beam 4]: Здравствуйте!,        ,  ,  , ,  ,  , , , ,
[Beam 5]: Здравствуйте!,        ,  ,  , ,  ,  , , ,
====================================================================================================
====================================================================================================
[Входной текст]: Категория: Веб-ресурсы ТУСУР
Тема: Дополнить данные по учебному пособию
Пользователь: По учебному пособию ИНФРАСТРУКТУРА НОВОВВЕДЕНИЙ нужно добавить данные Было издано в печатном варианте Инфраструктура нововведений: учеб. пособие / Н.В. Шимко, Л.Б. Ботаева. – Томск: Изд-во Томск. гос. ун-та систем управле- ния и радиоэлектроники, 2022. – 156 с. ISBN 978-5-86889-982-9 [URL]
Оператор: 
[Промт]: Категория: Веб-ресурсы ТУСУР
Тема: Дополнить данные по учебному пособию
Пользователь: По учебному пособию ИНФРАСТРУКТУРА НОВОВВЕДЕНИЙ нужно добавить данные Было издано в печатном варианте Инфраструктура нововведений: учеб. пособие / Н.В. Шимко, Л.Б. Ботаева. – Томск: Изд-во Томск. гос. ун-та систем управле- ния и радиоэлектроники, 2022. – 156 с. ISBN 978-5-86889-982-9 [URL]
Оператор: 
[Эталонный ответ]: Здравствуйте! Куда именно необходимо добавить данную информацию?
[Beam 1]: Здравствуйте!!!!  ,
[Beam 2]: Здравствуйте!!!!  ,
[Beam 3]: Здравствуйте!!!!   ,
[Beam 4]: Здравствуйте!!!!   ,
[Beam 5]: Здравствуйте!!!!   ,
====================================================================================================
✅ Accuracy @ step 3069: 0.0000
📊 ROUGE-1: 0.0000, ROUGE-L: 0.0000, BLEU: 0.0014
🌟 METEOR: 0.0109, chrF: 0.0991, Fuzzy: 0.2284, Length ratio: 0.3652
🟢 Masked accuracy: 0.4836
🧠 BERTScore(F1) (all beams): 0.8036
Эпоха 11.0 завершена!
{'loss': 3.6606, 'grad_norm': 36.49077224731445, 'learning_rate': 5.411668957481151e-05, 'epoch': 12.0}
{'eval_loss': 3.5688211917877197, 'eval_model_preparation_time': 0.0022, 'eval_runtime': 3.8514, 'eval_samples_per_second': 64.393, 'eval_steps_per_second': 8.049, 'epoch': 12.0}
====================================================================================================
[Входной текст]: Категория: Электронный документооборот
Тема: Добавление пользователя в СЭД
Пользователь: Прошу добавить сотрудника в СЭД: Брыкалов Евгений Александрович [URL]
Оператор: У Евгения Александровича в телефонном справочнике не указан адрес электронной почты. В СЭД его добавил, но без почты он не будет получать уведомления и я не смогу выслать ему инструкции и данные для входа.
Пользователь: Почта должна быть корпоративная, верно?
Оператор: Нужна почта, которую сотрудник просматривает. Желательно корпоративную, но если он не пользуется то можно и другую.
Пользователь: [EMAIL]
Оператор: 
[Промт]: Категория: Электронный документооборот
Тема: Добавление пользователя в СЭД
Пользователь: Прошу добавить сотрудника в СЭД: Брыкалов Евгений Александрович [URL]
Оператор: 
[Эталонный ответ]: Добавили
[Beam 1]: Здравствуйте!
[Beam 2]: Здравствуйте!   ,
[Beam 3]: Здравствуйте!   , ,
[Beam 4]: Здравствуйте!
[Beam 5]: Здравствуйте!   ,
====================================================================================================
====================================================================================================
[Входной текст]: Категория: Веб-ресурсы ТУСУР
Тема: Доступ в личный кабинет как преподавателя
Пользователь: не вижу своего расписания и нет журналов посещения.
Оператор: 
[Промт]: Категория: Веб-ресурсы ТУСУР
Тема: Доступ в личный кабинет как преподавателя
Пользователь: не вижу своего расписания и нет журналов посещения.
Оператор: 
[Эталонный ответ]: Добрый день! По нашим данным в вашем расписании нет никаких занятий, следовательно у вас нет журналов посещаемости для заполнения и расписания.
[Beam 1]: Здравствуйте!
[Beam 2]: Здравствуйте!!
[Beam 3]: Здравствуйте!!
[Beam 4]: Здравствуйте!!
[Beam 5]: Здравствуйте!!
====================================================================================================
====================================================================================================
[Входной текст]: Категория: Веб-ресурсы ТУСУР
Тема: Внесение данных в телефонный справочник
Пользователь: Здравствуйте! Для подтверждения роли сотрудника прошу внести в телефонный справочник мой e-mail: [EMAIL] Спасибо! С уважением, Савин Александр Александрович инженер лаборатории пикосекундной техники каф. РСС
Оператор: 
[Промт]: Категория: Веб-ресурсы ТУСУР
Тема: Внесение данных в телефонный справочник
Пользователь: Здравствуйте! Для подтверждения роли сотрудника прошу внести в телефонный справочник мой e-mail: [EMAIL] Спасибо! С уважением, Савин Александр Александрович инженер лаборатории пикосекундной техники каф. РСС
Оператор: 
[Эталонный ответ]: Здравствуйте! Для внесения почты в телефонный справочник обратитесь, пожалуйста, к менеджеру вышестоящему структурному подразделению [URL]
[Beam 1]: Здравствуйте! !!!
[Beam 2]: Здравствуйте! !!!  .
[Beam 3]: Здравствуйте! !!!
[Beam 4]: Здравствуйте! !!!  .  .
[Beam 5]: Здравствуйте! !!!  .  .  .
====================================================================================================
====================================================================================================
[Входной текст]: Категория: Заявка на размещение публикаций
Тема: Документы
Пользователь: Необходимо новый файл поместить в раздел документов и на сайте абитуриента и на магистранта
Оператор: 
[Промт]: Категория: Заявка на размещение публикаций
Тема: Документы
Пользователь: Необходимо новый файл поместить в раздел документов и на сайте абитуриента и на магистранта
Оператор: 
[Эталонный ответ]: Правила приема разместил на абитуриентах, магистратуре и в разделе СООО
[Beam 1]: Здравствуйте!
[Beam 2]: Здравствуйте!,
[Beam 3]: Здравствуйте!, ,
[Beam 4]: Здравствуйте!!
[Beam 5]: Здравствуйте!!
====================================================================================================
====================================================================================================
[Входной текст]: Категория: Веб-ресурсы ТУСУР
Тема: Дополнить данные по учебному пособию
Пользователь: По учебному пособию ИНФРАСТРУКТУРА НОВОВВЕДЕНИЙ нужно добавить данные Было издано в печатном варианте Инфраструктура нововведений: учеб. пособие / Н.В. Шимко, Л.Б. Ботаева. – Томск: Изд-во Томск. гос. ун-та систем управле- ния и радиоэлектроники, 2022. – 156 с. ISBN 978-5-86889-982-9 [URL]
Оператор: 
[Промт]: Категория: Веб-ресурсы ТУСУР
Тема: Дополнить данные по учебному пособию
Пользователь: По учебному пособию ИНФРАСТРУКТУРА НОВОВВЕДЕНИЙ нужно добавить данные Было издано в печатном варианте Инфраструктура нововведений: учеб. пособие / Н.В. Шимко, Л.Б. Ботаева. – Томск: Изд-во Томск. гос. ун-та систем управле- ния и радиоэлектроники, 2022. – 156 с. ISBN 978-5-86889-982-9 [URL]
Оператор: 
[Эталонный ответ]: Здравствуйте! Куда именно необходимо добавить данную информацию?
[Beam 1]: Здравствуйте!!!!!!! !
[Beam 2]: Здравствуйте!!!!!!! ! ,
[Beam 3]: Здравствуйте!!!!!!! ! ,
[Beam 4]: Здравствуйте!!!!!!! ! ,
[Beam 5]: Здравствуйте!!!!!!! ! ,
====================================================================================================
✅ Accuracy @ step 3348: 0.0000
📊 ROUGE-1: 0.0000, ROUGE-L: 0.0000, BLEU: 0.0006
🌟 METEOR: 0.0049, chrF: 0.0840, Fuzzy: 0.1977, Length ratio: 0.3765
🟢 Masked accuracy: 0.4813
🧠 BERTScore(F1) (all beams): 0.7945
Эпоха 12.0 завершена!
