==> Evaluate BEFORE training (zero epoch baseline)...
====================================================================================================
[Входной текст]: Категория: Веб-ресурсы ТУСУР
Тема: Договор обучения
Пользователь: Здравствуйте, где мне на сайте ТУСУРА оплатить за обучение? Не могу найти уже второй день.
Оператор: 
[Промт]: Категория: Веб-ресурсы ТУСУР
Тема: Договор обучения
Пользователь: Здравствуйте, где мне на сайте ТУСУРА оплатить за обучение? Не могу найти уже второй день.
Оператор: 
[Эталонный ответ]: Здравствуйте! Оплата за обучение производится в личном кабинете в разделе прием платежей [URL].
[Beam 1]: <extra_id_0> на сайте ТУСУР.
[Beam 2]: <extra_id_0> на сайте ТУСУРА.
[Beam 3]: <extra_id_0> на сайте ТУСУР
[Beam 4]: <extra_id_0> на сайте ТУСУРА
[Beam 5]: <extra_id_0> на сайте ТУСУР!
****************************************************************************************************
[Первоначальное сообщение]:
Здравствуйте, где мне на сайте ТУСУРА оплатить за обучение? Не могу найти уже второй день.
[RAG Beam 1]: Здравствуйте! Проверьте, чтобы я установить техническую поддержку на почту [EMAIL]
[RAG Beam 2]: Здравствуйте! Вы обратились ранее в учебное управление.
[RAG Beam 3]: Здравствуйте! Вам найти в журнале посещаемости в настоящий день.
[RAG Beam 4]: Здравствуйте! Обратитесь.
====================================================================================================
====================================================================================================
[Входной текст]: Категория: Веб-ресурсы ТУСУР
Тема: Не пришел код
Пользователь: Здравствуйте! Тел. указан верно, но код не пришел.
Оператор: 
[Промт]: Категория: Веб-ресурсы ТУСУР
Тема: Не пришел код
Пользователь: Здравствуйте! Тел. указан верно, но код не пришел.
Оператор: 
[Эталонный ответ]: Здравствуйте! Подтверждение номера телефона не является обязательным.
[Beam 1]: <extra_id_0>, но код не пришел.
[Beam 2]: <extra_id_0>, а код не пришел
[Beam 3]: <extra_id_0>, но код не пришел!
[Beam 4]: <extra_id_0>, но код не пришел
[Beam 5]: <extra_id_0>, а оператор:
****************************************************************************************************
[Первоначальное сообщение]:
Здравствуйте! Тел. указан верно, но код не пришел.
[RAG Beam 1]: Здравствуйте! Для подтверждения подтверждения - данными для входа.
[RAG Beam 2]: Здравствуйте! Вам на раб столе нет.
[RAG Beam 3]: Здравствуйте! Скажите, пожалуйста, в программе не произошло, пожалуйста, в телефонном справочнике необходимо скачать.
[RAG Beam 4]: Добрый день! Журналом конференции не отображается на конференции от прошлого года по настоящий момент, пожалуйста, установить пароль.
[RAG Beam 5]: Здравствуйте! Вам необходимо скачать и установить преднастроенный VPN клиентов, которые не могли выйти.
====================================================================================================
====================================================================================================
[Входной текст]: Категория: Электронный документооборот
Тема: Учётная запись в системе электронного документооборота
Пользователь: Здравствуйте, я Борисов Данил Вадимович, трудоустроен в НИИ МЭС (ссылка на тел. справочник [URL] ). Мне необходимо получить учётную запись в системе электронного документооборота ТУСУР.
Оператор: 
[Промт]: Категория: Электронный документооборот
Тема: Учётная запись в системе электронного документооборота
Пользователь: Здравствуйте, я Борисов Данил Вадимович, трудоустроен в НИИ МЭС (ссылка на тел. справочник [URL] ). Мне необходимо получить учётную запись в системе электронного документооборота ТУСУР.
Оператор: 
[Эталонный ответ]: Здравствуйте! Вам на корпоративную почту должно прийти письмо с инструкцией и данными для входа. Если этого по какой-то причине не произошло, дайте нам знать.
[Beam 1]: <extra_id_0> [URL] [URL]]
[Beam 2]: <extra_id_0> [URL] [URL]
[Beam 3]: <extra_id_0> [URL] Оператор:
[Beam 4]: <extra_id_0> [URL] ] ]
[Beam 5]: <extra_id_0> [URL] ]
****************************************************************************************************
[Первоначальное сообщение]:
Здравствуйте, я Борисов Данил Вадимович, трудоустроен в НИИ МЭС (ссылка на тел. справочник [URL] ). Мне необходимо получить учётную запись в системе электронного документооборота ТУСУР.
[RAG Beam 1]: Здравствуйте! Вам необходимо подтвердить корпоративную почту должно прийти письмо с инструкцией и данными для входа.
[RAG Beam 2]: Здравствуйте! Вы обратитесь к сайту документооборота необходимо создать, используя ярлык и установить преднастроенный VPN клиент для своей ОС, если этого по какой-то причине не произошло.
[RAG Beam 3]: Добрый день! Вам необходимо обратиться в Центр поддержки, используя ярлык на раб столе, запустить. После установки, запустить, используя ярлык на раб столе.
====================================================================================================
====================================================================================================
[Входной текст]: Категория: Автоматизированные информационные системы ТУСУРа
Тема: Не могу подтвердить посещаемость
Пользователь: В журнале посещаемости не могу подтвердить введенную старостой информацию. Группа: 112-М1, Дисциплина: Вычислительная линейная алгебра и электромагнитная совместимость(ВЛАиЭС), Дата 12.04.2023, 1 и 2 пары (лаб. работа).
Оператор: Здравствуйте! Сейчас ведется работа с системой Журнал посещаемости. Когда работа будет завершена, мы Вас оповестим.
Оператор: 
[Промт]: Категория: Автоматизированные информационные системы ТУСУРа
Тема: Не могу подтвердить посещаемость
Пользователь: В журнале посещаемости не могу подтвердить введенную старостой информацию. Группа: 112-М1, Дисциплина: Вычислительная линейная алгебра и электромагнитная совместимость(ВЛАиЭС), Дата 12.04.2023, 1 и 2 пары (лаб. работа).
Оператор: 
[Эталонный ответ]: Работы завершены, можете подтвердить посещаемость.
[Beam 1]: <extra_id_0>. Дата 12.04.2023.
[Beam 2]: <extra_id_0>. Дата 12.04.2023,
[Beam 3]: <extra_id_0>. Дата 12.04.2023
[Beam 4]: <extra_id_0>. Дата 12.04.2022.
[Beam 5]: <extra_id_0>, а именно:
****************************************************************************************************
[Первоначальное сообщение]:
В журнале посещаемости не могу подтвердить введенную старостой информацию. Группа: 112-М1, Дисциплина: Вычислительная линейная алгебра и электромагнитная совместимость(ВЛАиЭС), Дата 12.04.2023, 1 и 2 пары (лаб. работа).
[RAG Beam 1]: Здравствуйте! Данный день! Вам создана своей корпоративную почту в Центре набора.
[RAG Beam 2]: Здравствуйте! Скажите, пожалуйста, обратитесь, пожалуйста, в Центр сервиса технической поддержки информационных систем ТУСУРа, для решения Вашей проблемы.
[RAG Beam 3]: Здравствуйте! Для доступа к системе корпоративного права не является обязательным.
[RAG Beam 4]: Здравствуйте! Вам пришли письмо с инструкцией и данными для входа.
[RAG Beam 5]: Здравствуйте! После входа и дальнейшее посещаемость.
====================================================================================================
====================================================================================================
[Входной текст]: Категория: Веб-ресурсы ТУСУР
Тема: Личный кабинет
Пользователь: Здравствуйте, я перепоступал в этом году, но у в личном кабинете я все ещё нахожусь в старой группе.
Оператор: Здравствуйте. Приказ об отчислении с прошлой группы еще не прошел, поэтому в системе Вы всё ещё числитесь в старой группе
Пользователь: Здравствуйте, приказ об отчислении должен был пройти, можно ли теперь добавить меня в мою новую группу?
Оператор: 
[Промт]: Категория: Веб-ресурсы ТУСУР
Тема: Личный кабинет
Пользователь: Здравствуйте, я перепоступал в этом году, но у в личном кабинете я все ещё нахожусь в старой группе.
Оператор: 
[Эталонный ответ]: Здравствуйте! Вам необходимо подтвердить роль обучающегося [URL]. После чего авторизоваться на sdo.tusur.ru. После этого в течение часа появится доступ ко всем курсам.
[Beam 1]: <extra_id_0>, а ещё и
[Beam 2]: <extra_id_0>, а ещё.
[Beam 3]: <extra_id_0>, а ещё...
[Beam 4]: <extra_id_0>, и я.
[Beam 5]: <extra_id_0>, а ещё .
****************************************************************************************************
[Первоначальное сообщение]:
Здравствуйте, я перепоступал в этом году, но у в личном кабинете я все ещё нахожусь в старой группе.
[RAG Beam 1]: Здравствуйте! Для доступа к сайту не сделать его на телефонном справочнике.
[RAG Beam 2]: Здравствуйте! Вам на почте должно прийти письмо с инструкцией и данными данными и данными для входа.
[RAG Beam 3]: Здравствуйте! Для решения Вашего вопроса обратитесь, пожалуйста, пожалуйста, к Луканеке, данного решения не является обязательным, пожалуйста, в организационный комитет конференции вы обратитесь к в системе сотрудника конференции и обратитесь.
[RAG Beam 4]: Добрый день! Обратитесь, пожалуйста, в личный кабинет не является обязательным, я не добавили, пожалуйста, для доступа к сайту Антиплагиата и в системе.
====================================================================================================
compute_seq2seq_metrics...
compute_other_metrics...
compute_rag...
[METRICS] RAG rag_rouge1: 0.0226
[METRICS] RAG rag_rougeL: 0.0226
[METRICS] RAG rag_bleu: 0.0391
[METRICS] RAG rag_meteor: 0.0905
[METRICS] RAG rag_chrf: 0.1966
[METRICS] RAG rag_fuzzy: 0.3395
[METRICS] RAG rag_len_ratio: 1.2642
[METRICS] RAG rag_bertscore_f1: 0.8389
[METRICS] RAG rag_semantic_similarity: 0.3916
[METRICS] S2S accuracy: 0.0000
[METRICS] S2S rouge1: 0.0052
[METRICS] S2S rougeL: 0.0052
[METRICS] S2S bleu: 0.0016
[METRICS] S2S masked_accuracy: 0.0367
[METRICS] S2S meteor: 0.0085
[METRICS] S2S chrf: 0.0448
[METRICS] S2S fuzzy: 0.1592
[METRICS] S2S len_ratio: 0.4344
[METRICS] S2S bertscore_f1: 0.7862
[METRICS] S2S semantic_similarity: 0.1603
[METRICS] Epoch 0.0 finished!
