==> Evaluate BEFORE training (zero epoch baseline)...
====================================================================================================
[Входной текст]: Категория: Электронный документооборот
Тема: Удаленный доступ к системе документооборота
Пользователь: Т.к. работаю удаленно и нет возможности приходить в корпуса Тусур Прошу предоставить возможность доступа к системе документооборота из внешней сети с домашнего компьютера
Оператор: 
[Промт]: Категория: Электронный документооборот
Тема: Удаленный доступ к системе документооборота
Пользователь: Т.к. работаю удаленно и нет возможности приходить в корпуса Тусур Прошу предоставить возможность доступа к системе документооборота из внешней сети с домашнего компьютера
Оператор: 
[Эталонный ответ]: Добрый день. Для доступа к сайту документооборота необходимо скачать и установить преднастроенный VPN клиент для своей ОС, по ссылке [URL] После установки, запустить, используя ярлык на раб столе. Затем, в трее, в правом нижнем углу - на значке программы нажать правой кнопкой мыши, выбрать "Подключиться". В появившемся окне - ввести учетные данные (логин и пароль) Логин: [LOGIN] Пароль: [PASSWORD] Скриншоты во вложении.
[Beam 1]: <extra_id_0>, а т.п.
[Beam 2]: <extra_id_0>, а именно:
[Beam 3]: <extra_id_0>, а также удаленно.
[Beam 4]: <extra_id_0>, а т.д.
[Beam 5]: <extra_id_0>, а также удаленно
****************************************************************************************************
[Первоначальное сообщение]:
Т.к. работаю удаленно и нет возможности приходить в корпуса Тусур Прошу предоставить возможность доступа к системе документооборота из внешней сети с домашнего компьютера
[RAG Beam 1]: Здравствуйте! Вам на корпоративную почту должно прийти письмо с инструкцией и данными для входа. Если этого по какой-то причине не произошло, дайте нам знать.
[RAG Beam 2]: Здравствуйте! Все ключи распространяются только через оргкомитет. Для установки в трее-ПК необходимо скачать и установить на компьютеры.
====================================================================================================
====================================================================================================
[Входной текст]: Категория: Веб-ресурсы ТУСУР
Тема: Генератор РП - Невозможность добавить эксперта обеспечивающей кафедры
Пользователь: Добрый день! При работе в генераторе РП и заполнении РП по аспирантуре по всем направлениям подготовки, отсутствует возможность добавления эксперта обеспечивающей кафедры, в частности, по дисциплине "История и философия науки"
Оператор: 
[Промт]: Категория: Веб-ресурсы ТУСУР
Тема: Генератор РП - Невозможность добавить эксперта обеспечивающей кафедры
Пользователь: Добрый день! При работе в генераторе РП и заполнении РП по аспирантуре по всем направлениям подготовки, отсутствует возможность добавления эксперта обеспечивающей кафедры, в частности, по дисциплине "История и философия науки"
Оператор: 
[Эталонный ответ]: Здравствуйте, Маргарита Юрьевна! Экспертов в справочник добавляет учебное управление. Надо обратиться к представителям УУ.
[Beam 1]: <extra_id_0> Тема: Генератор РП
[Beam 2]: <extra_id_0> Тема: Веб-ресурсы
[Beam 3]: <extra_id_0> и т.д.)
[Beam 4]: <extra_id_0> и т.д.
[Beam 5]: <extra_id_0> и т.п.)
****************************************************************************************************
[Первоначальное сообщение]:
Добрый день! При работе в генераторе РП и заполнении РП по аспирантуре по всем направлениям подготовки, отсутствует возможность добавления эксперта обеспечивающей кафедры, в частности, по дисциплине "История и философия науки"
[RAG Beam 1]: Добрый день! Но, Вы пытаетесь подтвердить роль экспертов, поэтому вам нужно решить. Можем прикрепить новую РП с одним из авторов.
[RAG Beam 2]: Здравствуйте! Данные исправлены. Убрали их.
[RAG Beam 3]: Здравствуйте! Для решения Вашего вопроса обратитесь, пожалуйста, в организационный комитет конференции.
[RAG Beam 4]: Готово). Это видно из новой структуры, и данный раздел разместил в телефонном справочнике в телефонном справочнике отсутствует.
[RAG Beam 5]: Добрый день! Для доступа к генератору РП необходимо создать сейчас
====================================================================================================
====================================================================================================
[Входной текст]: Категория: Веб-ресурсы ТУСУР
Тема: журнал посещаемости
Пользователь: Добрый день! Разблокируйте, пожалуйста, журнал посещаемости для группы 114 (РТФ) за 19.02.25, так как посещения отмечены неверно.
Оператор: 
[Промт]: Категория: Веб-ресурсы ТУСУР
Тема: журнал посещаемости
Пользователь: Добрый день! Разблокируйте, пожалуйста, журнал посещаемости для группы 114 (РТФ) за 19.02.25, так как посещения отмечены неверно.
Оператор: 
[Эталонный ответ]: Добрый день! Для решения вашего вопроса обратитесь, пожалуйста, в учебное управление.
[Beam 1]: <extra_id_0>, т.к..
[Beam 2]: <extra_id_0>, т.к.
[Beam 3]: <extra_id_0>, т.к. ...
[Beam 4]: <extra_id_0>, т.к....
[Beam 5]: <extra_id_0>, т.к.,
****************************************************************************************************
[Первоначальное сообщение]:
Добрый день! Разблокируйте, пожалуйста, журнал посещаемости для группы 114 (РТФ) за 19.02.25, так как посещения отмечены неверно.
[RAG Beam 1]: Добрый день. На кафедру 113. После окончания этого занятия, необходимо обратиться в техническую поддержку информационных систем. Обратитесь, пожалуйста, в управление нового набора по тел. 8-382-2-900-100.
[RAG Beam 2]: Здравствуйте! Вам на корпоративную почту должно прийти письмо с инструкцией и данными для входа. Если этого по какой-то причине не произошло, дайте нам знать.
[RAG Beam 3]: Здравствуйте! К сожалению, для решения Вашего вопроса обратитесь, пожалуйста, в Центр сервиса вычислительной техники и систем безопасности по телефону 52-65-50.
[RAG Beam 4]: Здравствуйте! Для решения вашего вопроса обратитесь, пожалуйста, в Центр сервиса вычислительной техники и систем безопасности по телефону 52-65-50.
====================================================================================================
====================================================================================================
[Входной текст]: Категория: Веб-ресурсы ТУСУР
Тема: Не приходит СМС с кодом подтверждения
Пользователь: Не приходит СМС код подтверждения номера телефона
Оператор: 
[Промт]: Категория: Веб-ресурсы ТУСУР
Тема: Не приходит СМС с кодом подтверждения
Пользователь: Не приходит СМС код подтверждения номера телефона
Оператор: 
[Эталонный ответ]: Здравствуйте! Подтверждение номера телефона не является обязательным.
[Beam 1]: <extra_id_0> не приходит СМС код
[Beam 2]: <extra_id_0> СМС код подтверждения
[Beam 3]: <extra_id_0> СМС код подтверждения.
[Beam 4]: <extra_id_0> не приходит СМС
[Beam 5]: <extra_id_0> не приходит СМС.
****************************************************************************************************
[Первоначальное сообщение]:
Не приходит СМС код подтверждения номера телефона
[RAG Beam 1]: Здравствуйте! Подтверждение номера телефона не является обязательным.
[RAG Beam 2]: Добрый день! Подтверждение номера телефона не является обязательным.
[RAG Beam 3]: Здравствуйте! Для решения вашего вопроса обратитесь, пожалуйста, в организационный комитет конференции.
====================================================================================================
====================================================================================================
[Входной текст]: Категория: Веб-ресурсы ТУСУР
Тема: Доступ к журналу посещаемости этого семеста
Пользователь: Здравствуйте! Пропал журнал посещаемости по всем дисциплинам проводимым мной дисциплинам в этом семестре по адресу [URL]. Мне нужен доступ к посещаемости студентов по СИТ, так как это информация должна использоваться для расчёта итоговых баллов. Можно вернуть доступ, ведь семестр ещё не закончился?
Оператор: 
[Промт]: Категория: Веб-ресурсы ТУСУР
Тема: Доступ к журналу посещаемости этого семеста
Пользователь: Здравствуйте! Пропал журнал посещаемости по всем дисциплинам проводимым мной дисциплинам в этом семестре по адресу [URL]. Мне нужен доступ к посещаемости студентов по СИТ, так как это информация должна использоваться для расчёта итоговых баллов. Можно вернуть доступ, ведь семестр ещё не закончился?
Оператор: 
[Эталонный ответ]: Здравствуйте! Журнал посещаемости переключается на новый семестр 31 декабря. Статистика посещаемости по дисциплинам доступна либо в журнале посещаемости при заполнении ведомостей, либо в меню "Преподаватель"-> "Статистика посещаемости". На этой странице необходимо просто указать даты, а которые необходимо отобразить статистику, чтобы найти нужную вам дисциплину.
[Beam 1]: <extra_id_0> Тема: Доступ к журналу
[Beam 2]: <extra_id_0> Тема: Доступ к журналу...
[Beam 3]: <extra_id_0> Тема: Доступ к журналу ...
[Beam 4]: <extra_id_0> Тема: Доступ к журналу.
[Beam 5]: <extra_id_0>, а именно:
****************************************************************************************************
[Первоначальное сообщение]:
Здравствуйте! Пропал журнал посещаемости по всем дисциплинам проводимым мной дисциплинам в этом семестре по адресу [URL]. Мне нужен доступ к посещаемости студентов по СИТ, так как это информация должна использоваться для расчёта итоговых баллов. Можно вернуть доступ, ведь семестр ещё не закончился?
[RAG Beam 1]: Здравствуйте! Вы обратились в техническую поддержку информационных систем. Сообщите, пожалуйста, в том случае, который её был не является обязательным.
[RAG Beam 2]: Здравствуйте! Ответ о подключении к приложению необходимо создать для этой ОС, которая создана для получения доступа к расписаниям по данным группам. Приложение имеет уже сформированный доступ для пользователей, чтобы решить, пожалуйста,
[RAG Beam 3]: В СООО Вы можете разместить в телефонном справочнике с структурным подразделение. С уважением Анатолий Николаевич, фамилия можно заменить только В окне "Электронные документообороты".
[RAG Beam 4]: Доброе утро! Для авторизации визитов на сайте СИТ необходимо ознакомиться с документом на вашу страницу, которая находится заново.
[RAG Beam 5]: Добрый день! Оценки вносятся, а также как они отображаются, это вопрос когда решим. Для этого создаются новые предложения опубликованы на новую платформу, то
====================================================================================================
compute_seq2seq_metrics...
compute_other_metrics...
compute_rag...
