==> Evaluate BEFORE training (zero epoch baseline)...
====================================================================================================
[Входной текст]: Категория: Электронный документооборот
Тема: Удаленный доступ к системе документооборота
Пользователь: Т.к. работаю удаленно и нет возможности приходить в корпуса Тусур Прошу предоставить возможность доступа к системе документооборота из внешней сети с домашнего компьютера
Оператор: 
[Промт]: Категория: Электронный документооборот
Тема: Удаленный доступ к системе документооборота
Пользователь: Т.к. работаю удаленно и нет возможности приходить в корпуса Тусур Прошу предоставить возможность доступа к системе документооборота из внешней сети с домашнего компьютера
Оператор: 
[Эталонный ответ]: Добрый день. Для доступа к сайту документооборота необходимо скачать и установить преднастроенный VPN клиент для своей ОС, по ссылке [URL] После установки, запустить, используя ярлык на раб столе. Затем, в трее, в правом нижнем углу - на значке программы нажать правой кнопкой мыши, выбрать "Подключиться". В появившемся окне - ввести учетные данные (логин и пароль) Логин: [LOGIN] Пароль: [PASSWORD] Скриншоты во вложении.
[Beam 1]: <extra_id_0>, а т.п.
[Beam 2]: <extra_id_0>, а именно:
[Beam 3]: <extra_id_0>, а также удаленно.
[Beam 4]: <extra_id_0>, а т.д.
[Beam 5]: <extra_id_0>, а также удаленно
====================================================================================================
====================================================================================================
[Входной текст]: Категория: Веб-ресурсы ТУСУР
Тема: Генератор РП - Невозможность добавить эксперта обеспечивающей кафедры
Пользователь: Добрый день! При работе в генераторе РП и заполнении РП по аспирантуре по всем направлениям подготовки, отсутствует возможность добавления эксперта обеспечивающей кафедры, в частности, по дисциплине "История и философия науки"
Оператор: 
[Промт]: Категория: Веб-ресурсы ТУСУР
Тема: Генератор РП - Невозможность добавить эксперта обеспечивающей кафедры
Пользователь: Добрый день! При работе в генераторе РП и заполнении РП по аспирантуре по всем направлениям подготовки, отсутствует возможность добавления эксперта обеспечивающей кафедры, в частности, по дисциплине "История и философия науки"
Оператор: 
[Эталонный ответ]: Здравствуйте, Маргарита Юрьевна! Экспертов в справочник добавляет учебное управление. Надо обратиться к представителям УУ.
[Beam 1]: <extra_id_0> Тема: Генератор РП
[Beam 2]: <extra_id_0> Тема: Веб-ресурсы
[Beam 3]: <extra_id_0> и т.д.)
[Beam 4]: <extra_id_0> и т.д.
[Beam 5]: <extra_id_0> и т.п.)
====================================================================================================
====================================================================================================
[Входной текст]: Категория: Веб-ресурсы ТУСУР
Тема: журнал посещаемости
Пользователь: Добрый день! Разблокируйте, пожалуйста, журнал посещаемости для группы 114 (РТФ) за 19.02.25, так как посещения отмечены неверно.
Оператор: 
[Промт]: Категория: Веб-ресурсы ТУСУР
Тема: журнал посещаемости
Пользователь: Добрый день! Разблокируйте, пожалуйста, журнал посещаемости для группы 114 (РТФ) за 19.02.25, так как посещения отмечены неверно.
Оператор: 
[Эталонный ответ]: Добрый день! Для решения вашего вопроса обратитесь, пожалуйста, в учебное управление.
[Beam 1]: <extra_id_0>, т.к..
[Beam 2]: <extra_id_0>, т.к.
[Beam 3]: <extra_id_0>, т.к. ...
[Beam 4]: <extra_id_0>, т.к....
[Beam 5]: <extra_id_0>, т.к.,
====================================================================================================
====================================================================================================
[Входной текст]: Категория: Веб-ресурсы ТУСУР
Тема: Не приходит СМС с кодом подтверждения
Пользователь: Не приходит СМС код подтверждения номера телефона
Оператор: 
[Промт]: Категория: Веб-ресурсы ТУСУР
Тема: Не приходит СМС с кодом подтверждения
Пользователь: Не приходит СМС код подтверждения номера телефона
Оператор: 
[Эталонный ответ]: Здравствуйте! Подтверждение номера телефона не является обязательным.
[Beam 1]: <extra_id_0> не приходит СМС код
[Beam 2]: <extra_id_0> СМС код подтверждения
[Beam 3]: <extra_id_0> СМС код подтверждения.
[Beam 4]: <extra_id_0> не приходит СМС
[Beam 5]: <extra_id_0> не приходит СМС.
====================================================================================================
====================================================================================================
[Входной текст]: Категория: Веб-ресурсы ТУСУР
Тема: Доступ к журналу посещаемости этого семеста
Пользователь: Здравствуйте! Пропал журнал посещаемости по всем дисциплинам проводимым мной дисциплинам в этом семестре по адресу [URL]. Мне нужен доступ к посещаемости студентов по СИТ, так как это информация должна использоваться для расчёта итоговых баллов. Можно вернуть доступ, ведь семестр ещё не закончился?
Оператор: 
[Промт]: Категория: Веб-ресурсы ТУСУР
Тема: Доступ к журналу посещаемости этого семеста
Пользователь: Здравствуйте! Пропал журнал посещаемости по всем дисциплинам проводимым мной дисциплинам в этом семестре по адресу [URL]. Мне нужен доступ к посещаемости студентов по СИТ, так как это информация должна использоваться для расчёта итоговых баллов. Можно вернуть доступ, ведь семестр ещё не закончился?
Оператор: 
[Эталонный ответ]: Здравствуйте! Журнал посещаемости переключается на новый семестр 31 декабря. Статистика посещаемости по дисциплинам доступна либо в журнале посещаемости при заполнении ведомостей, либо в меню "Преподаватель"-> "Статистика посещаемости". На этой странице необходимо просто указать даты, а которые необходимо отобразить статистику, чтобы найти нужную вам дисциплину.
[Beam 1]: <extra_id_0> Тема: Доступ к журналу
[Beam 2]: <extra_id_0> Тема: Доступ к журналу...
[Beam 3]: <extra_id_0> Тема: Доступ к журналу ...
[Beam 4]: <extra_id_0> Тема: Доступ к журналу.
[Beam 5]: <extra_id_0>, а именно:
====================================================================================================
✅ Accuracy @ step 0: 0.0000
📊 ROUGE-1: 0.0019, ROUGE-L: 0.0019, BLEU: 0.0017
🌟 METEOR: 0.0081, chrF: 0.0465, Fuzzy: 0.1624, Length ratio: 0.4169
🟢 Masked accuracy: 0.0394
🧠 BERTScore(F1) (all beams): 0.7877
🟡 Semantic similarity (MiniLM): 0.1673
Эпоха 0.0 завершена!
{'loss': 20.2135, 'grad_norm': 1206.10009765625, 'learning_rate': 3.982758303863914e-05, 'epoch': 1.0}
{'eval_loss': 8.187124252319336, 'eval_model_preparation_time': 0.0022, 'eval_runtime': 7.1138, 'eval_samples_per_second': 64.663, 'eval_steps_per_second': 8.153, 'epoch': 1.0}
====================================================================================================
[Входной текст]: Категория: Электронный документооборот
Тема: Удаленный доступ к системе документооборота
Пользователь: Т.к. работаю удаленно и нет возможности приходить в корпуса Тусур Прошу предоставить возможность доступа к системе документооборота из внешней сети с домашнего компьютера
Оператор: 
[Промт]: Категория: Электронный документооборот
Тема: Удаленный доступ к системе документооборота
Пользователь: Т.к. работаю удаленно и нет возможности приходить в корпуса Тусур Прошу предоставить возможность доступа к системе документооборота из внешней сети с домашнего компьютера
Оператор: 
[Эталонный ответ]: Добрый день. Для доступа к сайту документооборота необходимо скачать и установить преднастроенный VPN клиент для своей ОС, по ссылке [URL] После установки, запустить, используя ярлык на раб столе. Затем, в трее, в правом нижнем углу - на значке программы нажать правой кнопкой мыши, выбрать "Подключиться". В появившемся окне - ввести учетные данные (логин и пароль) Логин: [LOGIN] Пароль: [PASSWORD] Скриншоты во вложении.
[Beam 1]: <extra_id_0>, для этого необходимо!.!!!!
[Beam 2]: <extra_id_0>, для того чтобы..
[Beam 3]: <extra_id_0>, для того, чтобы..
[Beam 4]: <extra_id_0>, для того чтобы..!
[Beam 5]: <extra_id_0>, для того, чтобы..!
====================================================================================================
====================================================================================================
[Входной текст]: Категория: Веб-ресурсы ТУСУР
Тема: Генератор РП - Невозможность добавить эксперта обеспечивающей кафедры
Пользователь: Добрый день! При работе в генераторе РП и заполнении РП по аспирантуре по всем направлениям подготовки, отсутствует возможность добавления эксперта обеспечивающей кафедры, в частности, по дисциплине "История и философия науки"
Оператор: 
[Промт]: Категория: Веб-ресурсы ТУСУР
Тема: Генератор РП - Невозможность добавить эксперта обеспечивающей кафедры
Пользователь: Добрый день! При работе в генераторе РП и заполнении РП по аспирантуре по всем направлениям подготовки, отсутствует возможность добавления эксперта обеспечивающей кафедры, в частности, по дисциплине "История и философия науки"
Оператор: 
[Эталонный ответ]: Здравствуйте, Маргарита Юрьевна! Экспертов в справочник добавляет учебное управление. Надо обратиться к представителям УУ.
[Beam 1]: <extra_id_0>, для этой темы!!!!!!!!!!
[Beam 2]: <extra_id_0>, для этой темы!!!!!!!!!
[Beam 3]: <extra_id_0>, для этой темы. Здравствуйте!
[Beam 4]: <extra_id_0>, для этой темы.
[Beam 5]: <extra_id_0>, для этой темы..
====================================================================================================
====================================================================================================
[Входной текст]: Категория: Веб-ресурсы ТУСУР
Тема: журнал посещаемости
Пользователь: Добрый день! Разблокируйте, пожалуйста, журнал посещаемости для группы 114 (РТФ) за 19.02.25, так как посещения отмечены неверно.
Оператор: 
[Промт]: Категория: Веб-ресурсы ТУСУР
Тема: журнал посещаемости
Пользователь: Добрый день! Разблокируйте, пожалуйста, журнал посещаемости для группы 114 (РТФ) за 19.02.25, так как посещения отмечены неверно.
Оператор: 
[Эталонный ответ]: Добрый день! Для решения вашего вопроса обратитесь, пожалуйста, в учебное управление.
[Beam 1]: <extra_id_0>, пожалуйста, пожалуйста! Здравствуйте! Здравствуйте!
[Beam 2]: <extra_id_0>, пожалуйста, пожалуйста! Здравствуйте!
[Beam 3]: <extra_id_0>, пожалуйста, пожалуйста!! Здравствуйте!
[Beam 4]: <extra_id_0>, пожалуйста, пожалуйста. Здравствуйте!
[Beam 5]: <extra_id_0>, пожалуйста, пожалуйста! Здравствуйте!!
====================================================================================================
====================================================================================================
[Входной текст]: Категория: Веб-ресурсы ТУСУР
Тема: Не приходит СМС с кодом подтверждения
Пользователь: Не приходит СМС код подтверждения номера телефона
Оператор: 
[Промт]: Категория: Веб-ресурсы ТУСУР
Тема: Не приходит СМС с кодом подтверждения
Пользователь: Не приходит СМС код подтверждения номера телефона
Оператор: 
[Эталонный ответ]: Здравствуйте! Подтверждение номера телефона не является обязательным.
[Beam 1]: <extra_id_0> для этой проблемы.
[Beam 2]: <extra_id_0> для того, что..
[Beam 3]: <extra_id_0> для этой проблемы!
[Beam 4]: <extra_id_0> для этой проблемы..
[Beam 5]: <extra_id_0> для этой проблемы!.
====================================================================================================
====================================================================================================
[Входной текст]: Категория: Веб-ресурсы ТУСУР
Тема: Доступ к журналу посещаемости этого семеста
Пользователь: Здравствуйте! Пропал журнал посещаемости по всем дисциплинам проводимым мной дисциплинам в этом семестре по адресу [URL]. Мне нужен доступ к посещаемости студентов по СИТ, так как это информация должна использоваться для расчёта итоговых баллов. Можно вернуть доступ, ведь семестр ещё не закончился?
Оператор: 
[Промт]: Категория: Веб-ресурсы ТУСУР
Тема: Доступ к журналу посещаемости этого семеста
Пользователь: Здравствуйте! Пропал журнал посещаемости по всем дисциплинам проводимым мной дисциплинам в этом семестре по адресу [URL]. Мне нужен доступ к посещаемости студентов по СИТ, так как это информация должна использоваться для расчёта итоговых баллов. Можно вернуть доступ, ведь семестр ещё не закончился?
Оператор: 
[Эталонный ответ]: Здравствуйте! Журнал посещаемости переключается на новый семестр 31 декабря. Статистика посещаемости по дисциплинам доступна либо в журнале посещаемости при заполнении ведомостей, либо в меню "Преподаватель"-> "Статистика посещаемости". На этой странице необходимо просто указать даты, а которые необходимо отобразить статистику, чтобы найти нужную вам дисциплину.
[Beam 1]: <extra_id_0>, а для чего?!!!!!!
[Beam 2]: <extra_id_0>, а для чего?! Здравствуйте! Здравствуйте!
[Beam 3]: <extra_id_0>, а для чего? Здравствуйте! Здравствуйте!
[Beam 4]: <extra_id_0>, а для чего?! Здравствуйте!
[Beam 5]: <extra_id_0>, а для чего? Здравствуйте!
====================================================================================================
✅ Accuracy @ step 517: 0.0000
📊 ROUGE-1: 0.0006, ROUGE-L: 0.0006, BLEU: 0.0030
🌟 METEOR: 0.0186, chrF: 0.0807, Fuzzy: 0.1991, Length ratio: 0.6522
🟢 Masked accuracy: 0.0652
🧠 BERTScore(F1) (all beams): 0.7965
🟡 Semantic similarity (MiniLM): 0.2169
Эпоха 1.0 завершена!
{'loss': 6.3128, 'grad_norm': 992.8551025390625, 'learning_rate': 3.881211576038883e-05, 'epoch': 2.0}
{'eval_loss': 4.077150821685791, 'eval_model_preparation_time': 0.0022, 'eval_runtime': 7.1257, 'eval_samples_per_second': 64.555, 'eval_steps_per_second': 8.14, 'epoch': 2.0}
====================================================================================================
[Входной текст]: Категория: Электронный документооборот
Тема: Удаленный доступ к системе документооборота
Пользователь: Т.к. работаю удаленно и нет возможности приходить в корпуса Тусур Прошу предоставить возможность доступа к системе документооборота из внешней сети с домашнего компьютера
Оператор: 
[Промт]: Категория: Электронный документооборот
Тема: Удаленный доступ к системе документооборота
Пользователь: Т.к. работаю удаленно и нет возможности приходить в корпуса Тусур Прошу предоставить возможность доступа к системе документооборота из внешней сети с домашнего компьютера
Оператор: 
[Эталонный ответ]: Добрый день. Для доступа к сайту документооборота необходимо скачать и установить преднастроенный VPN клиент для своей ОС, по ссылке [URL] После установки, запустить, используя ярлык на раб столе. Затем, в трее, в правом нижнем углу - на значке программы нажать правой кнопкой мыши, выбрать "Подключиться". В появившемся окне - ввести учетные данные (логин и пароль) Логин: [LOGIN] Пароль: [PASSWORD] Скриншоты во вложении.
[Beam 1]: <extra_id_0>
[Beam 2]: <extra_id_0>.. . . .. .. .. .. . .. . . . . . . . . . . . . . . и. и. и и
[Beam 3]: <extra_id_0>.. . . .. .. .. .. . .. . . . . . . . . . . . . . . и. и . и и
[Beam 4]: <extra_id_0>.. . . .. .. .. .. . .. . . . . . . . . . . . . . . и. . и . и
[Beam 5]: <extra_id_0>.. . . .. .. .. .. . .. . . . . . . . . . . . . . . и. и . и .
====================================================================================================
====================================================================================================
[Входной текст]: Категория: Веб-ресурсы ТУСУР
Тема: Генератор РП - Невозможность добавить эксперта обеспечивающей кафедры
Пользователь: Добрый день! При работе в генераторе РП и заполнении РП по аспирантуре по всем направлениям подготовки, отсутствует возможность добавления эксперта обеспечивающей кафедры, в частности, по дисциплине "История и философия науки"
Оператор: 
[Промт]: Категория: Веб-ресурсы ТУСУР
Тема: Генератор РП - Невозможность добавить эксперта обеспечивающей кафедры
Пользователь: Добрый день! При работе в генераторе РП и заполнении РП по аспирантуре по всем направлениям подготовки, отсутствует возможность добавления эксперта обеспечивающей кафедры, в частности, по дисциплине "История и философия науки"
Оператор: 
[Эталонный ответ]: Здравствуйте, Маргарита Юрьевна! Экспертов в справочник добавляет учебное управление. Надо обратиться к представителям УУ.
[Beam 1]: <extra_id_0>.. . . .. .. .. .. . . . . . . . . . . . . . . . . . . . . . .
[Beam 2]: <extra_id_0>.. . . .. .. .. . .. . . . . . . . . . . . . . . . . . . . . .
[Beam 3]: <extra_id_0>.. . . .. .. .. . . .. . . . . . . . . . . . . . . . . . . . .
[Beam 4]: <extra_id_0>.. . . .. .. .. . . . . . . . . . . . . . . . . . . . . . . .
[Beam 5]: <extra_id_0>.. . . .. .. .. .. . . . . . . . . . . . . . . . . . . . . . и
====================================================================================================
====================================================================================================
[Входной текст]: Категория: Веб-ресурсы ТУСУР
Тема: журнал посещаемости
Пользователь: Добрый день! Разблокируйте, пожалуйста, журнал посещаемости для группы 114 (РТФ) за 19.02.25, так как посещения отмечены неверно.
Оператор: 
[Промт]: Категория: Веб-ресурсы ТУСУР
Тема: журнал посещаемости
Пользователь: Добрый день! Разблокируйте, пожалуйста, журнал посещаемости для группы 114 (РТФ) за 19.02.25, так как посещения отмечены неверно.
Оператор: 
[Эталонный ответ]: Добрый день! Для решения вашего вопроса обратитесь, пожалуйста, в учебное управление.
[Beam 1]: <extra_id_0>
[Beam 2]: <extra_id_0>.. . . .. .. . . .. . . . . . . . . . . . . . . и и и и и и .
[Beam 3]: <extra_id_0>.. . . .. .. . . .. . . . . . . . . . . . . . . и и и и и и и
[Beam 4]: <extra_id_0>.. . . .. .. . . .. . . . . . . . . . . . . . . . . . . . . .
[Beam 5]: <extra_id_0>.. . . .. .. .. . . . . . . . . . . . . . . . . . . . . . . .
====================================================================================================
====================================================================================================
[Входной текст]: Категория: Веб-ресурсы ТУСУР
Тема: Не приходит СМС с кодом подтверждения
Пользователь: Не приходит СМС код подтверждения номера телефона
Оператор: 
[Промт]: Категория: Веб-ресурсы ТУСУР
Тема: Не приходит СМС с кодом подтверждения
Пользователь: Не приходит СМС код подтверждения номера телефона
Оператор: 
[Эталонный ответ]: Здравствуйте! Подтверждение номера телефона не является обязательным.
[Beam 1]: <extra_id_0>
[Beam 2]: <extra_id_0>.. . . .. .. . . . .. . . . . . . . . . . . . . . . . . . . .
[Beam 3]: <extra_id_0>.. .. .. .. .. . . . . . . . . . . . . . . . . . . . . . . . .
[Beam 4]: <extra_id_0>.. . . .. .. . . .. . . . . . . . . . . . . . . . . . . . . .
[Beam 5]: <extra_id_0>.. .. .. .. .. . . . . . . . . . . . . . . . . . . . . . . . и
====================================================================================================
====================================================================================================
[Входной текст]: Категория: Веб-ресурсы ТУСУР
Тема: Доступ к журналу посещаемости этого семеста
Пользователь: Здравствуйте! Пропал журнал посещаемости по всем дисциплинам проводимым мной дисциплинам в этом семестре по адресу [URL]. Мне нужен доступ к посещаемости студентов по СИТ, так как это информация должна использоваться для расчёта итоговых баллов. Можно вернуть доступ, ведь семестр ещё не закончился?
Оператор: 
[Промт]: Категория: Веб-ресурсы ТУСУР
Тема: Доступ к журналу посещаемости этого семеста
Пользователь: Здравствуйте! Пропал журнал посещаемости по всем дисциплинам проводимым мной дисциплинам в этом семестре по адресу [URL]. Мне нужен доступ к посещаемости студентов по СИТ, так как это информация должна использоваться для расчёта итоговых баллов. Можно вернуть доступ, ведь семестр ещё не закончился?
Оператор: 
[Эталонный ответ]: Здравствуйте! Журнал посещаемости переключается на новый семестр 31 декабря. Статистика посещаемости по дисциплинам доступна либо в журнале посещаемости при заполнении ведомостей, либо в меню "Преподаватель"-> "Статистика посещаемости". На этой странице необходимо просто указать даты, а которые необходимо отобразить статистику, чтобы найти нужную вам дисциплину.
[Beam 1]: <extra_id_0>.. . .. .. .. .. .. . . . . . . . . и. . . . . и . и . и . и и
[Beam 2]: <extra_id_0>.. . .. .. .. .. .. . . . . . . . . и. . . . . и . и . и . и ,
[Beam 3]: <extra_id_0>.. . .. .. .. .. .. . . . . . . . . и. . . . . и . и . и . и .
[Beam 4]: <extra_id_0>.. . .. .. .. .. .. . . . . . . . . и. . . . . и . и . и . и.
[Beam 5]: <extra_id_0>.. . .. .. .. .. .. . . . . . . . . и. . . . . и . и . и. и и
====================================================================================================
✅ Accuracy @ step 1034: 0.0000
📊 ROUGE-1: 0.0000, ROUGE-L: 0.0000, BLEU: 0.0007
🌟 METEOR: 0.0023, chrF: 0.0057, Fuzzy: 0.1463, Length ratio: 0.8626
🟢 Masked accuracy: 0.4115
🧠 BERTScore(F1) (all beams): 0.7403
🟡 Semantic similarity (MiniLM): 0.1425
Эпоха 2.0 завершена!
{'loss': 4.3765, 'grad_norm': 364.7857971191406, 'learning_rate': 3.6930532198062164e-05, 'epoch': 3.0}
{'eval_loss': 3.8419365882873535, 'eval_model_preparation_time': 0.0022, 'eval_runtime': 7.1292, 'eval_samples_per_second': 64.524, 'eval_steps_per_second': 8.136, 'epoch': 3.0}
====================================================================================================
[Входной текст]: Категория: Электронный документооборот
Тема: Удаленный доступ к системе документооборота
Пользователь: Т.к. работаю удаленно и нет возможности приходить в корпуса Тусур Прошу предоставить возможность доступа к системе документооборота из внешней сети с домашнего компьютера
Оператор: 
[Промт]: Категория: Электронный документооборот
Тема: Удаленный доступ к системе документооборота
Пользователь: Т.к. работаю удаленно и нет возможности приходить в корпуса Тусур Прошу предоставить возможность доступа к системе документооборота из внешней сети с домашнего компьютера
Оператор: 
[Эталонный ответ]: Добрый день. Для доступа к сайту документооборота необходимо скачать и установить преднастроенный VPN клиент для своей ОС, по ссылке [URL] После установки, запустить, используя ярлык на раб столе. Затем, в трее, в правом нижнем углу - на значке программы нажать правой кнопкой мыши, выбрать "Подключиться". В появившемся окне - ввести учетные данные (логин и пароль) Логин: [LOGIN] Пароль: [PASSWORD] Скриншоты во вложении.
[Beam 1]: Здравствуйте
[Beam 2]: Здравствуйте                                                            .
[Beam 3]: Здравствуйте                                                           .
[Beam 4]: Здравствуйте                                                          .
[Beam 5]: Здравствуйте                                                             .
====================================================================================================
====================================================================================================
[Входной текст]: Категория: Веб-ресурсы ТУСУР
Тема: Генератор РП - Невозможность добавить эксперта обеспечивающей кафедры
Пользователь: Добрый день! При работе в генераторе РП и заполнении РП по аспирантуре по всем направлениям подготовки, отсутствует возможность добавления эксперта обеспечивающей кафедры, в частности, по дисциплине "История и философия науки"
Оператор: 
[Промт]: Категория: Веб-ресурсы ТУСУР
Тема: Генератор РП - Невозможность добавить эксперта обеспечивающей кафедры
Пользователь: Добрый день! При работе в генераторе РП и заполнении РП по аспирантуре по всем направлениям подготовки, отсутствует возможность добавления эксперта обеспечивающей кафедры, в частности, по дисциплине "История и философия науки"
Оператор: 
[Эталонный ответ]: Здравствуйте, Маргарита Юрьевна! Экспертов в справочник добавляет учебное управление. Надо обратиться к представителям УУ.
[Beam 1]: Здравствуйте
[Beam 2]: Здравствуйте
[Beam 3]: Здравствуйте        .гин
[Beam 4]: Здравствуйте
[Beam 5]: Здравствуйте
====================================================================================================
====================================================================================================
[Входной текст]: Категория: Веб-ресурсы ТУСУР
Тема: журнал посещаемости
Пользователь: Добрый день! Разблокируйте, пожалуйста, журнал посещаемости для группы 114 (РТФ) за 19.02.25, так как посещения отмечены неверно.
Оператор: 
[Промт]: Категория: Веб-ресурсы ТУСУР
Тема: журнал посещаемости
Пользователь: Добрый день! Разблокируйте, пожалуйста, журнал посещаемости для группы 114 (РТФ) за 19.02.25, так как посещения отмечены неверно.
Оператор: 
[Эталонный ответ]: Добрый день! Для решения вашего вопроса обратитесь, пожалуйста, в учебное управление.
[Beam 1]: Здравствуйте!                                        ,
[Beam 2]: Здравствуйте!                                        ,                  .
[Beam 3]: Здравствуйте!                                        ,                 .
[Beam 4]: Здравствуйте!                                        ,                   .
[Beam 5]: Здравствуйте!                                        ,                .
====================================================================================================
====================================================================================================
[Входной текст]: Категория: Веб-ресурсы ТУСУР
Тема: Не приходит СМС с кодом подтверждения
Пользователь: Не приходит СМС код подтверждения номера телефона
Оператор: 
[Промт]: Категория: Веб-ресурсы ТУСУР
Тема: Не приходит СМС с кодом подтверждения
Пользователь: Не приходит СМС код подтверждения номера телефона
Оператор: 
[Эталонный ответ]: Здравствуйте! Подтверждение номера телефона не является обязательным.
[Beam 1]: Здравствуйте.
[Beam 2]: Здравствуйте.                                                           .
[Beam 3]: Здравствуйте.                                                          .
[Beam 4]: Здравствуйте.                                                            .
[Beam 5]: Здравствуйте.                                                         .
====================================================================================================
====================================================================================================
[Входной текст]: Категория: Веб-ресурсы ТУСУР
Тема: Доступ к журналу посещаемости этого семеста
Пользователь: Здравствуйте! Пропал журнал посещаемости по всем дисциплинам проводимым мной дисциплинам в этом семестре по адресу [URL]. Мне нужен доступ к посещаемости студентов по СИТ, так как это информация должна использоваться для расчёта итоговых баллов. Можно вернуть доступ, ведь семестр ещё не закончился?
Оператор: 
[Промт]: Категория: Веб-ресурсы ТУСУР
Тема: Доступ к журналу посещаемости этого семеста
Пользователь: Здравствуйте! Пропал журнал посещаемости по всем дисциплинам проводимым мной дисциплинам в этом семестре по адресу [URL]. Мне нужен доступ к посещаемости студентов по СИТ, так как это информация должна использоваться для расчёта итоговых баллов. Можно вернуть доступ, ведь семестр ещё не закончился?
Оператор: 
[Эталонный ответ]: Здравствуйте! Журнал посещаемости переключается на новый семестр 31 декабря. Статистика посещаемости по дисциплинам доступна либо в журнале посещаемости при заполнении ведомостей, либо в меню "Преподаватель"-> "Статистика посещаемости". На этой странице необходимо просто указать даты, а которые необходимо отобразить статистику, чтобы найти нужную вам дисциплину.
[Beam 1]: Здравствуйте                        .
[Beam 2]: Здравствуйте                       .
[Beam 3]: Здравствуйте                        .                                    .
[Beam 4]: Здравствуйте                        .                                   .
[Beam 5]: Здравствуйте                       .                                     .
====================================================================================================
✅ Accuracy @ step 1551: 0.0000
📊 ROUGE-1: 0.0000, ROUGE-L: 0.0000, BLEU: 0.0001
🌟 METEOR: 0.0015, chrF: 0.0935, Fuzzy: 0.2375, Length ratio: 0.6140
🟢 Masked accuracy: 0.4341
🧠 BERTScore(F1) (all beams): 0.7967
🟡 Semantic similarity (MiniLM): 0.3175
Эпоха 3.0 завершена!
{'loss': 4.0814, 'grad_norm': 167.00222778320312, 'learning_rate': 3.4269461106443494e-05, 'epoch': 4.0}
{'eval_loss': 3.7588322162628174, 'eval_model_preparation_time': 0.0022, 'eval_runtime': 7.1399, 'eval_samples_per_second': 64.427, 'eval_steps_per_second': 8.123, 'epoch': 4.0}
====================================================================================================
[Входной текст]: Категория: Электронный документооборот
Тема: Удаленный доступ к системе документооборота
Пользователь: Т.к. работаю удаленно и нет возможности приходить в корпуса Тусур Прошу предоставить возможность доступа к системе документооборота из внешней сети с домашнего компьютера
Оператор: 
[Промт]: Категория: Электронный документооборот
Тема: Удаленный доступ к системе документооборота
Пользователь: Т.к. работаю удаленно и нет возможности приходить в корпуса Тусур Прошу предоставить возможность доступа к системе документооборота из внешней сети с домашнего компьютера
Оператор: 
[Эталонный ответ]: Добрый день. Для доступа к сайту документооборота необходимо скачать и установить преднастроенный VPN клиент для своей ОС, по ссылке [URL] После установки, запустить, используя ярлык на раб столе. Затем, в трее, в правом нижнем углу - на значке программы нажать правой кнопкой мыши, выбрать "Подключиться". В появившемся окне - ввести учетные данные (логин и пароль) Логин: [LOGIN] Пароль: [PASSWORD] Скриншоты во вложении.
[Beam 1]: Здравствуйте .
[Beam 2]: Здравствуйте
[Beam 3]: Здравствуйте .                                                          .
[Beam 4]: Здравствуйте .                                                           .
[Beam 5]: Здравствуйте .                                                         .
====================================================================================================
====================================================================================================
[Входной текст]: Категория: Веб-ресурсы ТУСУР
Тема: Генератор РП - Невозможность добавить эксперта обеспечивающей кафедры
Пользователь: Добрый день! При работе в генераторе РП и заполнении РП по аспирантуре по всем направлениям подготовки, отсутствует возможность добавления эксперта обеспечивающей кафедры, в частности, по дисциплине "История и философия науки"
Оператор: 
[Промт]: Категория: Веб-ресурсы ТУСУР
Тема: Генератор РП - Невозможность добавить эксперта обеспечивающей кафедры
Пользователь: Добрый день! При работе в генераторе РП и заполнении РП по аспирантуре по всем направлениям подготовки, отсутствует возможность добавления эксперта обеспечивающей кафедры, в частности, по дисциплине "История и философия науки"
Оператор: 
[Эталонный ответ]: Здравствуйте, Маргарита Юрьевна! Экспертов в справочник добавляет учебное управление. Надо обратиться к представителям УУ.
[Beam 1]: Здравствуйте.
[Beam 2]: Здравствуйте.                                                           .
[Beam 3]: Здравствуйте.                                                          .
[Beam 4]: Здравствуйте.                                                            .
[Beam 5]: Здравствуйте.                                                         .
====================================================================================================
====================================================================================================
[Входной текст]: Категория: Веб-ресурсы ТУСУР
Тема: журнал посещаемости
Пользователь: Добрый день! Разблокируйте, пожалуйста, журнал посещаемости для группы 114 (РТФ) за 19.02.25, так как посещения отмечены неверно.
Оператор: 
[Промт]: Категория: Веб-ресурсы ТУСУР
Тема: журнал посещаемости
Пользователь: Добрый день! Разблокируйте, пожалуйста, журнал посещаемости для группы 114 (РТФ) за 19.02.25, так как посещения отмечены неверно.
Оператор: 
[Эталонный ответ]: Добрый день! Для решения вашего вопроса обратитесь, пожалуйста, в учебное управление.
[Beam 1]: Здравствуйте!
[Beam 2]: Здравствуйте !
[Beam 3]: Здравствуйте!                                                           .
[Beam 4]: Здравствуйте!                                                            .
[Beam 5]: Здравствуйте!                                                          .
====================================================================================================
====================================================================================================
[Входной текст]: Категория: Веб-ресурсы ТУСУР
Тема: Не приходит СМС с кодом подтверждения
Пользователь: Не приходит СМС код подтверждения номера телефона
Оператор: 
[Промт]: Категория: Веб-ресурсы ТУСУР
Тема: Не приходит СМС с кодом подтверждения
Пользователь: Не приходит СМС код подтверждения номера телефона
Оператор: 
[Эталонный ответ]: Здравствуйте! Подтверждение номера телефона не является обязательным.
[Beam 1]: Здравствуйте  .
[Beam 2]: Здравствуйте   .
[Beam 3]: Здравствуйте    .
[Beam 4]: Здравствуйте   .                                                        .
[Beam 5]: Здравствуйте  .                                                          .
====================================================================================================
====================================================================================================
[Входной текст]: Категория: Веб-ресурсы ТУСУР
Тема: Доступ к журналу посещаемости этого семеста
Пользователь: Здравствуйте! Пропал журнал посещаемости по всем дисциплинам проводимым мной дисциплинам в этом семестре по адресу [URL]. Мне нужен доступ к посещаемости студентов по СИТ, так как это информация должна использоваться для расчёта итоговых баллов. Можно вернуть доступ, ведь семестр ещё не закончился?
Оператор: 
[Промт]: Категория: Веб-ресурсы ТУСУР
Тема: Доступ к журналу посещаемости этого семеста
Пользователь: Здравствуйте! Пропал журнал посещаемости по всем дисциплинам проводимым мной дисциплинам в этом семестре по адресу [URL]. Мне нужен доступ к посещаемости студентов по СИТ, так как это информация должна использоваться для расчёта итоговых баллов. Можно вернуть доступ, ведь семестр ещё не закончился?
Оператор: 
[Эталонный ответ]: Здравствуйте! Журнал посещаемости переключается на новый семестр 31 декабря. Статистика посещаемости по дисциплинам доступна либо в журнале посещаемости при заполнении ведомостей, либо в меню "Преподаватель"-> "Статистика посещаемости". На этой странице необходимо просто указать даты, а которые необходимо отобразить статистику, чтобы найти нужную вам дисциплину.
[Beam 1]: Здравствуйте   .
[Beam 2]: Здравствуйте  .
[Beam 3]: Здравствуйте   .                                                         .
[Beam 4]: Здравствуйте   .                                                        .
[Beam 5]: Здравствуйте   .                                                         ,
====================================================================================================
✅ Accuracy @ step 2068: 0.0000
📊 ROUGE-1: 0.0000, ROUGE-L: 0.0000, BLEU: 0.0005
🌟 METEOR: 0.0044, chrF: 0.0950, Fuzzy: 0.2335, Length ratio: 0.6130
🟢 Masked accuracy: 0.4340
🧠 BERTScore(F1) (all beams): 0.8017
🟡 Semantic similarity (MiniLM): 0.3173
Эпоха 4.0 завершена!
{'loss': 3.9403, 'grad_norm': 103.22309112548828, 'learning_rate': 3.095141911443793e-05, 'epoch': 5.0}
{'eval_loss': 3.67170786857605, 'eval_model_preparation_time': 0.0022, 'eval_runtime': 7.1352, 'eval_samples_per_second': 64.469, 'eval_steps_per_second': 8.129, 'epoch': 5.0}
====================================================================================================
[Входной текст]: Категория: Электронный документооборот
Тема: Удаленный доступ к системе документооборота
Пользователь: Т.к. работаю удаленно и нет возможности приходить в корпуса Тусур Прошу предоставить возможность доступа к системе документооборота из внешней сети с домашнего компьютера
Оператор: 
[Промт]: Категория: Электронный документооборот
Тема: Удаленный доступ к системе документооборота
Пользователь: Т.к. работаю удаленно и нет возможности приходить в корпуса Тусур Прошу предоставить возможность доступа к системе документооборота из внешней сети с домашнего компьютера
Оператор: 
[Эталонный ответ]: Добрый день. Для доступа к сайту документооборота необходимо скачать и установить преднастроенный VPN клиент для своей ОС, по ссылке [URL] После установки, запустить, используя ярлык на раб столе. Затем, в трее, в правом нижнем углу - на значке программы нажать правой кнопкой мыши, выбрать "Подключиться". В появившемся окне - ввести учетные данные (логин и пароль) Логин: [LOGIN] Пароль: [PASSWORD] Скриншоты во вложении.
[Beam 1]: Здравствуйте!!
[Beam 2]: Здравствуйте!!                                                          .
[Beam 3]: Здравствуйте!!                                                           .
[Beam 4]: Здравствуйте!
[Beam 5]: Здравствуйте!!                                                         .
====================================================================================================
====================================================================================================
[Входной текст]: Категория: Веб-ресурсы ТУСУР
Тема: Генератор РП - Невозможность добавить эксперта обеспечивающей кафедры
Пользователь: Добрый день! При работе в генераторе РП и заполнении РП по аспирантуре по всем направлениям подготовки, отсутствует возможность добавления эксперта обеспечивающей кафедры, в частности, по дисциплине "История и философия науки"
Оператор: 
[Промт]: Категория: Веб-ресурсы ТУСУР
Тема: Генератор РП - Невозможность добавить эксперта обеспечивающей кафедры
Пользователь: Добрый день! При работе в генераторе РП и заполнении РП по аспирантуре по всем направлениям подготовки, отсутствует возможность добавления эксперта обеспечивающей кафедры, в частности, по дисциплине "История и философия науки"
Оператор: 
[Эталонный ответ]: Здравствуйте, Маргарита Юрьевна! Экспертов в справочник добавляет учебное управление. Надо обратиться к представителям УУ.
[Beam 1]: Здравствуйте! !
[Beam 2]: Здравствуйте! !
[Beam 3]: Здравствуйте! !
[Beam 4]: Здравствуйте! !
[Beam 5]: Здравствуйте! !
====================================================================================================
====================================================================================================
[Входной текст]: Категория: Веб-ресурсы ТУСУР
Тема: журнал посещаемости
Пользователь: Добрый день! Разблокируйте, пожалуйста, журнал посещаемости для группы 114 (РТФ) за 19.02.25, так как посещения отмечены неверно.
Оператор: 
[Промт]: Категория: Веб-ресурсы ТУСУР
Тема: журнал посещаемости
Пользователь: Добрый день! Разблокируйте, пожалуйста, журнал посещаемости для группы 114 (РТФ) за 19.02.25, так как посещения отмечены неверно.
Оператор: 
[Эталонный ответ]: Добрый день! Для решения вашего вопроса обратитесь, пожалуйста, в учебное управление.
[Beam 1]: Здравствуйте!  !
[Beam 2]: Здравствуйте!   !
[Beam 3]: Здравствуйте!
[Beam 4]: Здравствуйте!  !                                                       .
[Beam 5]: Здравствуйте!                                                     .
====================================================================================================
====================================================================================================
[Входной текст]: Категория: Веб-ресурсы ТУСУР
Тема: Не приходит СМС с кодом подтверждения
Пользователь: Не приходит СМС код подтверждения номера телефона
Оператор: 
[Промт]: Категория: Веб-ресурсы ТУСУР
Тема: Не приходит СМС с кодом подтверждения
Пользователь: Не приходит СМС код подтверждения номера телефона
Оператор: 
[Эталонный ответ]: Здравствуйте! Подтверждение номера телефона не является обязательным.
[Beam 1]: Здравствуйте
[Beam 2]: Здравствуйте                                                             .
[Beam 3]: Здравствуйте                                                             !
[Beam 4]: Здравствуйте                                                            .
[Beam 5]: Здравствуйте                                                           .
====================================================================================================
====================================================================================================
[Входной текст]: Категория: Веб-ресурсы ТУСУР
Тема: Доступ к журналу посещаемости этого семеста
Пользователь: Здравствуйте! Пропал журнал посещаемости по всем дисциплинам проводимым мной дисциплинам в этом семестре по адресу [URL]. Мне нужен доступ к посещаемости студентов по СИТ, так как это информация должна использоваться для расчёта итоговых баллов. Можно вернуть доступ, ведь семестр ещё не закончился?
Оператор: 
[Промт]: Категория: Веб-ресурсы ТУСУР
Тема: Доступ к журналу посещаемости этого семеста
Пользователь: Здравствуйте! Пропал журнал посещаемости по всем дисциплинам проводимым мной дисциплинам в этом семестре по адресу [URL]. Мне нужен доступ к посещаемости студентов по СИТ, так как это информация должна использоваться для расчёта итоговых баллов. Можно вернуть доступ, ведь семестр ещё не закончился?
Оператор: 
[Эталонный ответ]: Здравствуйте! Журнал посещаемости переключается на новый семестр 31 декабря. Статистика посещаемости по дисциплинам доступна либо в журнале посещаемости при заполнении ведомостей, либо в меню "Преподаватель"-> "Статистика посещаемости". На этой странице необходимо просто указать даты, а которые необходимо отобразить статистику, чтобы найти нужную вам дисциплину.
[Beam 1]: Здравствуйте      !
[Beam 2]: Здравствуйте  !
[Beam 3]: Здравствуйте      !                                                  !
[Beam 4]: Здравствуйте      !                                                   !
[Beam 5]: Здравствуйте      !                                                     !
====================================================================================================
✅ Accuracy @ step 2585: 0.0000
📊 ROUGE-1: 0.0000, ROUGE-L: 0.0000, BLEU: 0.0016
🌟 METEOR: 0.0093, chrF: 0.0973, Fuzzy: 0.2393, Length ratio: 0.5715
🟢 Masked accuracy: 0.4346
🧠 BERTScore(F1) (all beams): 0.8086
🟡 Semantic similarity (MiniLM): 0.3111
Эпоха 5.0 завершена!
{'loss': 3.8319, 'grad_norm': 79.58769226074219, 'learning_rate': 2.712917001731068e-05, 'epoch': 6.0}
{'eval_loss': 3.595733165740967, 'eval_model_preparation_time': 0.0022, 'eval_runtime': 7.1578, 'eval_samples_per_second': 64.266, 'eval_steps_per_second': 8.103, 'epoch': 6.0}
====================================================================================================
[Входной текст]: Категория: Электронный документооборот
Тема: Удаленный доступ к системе документооборота
Пользователь: Т.к. работаю удаленно и нет возможности приходить в корпуса Тусур Прошу предоставить возможность доступа к системе документооборота из внешней сети с домашнего компьютера
Оператор: 
[Промт]: Категория: Электронный документооборот
Тема: Удаленный доступ к системе документооборота
Пользователь: Т.к. работаю удаленно и нет возможности приходить в корпуса Тусур Прошу предоставить возможность доступа к системе документооборота из внешней сети с домашнего компьютера
Оператор: 
[Эталонный ответ]: Добрый день. Для доступа к сайту документооборота необходимо скачать и установить преднастроенный VPN клиент для своей ОС, по ссылке [URL] После установки, запустить, используя ярлык на раб столе. Затем, в трее, в правом нижнем углу - на значке программы нажать правой кнопкой мыши, выбрать "Подключиться". В появившемся окне - ввести учетные данные (логин и пароль) Логин: [LOGIN] Пароль: [PASSWORD] Скриншоты во вложении.
[Beam 1]: Здравствуйте!
[Beam 2]: Здравствуйте!  !
[Beam 3]: Здравствуйте!                                                           !
[Beam 4]: Здравствуйте!                                                            !
[Beam 5]: Здравствуйте!                                                            .
====================================================================================================
====================================================================================================
[Входной текст]: Категория: Веб-ресурсы ТУСУР
Тема: Генератор РП - Невозможность добавить эксперта обеспечивающей кафедры
Пользователь: Добрый день! При работе в генераторе РП и заполнении РП по аспирантуре по всем направлениям подготовки, отсутствует возможность добавления эксперта обеспечивающей кафедры, в частности, по дисциплине "История и философия науки"
Оператор: 
[Промт]: Категория: Веб-ресурсы ТУСУР
Тема: Генератор РП - Невозможность добавить эксперта обеспечивающей кафедры
Пользователь: Добрый день! При работе в генераторе РП и заполнении РП по аспирантуре по всем направлениям подготовки, отсутствует возможность добавления эксперта обеспечивающей кафедры, в частности, по дисциплине "История и философия науки"
Оператор: 
[Эталонный ответ]: Здравствуйте, Маргарита Юрьевна! Экспертов в справочник добавляет учебное управление. Надо обратиться к представителям УУ.
[Beam 1]: Здравствуйте!       !
[Beam 2]: Здравствуйте!      !
[Beam 3]: Здравствуйте!       !                                                   .
[Beam 4]: Здравствуйте!       !                                                   !
[Beam 5]: Здравствуйте!       !                                                    .
====================================================================================================
====================================================================================================
[Входной текст]: Категория: Веб-ресурсы ТУСУР
Тема: журнал посещаемости
Пользователь: Добрый день! Разблокируйте, пожалуйста, журнал посещаемости для группы 114 (РТФ) за 19.02.25, так как посещения отмечены неверно.
Оператор: 
[Промт]: Категория: Веб-ресурсы ТУСУР
Тема: журнал посещаемости
Пользователь: Добрый день! Разблокируйте, пожалуйста, журнал посещаемости для группы 114 (РТФ) за 19.02.25, так как посещения отмечены неверно.
Оператор: 
[Эталонный ответ]: Добрый день! Для решения вашего вопроса обратитесь, пожалуйста, в учебное управление.
[Beam 1]: Здравствуйте!
[Beam 2]: Здравствуйте!                                             .
[Beam 3]: Здравствуйте!                                           .
[Beam 4]: Здравствуйте!                                          .
[Beam 5]: Здравствуйте!                                                           .
====================================================================================================
====================================================================================================
[Входной текст]: Категория: Веб-ресурсы ТУСУР
Тема: Не приходит СМС с кодом подтверждения
Пользователь: Не приходит СМС код подтверждения номера телефона
Оператор: 
[Промт]: Категория: Веб-ресурсы ТУСУР
Тема: Не приходит СМС с кодом подтверждения
Пользователь: Не приходит СМС код подтверждения номера телефона
Оператор: 
[Эталонный ответ]: Здравствуйте! Подтверждение номера телефона не является обязательным.
[Beam 1]: Здравствуйте
[Beam 2]: Здравствуйте                                                   .
[Beam 3]: Здравствуйте                                                            .
[Beam 4]: Здравствуйте                                                             .
[Beam 5]: Здравствуйте                                                           .
====================================================================================================
====================================================================================================
[Входной текст]: Категория: Веб-ресурсы ТУСУР
Тема: Доступ к журналу посещаемости этого семеста
Пользователь: Здравствуйте! Пропал журнал посещаемости по всем дисциплинам проводимым мной дисциплинам в этом семестре по адресу [URL]. Мне нужен доступ к посещаемости студентов по СИТ, так как это информация должна использоваться для расчёта итоговых баллов. Можно вернуть доступ, ведь семестр ещё не закончился?
Оператор: 
[Промт]: Категория: Веб-ресурсы ТУСУР
Тема: Доступ к журналу посещаемости этого семеста
Пользователь: Здравствуйте! Пропал журнал посещаемости по всем дисциплинам проводимым мной дисциплинам в этом семестре по адресу [URL]. Мне нужен доступ к посещаемости студентов по СИТ, так как это информация должна использоваться для расчёта итоговых баллов. Можно вернуть доступ, ведь семестр ещё не закончился?
Оператор: 
[Эталонный ответ]: Здравствуйте! Журнал посещаемости переключается на новый семестр 31 декабря. Статистика посещаемости по дисциплинам доступна либо в журнале посещаемости при заполнении ведомостей, либо в меню "Преподаватель"-> "Статистика посещаемости". На этой странице необходимо просто указать даты, а которые необходимо отобразить статистику, чтобы найти нужную вам дисциплину.
[Beam 1]: Здравствуйте !                                   !
[Beam 2]: Здравствуйте !                                  !
[Beam 3]: Здравствуйте !                                 !
[Beam 4]: Здравствуйте !                                !
[Beam 5]: Здравствуйте !
====================================================================================================
✅ Accuracy @ step 3102: 0.0000
📊 ROUGE-1: 0.0000, ROUGE-L: 0.0000, BLEU: 0.0024
🌟 METEOR: 0.0105, chrF: 0.0981, Fuzzy: 0.2466, Length ratio: 0.6170
🟢 Masked accuracy: 0.4427
🧠 BERTScore(F1) (all beams): 0.8049
🟡 Semantic similarity (MiniLM): 0.2986
Эпоха 6.0 завершена!
