==> Evaluate BEFORE training (zero epoch baseline)...
====================================================================================================
[Входной текст]: Категория: Веб-ресурсы ТУСУР
Тема: Договор обучения
Пользователь: Здравствуйте, где мне на сайте ТУСУРА оплатить за обучение? Не могу найти уже второй день.
Оператор: 
[Промт]: Категория: Веб-ресурсы ТУСУР
Тема: Договор обучения
Пользователь: Здравствуйте, где мне на сайте ТУСУРА оплатить за обучение? Не могу найти уже второй день.
Оператор: 
[Эталонный ответ]: Здравствуйте! Оплата за обучение производится в личном кабинете в разделе прием платежей [URL].
[Beam 1]: Веб-ресурсы ТУСУР Тема: Договор обучения Пользователь, где мне на сайте ТУСУРА оплатить за обучение? Не могу найти уже второй день. Оператор
[Beam 2]: Веб-ресурсы ТУСУР Тема: Договор обучения Пользователь, где мне на сайте ТУСУРА оплатить за обучение? Не могу найти уже второй день веб-ресурсы ТУСУР и не могу найти уже второй день
[Beam 3]: Веб-ресурсы ТУСУР Тема: Договор обучения Пользователь, где мне на сайте ТУСУРА оплатить за обучение? Не могу найти уже второй день веб-ресурсы ТУСУР Вопрос: Договор обучения Пользователь,
[Beam 4]: Веб-ресурсы ТУСУР Тема: Договор обучения Пользователь, где мне на сайте ТУСУРА оплатить за обучение? Не могу найти уже второй день веб-ресурсы ТУСУР для оплаты за обучение? Не могу
[Beam 5]: Веб-ресурсы ТУСУР Тема: Договор обучения Пользователь, где мне на сайте ТУСУРА оплатить за обучение? Не могу найти уже второй день веб-ресурсы ТУСУР Вопрос: Договор обучения Пользователь? Не
****************************************************************************************************
[Первоначальное сообщение]:
Здравствуйте, где мне на сайте ТУСУРА оплатить за обучение? Не могу найти уже второй день.
[RAG Beam 1]: Здравствуйте! Проверьте, чтобы я установить техническую поддержку на почту [EMAIL]
[RAG Beam 2]: Здравствуйте! Вы обратились ранее в учебное управление.
[RAG Beam 3]: Здравствуйте! Вам найти в журнале посещаемости в настоящий день.
[RAG Beam 4]: Здравствуйте! Обратитесь.
====================================================================================================
====================================================================================================
[Входной текст]: Категория: Веб-ресурсы ТУСУР
Тема: Не пришел код
Пользователь: Здравствуйте! Тел. указан верно, но код не пришел.
Оператор: 
[Промт]: Категория: Веб-ресурсы ТУСУР
Тема: Не пришел код
Пользователь: Здравствуйте! Тел. указан верно, но код не пришел.
Оператор: 
[Эталонный ответ]: Здравствуйте! Подтверждение номера телефона не является обязательным.
[Beam 1]: Веб-ресурсы ТУСУР Тема: Не пришел код Пользователь, но код не пришел. Оператор.
[Beam 2]: Веб-ресурсы ТУСУР Тема: Не пришел код Пользователь, но код не пришел. Оператор
[Beam 3]: Веб-ресурсы ТУСУР Тема не пришел код Пользователь, но код не пришел. Оператор.
[Beam 4]: Веб-ресурсы ТУСУР Тема: не пришел код Пользователь, но код не пришел. Оператор.
[Beam 5]: Веб-ресурсы ТУСУР Тема не пришел код Пользователь, но код не пришел. Оператор
****************************************************************************************************
[Первоначальное сообщение]:
Здравствуйте! Тел. указан верно, но код не пришел.
[RAG Beam 1]: Здравствуйте! Для подтверждения подтверждения - данными для входа.
[RAG Beam 2]: Здравствуйте! Вам на раб столе нет.
[RAG Beam 3]: Здравствуйте! Скажите, пожалуйста, в программе не произошло, пожалуйста, в телефонном справочнике необходимо скачать.
[RAG Beam 4]: Добрый день! Журналом конференции не отображается на конференции от прошлого года по настоящий момент, пожалуйста, установить пароль.
[RAG Beam 5]: Здравствуйте! Вам необходимо скачать и установить преднастроенный VPN клиентов, которые не могли выйти.
====================================================================================================
====================================================================================================
[Входной текст]: Категория: Электронный документооборот
Тема: Учётная запись в системе электронного документооборота
Пользователь: Здравствуйте, я Борисов Данил Вадимович, трудоустроен в НИИ МЭС (ссылка на тел. справочник [URL] ). Мне необходимо получить учётную запись в системе электронного документооборота ТУСУР.
Оператор: 
[Промт]: Категория: Электронный документооборот
Тема: Учётная запись в системе электронного документооборота
Пользователь: Здравствуйте, я Борисов Данил Вадимович, трудоустроен в НИИ МЭС (ссылка на тел. справочник [URL] ). Мне необходимо получить учётную запись в системе электронного документооборота ТУСУР.
Оператор: 
[Эталонный ответ]: Здравствуйте! Вам на корпоративную почту должно прийти письмо с инструкцией и данными для входа. Если этого по какой-то причине не произошло, дайте нам знать.
[Beam 1]: Мне нужно получить учётную запись в системе электронного документооборота в системе электронного документооборота ТУСУР. Оператор может получить учётную запись в системе электронного документооборота в системе электронного документооборота Пользователь,
[Beam 2]: Мне нужно получить учётную запись в системе электронного документооборота в системе электронного документооборота ТУСУР. Оператор может получить учётную запись в системе электронного документооборота в системе электронного документооборота Пользователь
[Beam 3]: Мне нужно получить учётную запись в системе электронного документооборота в системе электронного документооборота ТУСУР. Оператор может получить учётную запись в системе электронного документооборота в системе электронного документооборота ТУСУР
[Beam 4]: Мне нужно получить учётную запись в системе электронного документооборота в системе электронного документооборота ТУСУР. Оператор может получить учётную запись в системе электронного документооборота в системе электронного документооборота Пользователь:
[Beam 5]: Мне нужно получить учётную запись в системе электронного документооборота в системе электронного документооборота ТУСУР. Оператор может получить учётную запись в системе электронного документооборота в системе электронного документаооборота Пользователь,
****************************************************************************************************
[Первоначальное сообщение]:
Здравствуйте, я Борисов Данил Вадимович, трудоустроен в НИИ МЭС (ссылка на тел. справочник [URL] ). Мне необходимо получить учётную запись в системе электронного документооборота ТУСУР.
[RAG Beam 1]: Здравствуйте! Вам необходимо подтвердить корпоративную почту должно прийти письмо с инструкцией и данными для входа.
[RAG Beam 2]: Здравствуйте! Вы обратитесь к сайту документооборота необходимо создать, используя ярлык и установить преднастроенный VPN клиент для своей ОС, если этого по какой-то причине не произошло.
[RAG Beam 3]: Добрый день! Вам необходимо обратиться в Центр поддержки, используя ярлык на раб столе, запустить. После установки, запустить, используя ярлык на раб столе.
====================================================================================================
====================================================================================================
[Входной текст]: Категория: Автоматизированные информационные системы ТУСУРа
Тема: Не могу подтвердить посещаемость
Пользователь: В журнале посещаемости не могу подтвердить введенную старостой информацию. Группа: 112-М1, Дисциплина: Вычислительная линейная алгебра и электромагнитная совместимость(ВЛАиЭС), Дата 12.04.2023, 1 и 2 пары (лаб. работа).
Оператор: Здравствуйте! Сейчас ведется работа с системой Журнал посещаемости. Когда работа будет завершена, мы Вас оповестим.
Оператор: 
[Промт]: Категория: Автоматизированные информационные системы ТУСУРа
Тема: Не могу подтвердить посещаемость
Пользователь: В журнале посещаемости не могу подтвердить введенную старостой информацию. Группа: 112-М1, Дисциплина: Вычислительная линейная алгебра и электромагнитная совместимость(ВЛАиЭС), Дата 12.04.2023, 1 и 2 пары (лаб. работа).
Оператор: 
[Эталонный ответ]: Работы завершены, можете подтвердить посещаемость.
[Beam 1]: Автоматизированные информационные системы ТУСУРа, Дата 12.04.2023, 1 и 2 пары (лаб. работа) Оператор не могу подтвердить посещаемость Пользователь в журнале посещаемости не могу подтвердить введенную старостой информацию в журнале
[Beam 2]: Автоматизированные информационные системы ТУСУРа, Дата 12.04.2023, 1 и 2 пары (лаб. работа) Оператор не могу подтвердить введенную старостой информацию в журнале посещаемости не могу подтвердить введенную старостой информацию
[Beam 3]: Автоматизированные информационные системы ТУСУРа, Дата 12.04.2023, 1 и 2 пары (лаб. работа) Оператор не могу подтвердить введенную старостой информацию в журнале посещаемости не могу подтвердить введенную старостой информацию,
[Beam 4]: Автоматизированные информационные системы ТУСУРа, Дата 12.04.2023, 1 и 2 пары (лаб. работа) Оператор не могу подтвердить введенную старостой информацию в журнале посещаемости не могу подтвердить введенную старостой информацию в
[Beam 5]: Автоматизированные информационные системы ТУСУРа, Дата 12.04.2023, 1 и 2 пары (лаб. работа) Оператор не могу подтвердить посещаемость Пользователь в журнале посещаемости не могу подтвердить введенную старостой информацию для пользовател
****************************************************************************************************
[Первоначальное сообщение]:
В журнале посещаемости не могу подтвердить введенную старостой информацию. Группа: 112-М1, Дисциплина: Вычислительная линейная алгебра и электромагнитная совместимость(ВЛАиЭС), Дата 12.04.2023, 1 и 2 пары (лаб. работа).
[RAG Beam 1]: Здравствуйте! Данный день! Вам создана своей корпоративную почту в Центре набора.
[RAG Beam 2]: Здравствуйте! Скажите, пожалуйста, обратитесь, пожалуйста, в Центр сервиса технической поддержки информационных систем ТУСУРа, для решения Вашей проблемы.
[RAG Beam 3]: Здравствуйте! Для доступа к системе корпоративного права не является обязательным.
[RAG Beam 4]: Здравствуйте! Вам пришли письмо с инструкцией и данными для входа.
[RAG Beam 5]: Здравствуйте! После входа и дальнейшее посещаемость.
====================================================================================================
====================================================================================================
[Входной текст]: Категория: Веб-ресурсы ТУСУР
Тема: Личный кабинет
Пользователь: Здравствуйте, я перепоступал в этом году, но у в личном кабинете я все ещё нахожусь в старой группе.
Оператор: Здравствуйте. Приказ об отчислении с прошлой группы еще не прошел, поэтому в системе Вы всё ещё числитесь в старой группе
Пользователь: Здравствуйте, приказ об отчислении должен был пройти, можно ли теперь добавить меня в мою новую группу?
Оператор: 
[Промт]: Категория: Веб-ресурсы ТУСУР
Тема: Личный кабинет
Пользователь: Здравствуйте, я перепоступал в этом году, но у в личном кабинете я все ещё нахожусь в старой группе.
Оператор: 
[Эталонный ответ]: Здравствуйте! Вам необходимо подтвердить роль обучающегося [URL]. После чего авторизоваться на sdo.tusur.ru. После этого в течение часа появится доступ ко всем курсам.
[Beam 1]: Я перепоступал в этом году, но у в личном кабинете я все ещё нахожусь в старой группе. Оператор
[Beam 2]: Я перепоступал в личном кабинете, но у в личном кабинете я все ещё нахожусь в старой группе. Оператор
[Beam 3]: Я перепоступал в этом году, но у в личном кабинете я все ещё нахожусь в старой группе. Оператор и я все ещё нахожусь в старой группе. Оператор
[Beam 4]: Я перепоступал в этом году, но у в личном кабинете я все ещё нахожусь в старой группе. Оператор, я все ещё нахожусь в старой группе. Оператор
[Beam 5]: Я перепоступал в этом году, но у в личном кабинете я все ещё нахожусь в старой группе. Оператор и я все ещё нахожусь в старой группе.
****************************************************************************************************
[Первоначальное сообщение]:
Здравствуйте, я перепоступал в этом году, но у в личном кабинете я все ещё нахожусь в старой группе.
[RAG Beam 1]: Здравствуйте! Для доступа к сайту не сделать его на телефонном справочнике.
[RAG Beam 2]: Здравствуйте! Вам на почте должно прийти письмо с инструкцией и данными данными и данными для входа.
[RAG Beam 3]: Здравствуйте! Для решения Вашего вопроса обратитесь, пожалуйста, пожалуйста, к Луканеке, данного решения не является обязательным, пожалуйста, в организационный комитет конференции вы обратитесь к в системе сотрудника конференции и обратитесь.
[RAG Beam 4]: Добрый день! Обратитесь, пожалуйста, в личный кабинет не является обязательным, я не добавили, пожалуйста, для доступа к сайту Антиплагиата и в системе.
====================================================================================================
